<?xml version="1.0" encoding="UTF-8"?>
<!-- Generated by org.testng.reporters.JUnitXMLReporter -->
<testsuite hostname="GCHAND-DT" name="Default test" tests="12" failures="0" timestamp="21 Feb 2017 13:13:30 GMT" time="0.031" errors="0">
  <testcase name="@BeforeClass gcLogin" time="0.0" classname="shield.enus.com.nvidia.www.javatests.DRCheckOutTests">
    <failure type="org.testng.TestNGException" message="
Parameter &amp;apos;gcurl&amp;apos; is required by @Configuration on method gcLogin but has not been marked @Optional or defined
in C:\Users\gchand.NVIDIA.COM\AppData\Local\Temp\testng-eclipse-1371148510\testng-customsuite.xml">
      <![CDATA[org.testng.TestNGException: 
Parameter 'gcurl' is required by @Configuration on method gcLogin but has not been marked @Optional or defined
in C:\Users\gchand.NVIDIA.COM\AppData\Local\Temp\testng-eclipse-1371148510\testng-customsuite.xml
	at org.testng.internal.Parameters.createParameters(Parameters.java:155)
	at org.testng.internal.Parameters.createParameters(Parameters.java:355)
	at org.testng.internal.Parameters.createConfigurationParameters(Parameters.java:86)
	at org.testng.internal.Invoker.invokeConfigurations(Invoker.java:199)
	at org.testng.internal.Invoker.invokeConfigurations(Invoker.java:138)
	at org.testng.internal.TestMethodWorker.invokeBeforeClassMethods(TestMethodWorker.java:175)
	at org.testng.internal.TestMethodWorker.run(TestMethodWorker.java:107)
	at org.testng.TestRunner.privateRun(TestRunner.java:767)
	at org.testng.TestRunner.run(TestRunner.java:617)
	at org.testng.SuiteRunner.runTest(SuiteRunner.java:334)
	at org.testng.SuiteRunner.runSequentially(SuiteRunner.java:329)
	at org.testng.SuiteRunner.privateRun(SuiteRunner.java:291)
	at org.testng.SuiteRunner.run(SuiteRunner.java:240)
	at org.testng.SuiteRunnerWorker.runSuite(SuiteRunnerWorker.java:52)
	at org.testng.SuiteRunnerWorker.run(SuiteRunnerWorker.java:86)
	at org.testng.TestNG.runSuitesSequentially(TestNG.java:1198)
	at org.testng.TestNG.runSuitesLocally(TestNG.java:1123)
	at org.testng.TestNG.run(TestNG.java:1031)
	at org.testng.remote.AbstractRemoteTestNG.run(AbstractRemoteTestNG.java:126)
	at org.testng.remote.RemoteTestNG.initAndRun(RemoteTestNG.java:152)
	at org.testng.remote.RemoteTestNG.main(RemoteTestNG.java:57)
]]>
    </failure>
  </testcase> <!-- @BeforeClass gcLogin -->
  <testcase name="VerifyOrderNumber" time="0.0" classname="shield.enus.com.nvidia.www.javatests.DRCheckOutTests">
    <skipped/>
  </testcase> <!-- VerifyOrderNumber -->
  <testcase name="VerifyProduct" time="0.0" classname="shield.enus.com.nvidia.www.javatests.DRCheckOutTests">
    <skipped/>
  </testcase> <!-- VerifyProduct -->
  <testcase name="InitialProductCount" time="0.0" classname="shield.enus.com.nvidia.www.javatests.DRCheckOutTests">
    <skipped/>
  </testcase> <!-- InitialProductCount -->
  <testcase name="VerfyCandyRack" time="0.0" classname="shield.enus.com.nvidia.www.javatests.DRCheckOutTests">
    <skipped/>
  </testcase> <!-- VerfyCandyRack -->
  <testcase name="ValidLogin" time="0.0" classname="shield.enus.com.nvidia.www.javatests.DRCheckOutTests">
    <skipped/>
  </testcase> <!-- ValidLogin -->
  <testcase name="VerifyBillingAddress" time="0.0" classname="shield.enus.com.nvidia.www.javatests.DRCheckOutTests">
    <skipped/>
  </testcase> <!-- VerifyBillingAddress -->
  <testcase name="VerfyPaymentInfo" time="0.0" classname="shield.enus.com.nvidia.www.javatests.DRCheckOutTests">
    <skipped/>
  </testcase> <!-- VerfyPaymentInfo -->
  <testcase name="VerifynavigationfromCartandBillingpageToShippingInfopage" time="0.0" classname="shield.enus.com.nvidia.www.javatests.DRCheckOutTests">
    <skipped/>
  </testcase> <!-- VerifynavigationfromCartandBillingpageToShippingInfopage -->
  <testcase name="VerfyAddressPanleIsDisplayed" time="0.0" classname="shield.enus.com.nvidia.www.javatests.DRCheckOutTests">
    <skipped/>
  </testcase> <!-- VerfyAddressPanleIsDisplayed -->
  <testcase name="VerfyShoppingInfoPanelIsDisplayed" time="0.0" classname="shield.enus.com.nvidia.www.javatests.DRCheckOutTests">
    <skipped/>
  </testcase> <!-- VerfyShoppingInfoPanelIsDisplayed -->
  <testcase name="VerifyOrderpanel" time="0.0" classname="shield.enus.com.nvidia.www.javatests.DRCheckOutTests">
    <skipped/>
  </testcase> <!-- VerifyOrderpanel -->
  <testcase name="completeOrdre" time="0.0" classname="shield.enus.com.nvidia.www.javatests.DRCheckOutTests">
    <skipped/>
  </testcase> <!-- completeOrdre -->
</testsuite> <!-- Default test -->
