<?xml version="1.0" encoding="UTF-8"?>
<!-- Generated by org.testng.reporters.JUnitXMLReporter -->
<testsuite hostname="GCHAND-DT" name="  NVIDIA® SHIELD™ TV" tests="11" failures="1" timestamp="22 Feb 2017 10:47:23 GMT" time="94.887" errors="0">
  <testcase name="gcLogin" time="45.758" classname="shield.enus.com.nvidia.www.javatests.GCLoginTestCase"/>
  <testcase name="VerifyOrderNumber" time="0.017" classname="shield.enus.com.nvidia.www.javatests.DRCheckOutTests"/>
  <testcase name="VerifyProduct" time="0.066" classname="shield.enus.com.nvidia.www.javatests.DRCheckOutTests"/>
  <testcase name="InitialProductCount" time="0.015" classname="shield.enus.com.nvidia.www.javatests.DRCheckOutTests"/>
  <testcase name="VerfyCandyRack" time="0.025" classname="shield.enus.com.nvidia.www.javatests.DRCheckOutTests">
    <failure type="java.lang.AssertionError" message="expected [true] but found [false]">
      <![CDATA[java.lang.AssertionError: expected [true] but found [false]
	at shield.enus.com.nvidia.www.javatests.DRCheckOutTests.VerfyCandyRack(DRCheckOutTests.java:36)
... Removed 28 stack frames]]>
    </failure>
  </testcase> <!-- VerfyCandyRack -->
  <testcase name="ValidLogin" time="2.356" classname="shield.enus.com.nvidia.www.javatests.DRCheckOutTests"/>
  <testcase name="VerifyBillingAddress" time="7.844" classname="shield.enus.com.nvidia.www.javatests.DRCheckOutTests"/>
  <testcase name="VerfyPaymentInfo" time="2.114" classname="shield.enus.com.nvidia.www.javatests.DRCheckOutTests"/>
  <testcase name="VerifynavigationfromCartandBillingpageToShippingInfopage" time="5.127" classname="shield.enus.com.nvidia.www.javatests.DRCheckOutTests"/>
  <testcase name="VerfyShoppingInfoPanelIsDisplayed" time="8.841" classname="shield.enus.com.nvidia.www.javatests.DRCheckOutTests"/>
  <testcase name="VerifyOrderpanel" time="4.642" classname="shield.enus.com.nvidia.www.javatests.DRCheckOutTests"/>
</testsuite> <!--   NVIDIA® SHIELD™ TV -->
