<?xml version="1.0" encoding="UTF-8"?>
<!-- Generated by org.testng.reporters.JUnitXMLReporter -->
<testsuite hostname="GCHAND-DT" ignored="2" name="Shield Home Page, SHIELD  Tablet K1" tests="13" failures="11" timestamp="18 Apr 2017 12:54:01 GMT" time="34.335" errors="0">
  <testcase name="addProductToCart" time="2.159" classname="shield.enus.com.nvidia.www.javatests.AddToCartTestCases"/>
  <testcase name="verifyButtonText" time="0.016" classname="shield.enus.com.nvidia.www.javatests.AddToCartTestCases">
    <failure type="java.lang.AssertionError" message="expected [true] but found [false]">
      <![CDATA[java.lang.AssertionError: expected [true] but found [false]
	at shield.enus.com.nvidia.www.javatests.AddToCartTestCases.verifyButtonText(AddToCartTestCases.java:43)
... Removed 32 stack frames]]>
    </failure>
  </testcase> <!-- verifyButtonText -->
  <testcase name="verifyPrice" time="0.018" classname="shield.enus.com.nvidia.www.javatests.AddToCartTestCases"/>
  <testcase name="verifyCartOverLayPopup" time="1.12" classname="shield.enus.com.nvidia.www.javatests.AddToCartTestCases">
    <failure type="java.lang.AssertionError" message="expected [true] but found [false]">
      <![CDATA[java.lang.AssertionError: expected [true] but found [false]
	at shield.enus.com.nvidia.www.javatests.AddToCartTestCases.verifyCartOverLayPopup(AddToCartTestCases.java:61)
... Removed 32 stack frames]]>
    </failure>
  </testcase> <!-- verifyCartOverLayPopup -->
  <testcase name="verifyProductAddedToCart" time="0.006" classname="shield.enus.com.nvidia.www.javatests.AddToCartTestCases">
    <failure type="java.lang.AssertionError" message="expected [true] but found [false]">
      <![CDATA[java.lang.AssertionError: expected [true] but found [false]
	at shield.enus.com.nvidia.www.javatests.AddToCartTestCases.verifyProductAddedToCart(AddToCartTestCases.java:70)
... Removed 32 stack frames]]>
    </failure>
  </testcase> <!-- verifyProductAddedToCart -->
  <testcase name="verifyCartTotalAmout" time="1.061" classname="shield.enus.com.nvidia.www.javatests.AddToCartTestCases">
    <failure type="java.lang.AssertionError" message="expected [true] but found [false]">
      <![CDATA[java.lang.AssertionError: expected [true] but found [false]
	at shield.enus.com.nvidia.www.javatests.AddToCartTestCases.verifyCartTotalAmout(AddToCartTestCases.java:78)
... Removed 32 stack frames]]>
    </failure>
  </testcase> <!-- verifyCartTotalAmout -->
  <testcase name="verifyCartSubTotal" time="1.082" classname="shield.enus.com.nvidia.www.javatests.AddToCartTestCases">
    <failure type="java.lang.AssertionError" message="expected [true] but found [false]">
      <![CDATA[java.lang.AssertionError: expected [true] but found [false]
	at shield.enus.com.nvidia.www.javatests.AddToCartTestCases.verifyCartSubTotal(AddToCartTestCases.java:87)
... Removed 32 stack frames]]>
    </failure>
  </testcase> <!-- verifyCartSubTotal -->
  <testcase name="verifyCartCounterUpdate" time="0.014" classname="shield.enus.com.nvidia.www.javatests.AddToCartTestCases">
    <failure type="java.lang.AssertionError" message="expected [true] but found [false]">
      <![CDATA[java.lang.AssertionError: expected [true] but found [false]
	at shield.enus.com.nvidia.www.javatests.AddToCartTestCases.verifyCartCounterUpdate(AddToCartTestCases.java:94)
... Removed 32 stack frames]]>
    </failure>
  </testcase> <!-- verifyCartCounterUpdate -->
  <testcase name="verifyCartProductCountIncrease" time="6.239" classname="shield.enus.com.nvidia.www.javatests.AddToCartTestCases">
    <failure type="java.lang.AssertionError" message="expected [true] but found [false]">
      <![CDATA[java.lang.AssertionError: expected [true] but found [false]
	at shield.enus.com.nvidia.www.javatests.AddToCartTestCases.verifyCartProductCountIncrease(AddToCartTestCases.java:102)
... Removed 32 stack frames]]>
    </failure>
  </testcase> <!-- verifyCartProductCountIncrease -->
  <testcase name="verifyCartProductCountDeCrease" time="6.265" classname="shield.enus.com.nvidia.www.javatests.AddToCartTestCases">
    <failure type="java.lang.AssertionError" message="expected [true] but found [false]">
      <![CDATA[java.lang.AssertionError: expected [true] but found [false]
	at shield.enus.com.nvidia.www.javatests.AddToCartTestCases.verifyCartProductCountDeCrease(AddToCartTestCases.java:110)
... Removed 32 stack frames]]>
    </failure>
  </testcase> <!-- verifyCartProductCountDeCrease -->
  <testcase name="verifyRemoveProductFromCart" time="1.111" classname="shield.enus.com.nvidia.www.javatests.AddToCartTestCases">
    <failure type="java.lang.AssertionError" message="expected [true] but found [false]">
      <![CDATA[java.lang.AssertionError: expected [true] but found [false]
	at shield.enus.com.nvidia.www.javatests.AddToCartTestCases.verifyRemoveProductFromCart(AddToCartTestCases.java:119)
... Removed 32 stack frames]]>
    </failure>
  </testcase> <!-- verifyRemoveProductFromCart -->
  <testcase name="verifyCartEmptymessage" time="6.252" classname="shield.enus.com.nvidia.www.javatests.AddToCartTestCases">
    <failure type="java.lang.AssertionError" message="expected [true] but found [false]">
      <![CDATA[java.lang.AssertionError: expected [true] but found [false]
	at shield.enus.com.nvidia.www.javatests.AddToCartTestCases.verifyCartEmptymessage(AddToCartTestCases.java:127)
... Removed 32 stack frames]]>
    </failure>
  </testcase> <!-- verifyCartEmptymessage -->
  <testcase name="verifyCartClose" time="1.117" classname="shield.enus.com.nvidia.www.javatests.AddToCartTestCases">
    <failure type="java.lang.AssertionError" message="expected [true] but found [false]">
      <![CDATA[java.lang.AssertionError: expected [true] but found [false]
	at shield.enus.com.nvidia.www.javatests.AddToCartTestCases.verifyCartClose(AddToCartTestCases.java:135)
... Removed 32 stack frames]]>
    </failure>
  </testcase> <!-- verifyCartClose -->
  <testcase name="specificProductCheckout" time="0.0" classname="shield.enus.com.nvidia.www.javatests.AddToCartTestCases">
    <ignored/>
  </testcase> <!-- specificProductCheckout -->
  <testcase name="verifyCheckout" time="0.0" classname="shield.enus.com.nvidia.www.javatests.AddToCartTestCases">
    <ignored/>
  </testcase> <!-- verifyCheckout -->
</testsuite> <!-- Shield Home Page, SHIELD  Tablet K1 -->
