<?xml version="1.0" encoding="UTF-8"?>
<testng-results skipped="0" failed="25" total="146" passed="121">
  <reporter-output>
    <line>
      <![CDATA[browserInitialization successful]]>
    </line>
    <line>
      <![CDATA[shieldHomWebElementInitialization successful]]>
    </line>
    <line>
      <![CDATA[digitalriverWebElements successful]]>
    </line>
    <line>
      <![CDATA[gcDRWebElements successful]]>
    </line>
    <line>
      <![CDATA[info: Web element scrolling success [[FirefoxDriver: firefox on ANY (7af2f89c-053b-4d60-a2f5-8f0ebd6447fb)] -> xpath: .//div[starts-with(@class,'product-row__item js-product-item') and @data-digital-river-id='5088793800']/div[2]/a]]]>
    </line>
    <line>
      <![CDATA[Info: Button call to action works as expected]]>
    </line>
    <line>
      <![CDATA[productID: 5088793800 provided buttonText: IN DEN EINKAUFSWAGEN Actual Button Text: IN DEN EINKAUFSWAGEN]]>
    </line>
    <line>
      <![CDATA[productID: 5088793800 provided buttonText: €229.99 Actual Button Text: €229.99]]>
    </line>
    <line>
      <![CDATA[Info: Cart overLay pop-up shows after added the product]]>
    </line>
    <line>
      <![CDATA[Product is added to cart as expected ]]>
    </line>
    <line>
      <![CDATA[Cart totla amount shows as expected€ 229.99]]>
    </line>
    <line>
      <![CDATA[Cart Product total shows as expected ]]>
    </line>
    <line>
      <![CDATA[1]]>
    </line>
    <line>
      <![CDATA[NVIDIA® SHIELD™ TV
Entfernen]]>
    </line>
    <line>
      <![CDATA[€ 229.99]]>
    </line>
    <line>
      <![CDATA[Cart Counter has updated once added the product ]]>
    </line>
    <line>
      <![CDATA[product count is  increased as expected]]>
    </line>
    <line>
      <![CDATA[product count is  decreased as expected]]>
    </line>
    <line>
      <![CDATA[product has remvoed from cart]]>
    </line>
    <line>
      <![CDATA[Empty message is shows as expected ]]>
    </line>
    <line>
      <![CDATA[Empty message from Cart: Your cart is empty]]>
    </line>
    <line>
      <![CDATA[Remove functionalites works as expected ]]>
    </line>
    <line>
      <![CDATA[product has remvoed from cart]]>
    </line>
    <line>
      <![CDATA[Empty message is shows as expected ]]>
    </line>
    <line>
      <![CDATA[Empty message from Cart: Your cart is empty]]>
    </line>
    <line>
      <![CDATA[ Clicked the Cart pop-up ]]>
    </line>
    <line>
      <![CDATA[Cart pop-up is closed]]>
    </line>
    <line>
      <![CDATA[info: Web element scrolling success [[FirefoxDriver: firefox on ANY (7af2f89c-053b-4d60-a2f5-8f0ebd6447fb)] -> css selector: .cta-preorder-button.js-add-button.btn]]]>
    </line>
    <line>
      <![CDATA[info: Web element scrolling success [[FirefoxDriver: firefox on ANY (7af2f89c-053b-4d60-a2f5-8f0ebd6447fb)] -> css selector: .cta-preorder-button.js-add-button.btn]]]>
    </line>
    <line>
      <![CDATA[refer this screenshot:C:\Users\gchand.NVIDIA.COM\.jenkins\workspace\shield2.1\shieldJan10th-gopi.zip_expanded\SanityChecks\screenshots closeDRPreOrderPopup]]>
    </line>
    <line>
      <![CDATA[browserInitialization successful]]>
    </line>
    <line>
      <![CDATA[shieldHomWebElementInitialization successful]]>
    </line>
    <line>
      <![CDATA[digitalriverWebElements successful]]>
    </line>
    <line>
      <![CDATA[gcDRWebElements successful]]>
    </line>
    <line>
      <![CDATA[ webelement not foundIndex: 1, Size: 0]]>
    </line>
    <line>
      <![CDATA[info: Web element scrolling success [[FirefoxDriver: firefox on ANY (1e3920b5-2cf0-416e-8186-15dda91c3abd)] -> xpath: .//div[starts-with(@class,'product-row__item js-product-item') and @data-digital-river-id='5088794700']/div[2]/a]]]>
    </line>
    <line>
      <![CDATA[Info: Button call to action works as expected]]>
    </line>
    <line>
      <![CDATA[productID: 5088794700 provided buttonText: IN DEN EINKAUFSWAGEN Actual Button Text: IN DEN EINKAUFSWAGEN]]>
    </line>
    <line>
      <![CDATA[productID: 5088794700 provided buttonText: €329.99 Actual Button Text: €329.99]]>
    </line>
    <line>
      <![CDATA[Info: Cart overLay pop-up shows after added the product]]>
    </line>
    <line>
      <![CDATA[Product is added to cart as expected ]]>
    </line>
    <line>
      <![CDATA[Cart totla amount shows as expected€ 329.99]]>
    </line>
    <line>
      <![CDATA[Cart Product total shows as expected ]]>
    </line>
    <line>
      <![CDATA[1]]>
    </line>
    <line>
      <![CDATA[NVIDIA® SHIELD™ TV Pro
Entfernen]]>
    </line>
    <line>
      <![CDATA[€ 329.99]]>
    </line>
    <line>
      <![CDATA[Cart Counter has updated once added the product ]]>
    </line>
    <line>
      <![CDATA[product count is  increased as expected]]>
    </line>
    <line>
      <![CDATA[product count is  decreased as expected]]>
    </line>
    <line>
      <![CDATA[product has remvoed from cart]]>
    </line>
    <line>
      <![CDATA[Empty message is shows as expected ]]>
    </line>
    <line>
      <![CDATA[Empty message from Cart: Your cart is empty]]>
    </line>
    <line>
      <![CDATA[Remove functionalites works as expected ]]>
    </line>
    <line>
      <![CDATA[product has remvoed from cart]]>
    </line>
    <line>
      <![CDATA[Empty message is shows as expected ]]>
    </line>
    <line>
      <![CDATA[Empty message from Cart: Your cart is empty]]>
    </line>
    <line>
      <![CDATA[ Clicked the Cart pop-up ]]>
    </line>
    <line>
      <![CDATA[Cart pop-up is closed]]>
    </line>
    <line>
      <![CDATA[browserInitialization successful]]>
    </line>
    <line>
      <![CDATA[shieldHomWebElementInitialization successful]]>
    </line>
    <line>
      <![CDATA[digitalriverWebElements successful]]>
    </line>
    <line>
      <![CDATA[gcDRWebElements successful]]>
    </line>
    <line>
      <![CDATA[info: Web element scrolling success [[FirefoxDriver: firefox on ANY (059bcc3a-9058-4a57-abbe-d49631b1c532)] -> xpath: .//div[starts-with(@class,'product-row__item js-product-item') and @data-digital-river-id='327801100']/div[2]/a]]]>
    </line>
    <line>
      <![CDATA[Info: Button call to action works as expected]]>
    </line>
    <line>
      <![CDATA[productID: 327801100 provided buttonText: IN DEN EINKAUFSWAGEN Actual Button Text: NOTIFY ME]]>
    </line>
    <line>
      <![CDATA[productID: 327801100 provided buttonText: €199.99 Actual Button Text: €199.99]]>
    </line>
    <line>
      <![CDATA[Info: Cart overLay pop-up not showing Exception]]>
    </line>
    <line>
      <![CDATA[Error: refer this screenshot:C:\Users\gchand.NVIDIA.COM\.jenkins\workspace\shield2.1\shieldJan10th-gopi.zip_expanded\SanityChecks\screenshots CheckCartOverLayPopupAppears]]>
    </line>
    <line>
      <![CDATA[ SHIELD product is not added to cart after click the add to cart ]]>
    </line>
    <line>
      <![CDATA[Cart total  amount not shows, getting exception]]>
    </line>
    <line>
      <![CDATA[refer this screenshot:C:\Users\gchand.NVIDIA.COM\.jenkins\workspace\shield2.1\shieldJan10th-gopi.zip_expanded\SanityChecks\screenshots CheckTotalAmoutPresent]]>
    </line>
    <line>
      <![CDATA[Cart Product total exception ]]>
    </line>
    <line>
      <![CDATA[refer this screenshot:C:\Users\gchand.NVIDIA.COM\.jenkins\workspace\shield2.1\shieldJan10th-gopi.zip_expanded\SanityChecks\screenshots checkSubToalPresent]]>
    </line>
    <line>
      <![CDATA[product count exception]]>
    </line>
    <line>
      <![CDATA[refer this screenshot:C:\Users\gchand.NVIDIA.COM\.jenkins\workspace\shield2.1\shieldJan10th-gopi.zip_expanded\SanityChecks\screenshots checkProductCountIncreased]]>
    </line>
    <line>
      <![CDATA[product count exception]]>
    </line>
    <line>
      <![CDATA[Unable to locate element: .//li[@class='cart-item cart-item--327801100']/div[1]/a[1]
For documentation on this error, please visit: http://seleniumhq.org/exceptions/no_such_element.html
Build info: version: '3.0.1', revision: '1969d75', time: '2016-10-18 09:49:13 -0700'
System info: host: 'GCHAND-DT', ip: '10.24.35.10', os.name: 'Windows 10', os.arch: 'amd64', os.version: '10.0', java.version: '1.8.0_121'
Driver info: org.openqa.selenium.firefox.FirefoxDriver
Capabilities [{moz:profile=C:\Users\GCHAND~1.COM\AppData\Local\Temp\rust_mozprofile.QNet3cRN7LTZ, rotatable=false, timeouts={implicit=0, page load=300000, script=30000}, pageLoadStrategy=normal, platform=ANY, specificationLevel=0, moz:accessibilityChecks=false, acceptInsecureCerts=false, browserVersion=52.0.2, platformVersion=10.0, moz:processID=23628, browserName=firefox, platformName=windows_nt}]
Session ID: 059bcc3a-9058-4a57-abbe-d49631b1c532
*** Element info: {Using=xpath, value=.//li[@class='cart-item cart-item--327801100']/div[1]/a[1]}]]>
    </line>
    <line>
      <![CDATA[refer this screenshot:C:\Users\gchand.NVIDIA.COM\.jenkins\workspace\shield2.1\shieldJan10th-gopi.zip_expanded\SanityChecks\screenshots checkProductCountDecreased]]>
    </line>
    <line>
      <![CDATA[Remove functionalites not working exception]]>
    </line>
    <line>
      <![CDATA[refer this screenshot:C:\Users\gchand.NVIDIA.COM\.jenkins\workspace\shield2.1\shieldJan10th-gopi.zip_expanded\SanityChecks\screenshots removeProducts]]>
    </line>
    <line>
      <![CDATA[product has remvoed from cart]]>
    </line>
    <line>
      <![CDATA[Empty message is not showing, Exception ]]>
    </line>
    <line>
      <![CDATA[refer this screenshot:C:\Users\gchand.NVIDIA.COM\.jenkins\workspace\shield2.1\shieldJan10th-gopi.zip_expanded\SanityChecks\screenshots checkEmptyMessage]]>
    </line>
    <line>
      <![CDATA[ Cart pop-up clsoing issue]]>
    </line>
    <line>
      <![CDATA[refer this screenshot:C:\Users\gchand.NVIDIA.COM\.jenkins\workspace\shield2.1\shieldJan10th-gopi.zip_expanded\SanityChecks\screenshots CheckCartOverlayClose]]>
    </line>
    <line>
      <![CDATA[browserInitialization successful]]>
    </line>
    <line>
      <![CDATA[shieldHomWebElementInitialization successful]]>
    </line>
    <line>
      <![CDATA[digitalriverWebElements successful]]>
    </line>
    <line>
      <![CDATA[gcDRWebElements successful]]>
    </line>
    <line>
      <![CDATA[info: Web element scrolling success [[FirefoxDriver: firefox on ANY (7d1395a8-269e-40d4-8faf-fc1d8318ead7)] -> xpath: .//div[starts-with(@class,'product-row__item js-product-item') and @data-digital-river-id='5088793800']/div[2]/a]]]>
    </line>
    <line>
      <![CDATA[Info: Button call to action works as expected]]>
    </line>
    <line>
      <![CDATA[productID: 5088793800 provided buttonText: IN DEN EINKAUFSWAGEN Actual Button Text: IN DEN EINKAUFSWAGEN]]>
    </line>
    <line>
      <![CDATA[productID: 5088793800 provided buttonText: €229.99 Actual Button Text: €229.99]]>
    </line>
    <line>
      <![CDATA[Info: Cart overLay pop-up shows after added the product]]>
    </line>
    <line>
      <![CDATA[Product is added to cart as expected ]]>
    </line>
    <line>
      <![CDATA[Cart totla amount shows as expected€ 229.99]]>
    </line>
    <line>
      <![CDATA[Cart Product total shows as expected ]]>
    </line>
    <line>
      <![CDATA[1]]>
    </line>
    <line>
      <![CDATA[NVIDIA® SHIELD™ TV
Entfernen]]>
    </line>
    <line>
      <![CDATA[€ 229.99]]>
    </line>
    <line>
      <![CDATA[Cart Counter has updated once added the product ]]>
    </line>
    <line>
      <![CDATA[product count is  increased as expected]]>
    </line>
    <line>
      <![CDATA[product count is  decreased as expected]]>
    </line>
    <line>
      <![CDATA[product has remvoed from cart]]>
    </line>
    <line>
      <![CDATA[Empty message is shows as expected ]]>
    </line>
    <line>
      <![CDATA[Empty message from Cart: Your cart is empty]]>
    </line>
    <line>
      <![CDATA[Remove functionalites works as expected ]]>
    </line>
    <line>
      <![CDATA[product has remvoed from cart]]>
    </line>
    <line>
      <![CDATA[Empty message is shows as expected ]]>
    </line>
    <line>
      <![CDATA[Empty message from Cart: Your cart is empty]]>
    </line>
    <line>
      <![CDATA[ Clicked the Cart pop-up ]]>
    </line>
    <line>
      <![CDATA[Cart pop-up is closed]]>
    </line>
    <line>
      <![CDATA[info: Web element scrolling success [[FirefoxDriver: firefox on ANY (7d1395a8-269e-40d4-8faf-fc1d8318ead7)] -> css selector: .cta-preorder-button.js-add-button.btn]]]>
    </line>
    <line>
      <![CDATA[info: Web element scrolling success [[FirefoxDriver: firefox on ANY (7d1395a8-269e-40d4-8faf-fc1d8318ead7)] -> css selector: .cta-preorder-button.js-add-button.btn]]]>
    </line>
    <line>
      <![CDATA[info: Web element scrolling success [[FirefoxDriver: firefox on ANY (7d1395a8-269e-40d4-8faf-fc1d8318ead7)] -> css selector: .cta-preorder-button.js-add-button.btn]]]>
    </line>
    <line>
      <![CDATA[info: Web element scrolling success [[FirefoxDriver: firefox on ANY (7d1395a8-269e-40d4-8faf-fc1d8318ead7)] -> css selector: .cta-preorder-button.js-add-button.btn]]]>
    </line>
    <line>
      <![CDATA[info: Web element scrolling success [[FirefoxDriver: firefox on ANY (7d1395a8-269e-40d4-8faf-fc1d8318ead7)] -> css selector: .cta-preorder-button.js-add-button.btn]]]>
    </line>
    <line>
      <![CDATA[info: Web element scrolling success [[FirefoxDriver: firefox on ANY (7d1395a8-269e-40d4-8faf-fc1d8318ead7)] -> css selector: .cta-preorder-button.js-add-button.btn]]]>
    </line>
    <line>
      <![CDATA[info: Web element scrolling success [[FirefoxDriver: firefox on ANY (7d1395a8-269e-40d4-8faf-fc1d8318ead7)] -> css selector: .cta-preorder-button.js-add-button.btn]]]>
    </line>
    <line>
      <![CDATA[ClickAllProductButtons: Exception in CheckoutFlow, ignorable]]>
    </line>
    <line>
      <![CDATA[info: Web element scrolling success [[FirefoxDriver: firefox on ANY (7d1395a8-269e-40d4-8faf-fc1d8318ead7)] -> css selector: .cta-preorder-button.js-add-button.btn]]]>
    </line>
    <line>
      <![CDATA[ClickAllProductButtons: Exception in CheckoutFlow, ignorable]]>
    </line>
    <line>
      <![CDATA[info: Web element scrolling success [[FirefoxDriver: firefox on ANY (7d1395a8-269e-40d4-8faf-fc1d8318ead7)] -> css selector: .cta-preorder-button.js-add-button.btn]]]>
    </line>
    <line>
      <![CDATA[ClickAllProductButtons: Exception in CheckoutFlow, ignorable]]>
    </line>
    <line>
      <![CDATA[info: Web element scrolling success [[FirefoxDriver: firefox on ANY (7d1395a8-269e-40d4-8faf-fc1d8318ead7)] -> css selector: .cta-preorder-button.js-add-button.btn]]]>
    </line>
    <line>
      <![CDATA[ClickAllProductButtons: Exception in CheckoutFlow, ignorable]]>
    </line>
    <line>
      <![CDATA[refer this screenshot:C:\Users\gchand.NVIDIA.COM\.jenkins\workspace\shield2.1\shieldJan10th-gopi.zip_expanded\SanityChecks\screenshots closeDRPreOrderPopup]]>
    </line>
    <line>
      <![CDATA[browserInitialization successful]]>
    </line>
    <line>
      <![CDATA[shieldHomWebElementInitialization successful]]>
    </line>
    <line>
      <![CDATA[digitalriverWebElements successful]]>
    </line>
    <line>
      <![CDATA[gcDRWebElements successful]]>
    </line>
    <line>
      <![CDATA[info: Web element scrolling success [[FirefoxDriver: firefox on ANY (8c6e442e-bfae-48a8-800b-1a3816d1a45a)] -> xpath: .//li[contains(@data-tab, '-tab-2')]]]]>
    </line>
    <line>
      <![CDATA[info: Web element scrolling success [[FirefoxDriver: firefox on ANY (8c6e442e-bfae-48a8-800b-1a3816d1a45a)] -> xpath: .//div[starts-with(@class,'product-row__item js-product-item') and @data-digital-river-id='5088794700']/div[2]/a]]]>
    </line>
    <line>
      <![CDATA[Info: Button call to action works as expected]]>
    </line>
    <line>
      <![CDATA[productID: 5088794700 provided buttonText: IN DEN EINKAUFSWAGEN Actual Button Text: IN DEN EINKAUFSWAGEN]]>
    </line>
    <line>
      <![CDATA[productID: 5088794700 provided buttonText: €329.99 Actual Button Text: €329.99]]>
    </line>
    <line>
      <![CDATA[Info: Cart overLay pop-up shows after added the product]]>
    </line>
    <line>
      <![CDATA[Product is added to cart as expected ]]>
    </line>
    <line>
      <![CDATA[Cart totla amount shows as expected€ 329.99]]>
    </line>
    <line>
      <![CDATA[Cart Product total shows as expected ]]>
    </line>
    <line>
      <![CDATA[1]]>
    </line>
    <line>
      <![CDATA[NVIDIA® SHIELD™ TV Pro
Entfernen]]>
    </line>
    <line>
      <![CDATA[€ 329.99]]>
    </line>
    <line>
      <![CDATA[Cart Counter has updated once added the product ]]>
    </line>
    <line>
      <![CDATA[product count is  increased as expected]]>
    </line>
    <line>
      <![CDATA[product count is  decreased as expected]]>
    </line>
    <line>
      <![CDATA[product has remvoed from cart]]>
    </line>
    <line>
      <![CDATA[Empty message is shows as expected ]]>
    </line>
    <line>
      <![CDATA[Empty message from Cart: Your cart is empty]]>
    </line>
    <line>
      <![CDATA[Remove functionalites works as expected ]]>
    </line>
    <line>
      <![CDATA[product has remvoed from cart]]>
    </line>
    <line>
      <![CDATA[Empty message is shows as expected ]]>
    </line>
    <line>
      <![CDATA[Empty message from Cart: Your cart is empty]]>
    </line>
    <line>
      <![CDATA[ Clicked the Cart pop-up ]]>
    </line>
    <line>
      <![CDATA[Cart pop-up is closed]]>
    </line>
    <line>
      <![CDATA[browserInitialization successful]]>
    </line>
    <line>
      <![CDATA[shieldHomWebElementInitialization successful]]>
    </line>
    <line>
      <![CDATA[digitalriverWebElements successful]]>
    </line>
    <line>
      <![CDATA[gcDRWebElements successful]]>
    </line>
    <line>
      <![CDATA[info: Web element scrolling success [[FirefoxDriver: firefox on ANY (80c66749-2ec8-4353-aaf9-bc6199854e8d)] -> xpath: .//div[starts-with(@class,'product-row__item js-product-item') and @data-digital-river-id='5088902400']/div[2]/a]]]>
    </line>
    <line>
      <![CDATA[Info: Button call to action works as expected]]>
    </line>
    <line>
      <![CDATA[productID: 5088902400 provided buttonText: IN DEN EINKAUFSWAGEN Actual Button Text: IN DEN EINKAUFSWAGEN]]>
    </line>
    <line>
      <![CDATA[productID: 5088902400 provided buttonText: €69.99 Actual Button Text: €69.99]]>
    </line>
    <line>
      <![CDATA[Info: Cart overLay pop-up shows after added the product]]>
    </line>
    <line>
      <![CDATA[Product is added to cart as expected ]]>
    </line>
    <line>
      <![CDATA[Cart totla amount shows as expected€ 69.99]]>
    </line>
    <line>
      <![CDATA[Cart Product total shows as expected ]]>
    </line>
    <line>
      <![CDATA[1]]>
    </line>
    <line>
      <![CDATA[NVIDIA® SHIELD™ Controller
Entfernen]]>
    </line>
    <line>
      <![CDATA[€ 69.99]]>
    </line>
    <line>
      <![CDATA[Cart Counter has updated once added the product ]]>
    </line>
    <line>
      <![CDATA[product count is  increased as expected]]>
    </line>
    <line>
      <![CDATA[product count is  decreased as expected]]>
    </line>
    <line>
      <![CDATA[product has remvoed from cart]]>
    </line>
    <line>
      <![CDATA[Empty message is shows as expected ]]>
    </line>
    <line>
      <![CDATA[Empty message from Cart: Your cart is empty]]>
    </line>
    <line>
      <![CDATA[Remove functionalites works as expected ]]>
    </line>
    <line>
      <![CDATA[product has remvoed from cart]]>
    </line>
    <line>
      <![CDATA[Empty message is shows as expected ]]>
    </line>
    <line>
      <![CDATA[Empty message from Cart: Your cart is empty]]>
    </line>
    <line>
      <![CDATA[ Clicked the Cart pop-up ]]>
    </line>
    <line>
      <![CDATA[Cart pop-up is closed]]>
    </line>
    <line>
      <![CDATA[browserInitialization successful]]>
    </line>
    <line>
      <![CDATA[shieldHomWebElementInitialization successful]]>
    </line>
    <line>
      <![CDATA[digitalriverWebElements successful]]>
    </line>
    <line>
      <![CDATA[gcDRWebElements successful]]>
    </line>
    <line>
      <![CDATA[info: Web element scrolling success [[FirefoxDriver: firefox on ANY (c8a26537-6808-4548-977c-28793babba7e)] -> xpath: .//div[starts-with(@class,'product-row__item js-product-item') and @data-digital-river-id='5088903600']/div[2]/a]]]>
    </line>
    <line>
      <![CDATA[Info: Button call to action works as expected]]>
    </line>
    <line>
      <![CDATA[productID: 5088903600 provided buttonText: IN DEN EINKAUFSWAGEN Actual Button Text: IN DEN EINKAUFSWAGEN]]>
    </line>
    <line>
      <![CDATA[productID: 5088903600 provided buttonText: €24.99 Actual Button Text: €24.99]]>
    </line>
    <line>
      <![CDATA[Info: Cart overLay pop-up shows after added the product]]>
    </line>
    <line>
      <![CDATA[Product is added to cart as expected ]]>
    </line>
    <line>
      <![CDATA[Cart totla amount shows as expected€ 24.99]]>
    </line>
    <line>
      <![CDATA[Cart Product total shows as expected ]]>
    </line>
    <line>
      <![CDATA[1]]>
    </line>
    <line>
      <![CDATA[NVIDIA® SHIELD™ TV Stand
Entfernen]]>
    </line>
    <line>
      <![CDATA[€ 24.99]]>
    </line>
    <line>
      <![CDATA[Cart Counter has updated once added the product ]]>
    </line>
    <line>
      <![CDATA[product count is  increased as expected]]>
    </line>
    <line>
      <![CDATA[product count is  decreased as expected]]>
    </line>
    <line>
      <![CDATA[product has remvoed from cart]]>
    </line>
    <line>
      <![CDATA[Empty message is shows as expected ]]>
    </line>
    <line>
      <![CDATA[Empty message from Cart: Your cart is empty]]>
    </line>
    <line>
      <![CDATA[Remove functionalites works as expected ]]>
    </line>
    <line>
      <![CDATA[product has remvoed from cart]]>
    </line>
    <line>
      <![CDATA[Empty message is shows as expected ]]>
    </line>
    <line>
      <![CDATA[Empty message from Cart: Your cart is empty]]>
    </line>
    <line>
      <![CDATA[ Clicked the Cart pop-up ]]>
    </line>
    <line>
      <![CDATA[Cart pop-up is closed]]>
    </line>
    <line>
      <![CDATA[browserInitialization successful]]>
    </line>
    <line>
      <![CDATA[shieldHomWebElementInitialization successful]]>
    </line>
    <line>
      <![CDATA[digitalriverWebElements successful]]>
    </line>
    <line>
      <![CDATA[gcDRWebElements successful]]>
    </line>
    <line>
      <![CDATA[info: Web element scrolling success [[FirefoxDriver: firefox on ANY (5a059630-084c-49b6-b324-793f7e5dcef2)] -> xpath: .//div[starts-with(@class,'product-row__item js-product-item') and @data-digital-river-id='5088904500']/div[2]/a]]]>
    </line>
    <line>
      <![CDATA[Info: Button call to action works as expected]]>
    </line>
    <line>
      <![CDATA[productID: 5088904500 provided buttonText: IN DEN EINKAUFSWAGEN Actual Button Text: IN DEN EINKAUFSWAGEN]]>
    </line>
    <line>
      <![CDATA[productID: 5088904500 provided buttonText: €59.99 Actual Button Text: €59.99]]>
    </line>
    <line>
      <![CDATA[Info: Cart overLay pop-up shows after added the product]]>
    </line>
    <line>
      <![CDATA[Product is added to cart as expected ]]>
    </line>
    <line>
      <![CDATA[Cart totla amount shows as expected€ 59.99]]>
    </line>
    <line>
      <![CDATA[Cart Product total shows as expected ]]>
    </line>
    <line>
      <![CDATA[1]]>
    </line>
    <line>
      <![CDATA[NVIDIA® SHIELD™ Remote
Entfernen]]>
    </line>
    <line>
      <![CDATA[€ 59.99]]>
    </line>
    <line>
      <![CDATA[Cart Counter has updated once added the product ]]>
    </line>
    <line>
      <![CDATA[product count is  increased as expected]]>
    </line>
    <line>
      <![CDATA[product count is  decreased as expected]]>
    </line>
    <line>
      <![CDATA[product has remvoed from cart]]>
    </line>
    <line>
      <![CDATA[Empty message is shows as expected ]]>
    </line>
    <line>
      <![CDATA[Empty message from Cart: Your cart is empty]]>
    </line>
    <line>
      <![CDATA[Remove functionalites works as expected ]]>
    </line>
    <line>
      <![CDATA[product has remvoed from cart]]>
    </line>
    <line>
      <![CDATA[Empty message is shows as expected ]]>
    </line>
    <line>
      <![CDATA[Empty message from Cart: Your cart is empty]]>
    </line>
    <line>
      <![CDATA[ Clicked the Cart pop-up ]]>
    </line>
    <line>
      <![CDATA[Cart pop-up is closed]]>
    </line>
    <line>
      <![CDATA[browserInitialization successful]]>
    </line>
    <line>
      <![CDATA[shieldHomWebElementInitialization successful]]>
    </line>
    <line>
      <![CDATA[digitalriverWebElements successful]]>
    </line>
    <line>
      <![CDATA[gcDRWebElements successful]]>
    </line>
    <line>
      <![CDATA[info: Web element scrolling success [[FirefoxDriver: firefox on ANY (bf33810c-3ce8-49fd-88eb-2b05830dffbf)] -> xpath: .//li[contains(@data-tab, '-tab-2')]]]]>
    </line>
    <line>
      <![CDATA[info: Web element scrolling success [[FirefoxDriver: firefox on ANY (bf33810c-3ce8-49fd-88eb-2b05830dffbf)] -> xpath: .//div[starts-with(@class,'product-row__item js-product-item') and @data-digital-river-id='5088905400']/div[2]/a]]]>
    </line>
    <line>
      <![CDATA[Info: Button call to action works as expected]]>
    </line>
    <line>
      <![CDATA[productID: 5088905400 provided buttonText: AIN DEN EINKAUFSWAGEN Actual Button Text: IN DEN EINKAUFSWAGEN]]>
    </line>
    <line>
      <![CDATA[productID: 5088905400 provided buttonText: €34.99 Actual Button Text: €34.99]]>
    </line>
    <line>
      <![CDATA[Info: Cart overLay pop-up shows after added the product]]>
    </line>
    <line>
      <![CDATA[Product is added to cart as expected ]]>
    </line>
    <line>
      <![CDATA[Cart totla amount shows as expected€ 34.99]]>
    </line>
    <line>
      <![CDATA[Cart Product total shows as expected ]]>
    </line>
    <line>
      <![CDATA[1]]>
    </line>
    <line>
      <![CDATA[NVIDIA® SHIELD™ TV Pro Stand
Entfernen]]>
    </line>
    <line>
      <![CDATA[€ 34.99]]>
    </line>
    <line>
      <![CDATA[Cart Counter has updated once added the product ]]>
    </line>
    <line>
      <![CDATA[product count is  increased as expected]]>
    </line>
    <line>
      <![CDATA[product count is  decreased as expected]]>
    </line>
    <line>
      <![CDATA[product has remvoed from cart]]>
    </line>
    <line>
      <![CDATA[Empty message is shows as expected ]]>
    </line>
    <line>
      <![CDATA[Empty message from Cart: Your cart is empty]]>
    </line>
    <line>
      <![CDATA[Remove functionalites works as expected ]]>
    </line>
    <line>
      <![CDATA[product has remvoed from cart]]>
    </line>
    <line>
      <![CDATA[Empty message is shows as expected ]]>
    </line>
    <line>
      <![CDATA[Empty message from Cart: Your cart is empty]]>
    </line>
    <line>
      <![CDATA[ Clicked the Cart pop-up ]]>
    </line>
    <line>
      <![CDATA[Cart pop-up is closed]]>
    </line>
    <line>
      <![CDATA[browserInitialization successful]]>
    </line>
    <line>
      <![CDATA[shieldHomWebElementInitialization successful]]>
    </line>
    <line>
      <![CDATA[digitalriverWebElements successful]]>
    </line>
    <line>
      <![CDATA[gcDRWebElements successful]]>
    </line>
    <line>
      <![CDATA[info: Web element scrolling success [[FirefoxDriver: firefox on ANY (42077902-50a5-4063-b53d-d75372da8fa8)] -> xpath: .//div[starts-with(@class,'product-row__item js-product-item') and @data-digital-river-id='5088793800']/div[2]/a]]]>
    </line>
    <line>
      <![CDATA[Info: Button call to action works as expected]]>
    </line>
    <line>
      <![CDATA[productID: 5088793800 provided buttonText: IN DEN EINKAUFSWAGEN Actual Button Text: IN DEN EINKAUFSWAGEN]]>
    </line>
    <line>
      <![CDATA[productID: 5088793800 provided buttonText: €229.99 Actual Button Text: €229.99]]>
    </line>
    <line>
      <![CDATA[Info: Cart overLay pop-up shows after added the product]]>
    </line>
    <line>
      <![CDATA[Product is added to cart as expected ]]>
    </line>
    <line>
      <![CDATA[Cart totla amount shows as expected€ 229.99]]>
    </line>
    <line>
      <![CDATA[Cart Product total shows as expected ]]>
    </line>
    <line>
      <![CDATA[1]]>
    </line>
    <line>
      <![CDATA[NVIDIA® SHIELD™ TV
Entfernen]]>
    </line>
    <line>
      <![CDATA[€ 229.99]]>
    </line>
    <line>
      <![CDATA[Cart Counter has updated once added the product ]]>
    </line>
    <line>
      <![CDATA[product count is  increased as expected]]>
    </line>
    <line>
      <![CDATA[product count is  decreased as expected]]>
    </line>
    <line>
      <![CDATA[product has remvoed from cart]]>
    </line>
    <line>
      <![CDATA[Empty message is shows as expected ]]>
    </line>
    <line>
      <![CDATA[Empty message from Cart: Your cart is empty]]>
    </line>
    <line>
      <![CDATA[Remove functionalites works as expected ]]>
    </line>
    <line>
      <![CDATA[product has remvoed from cart]]>
    </line>
    <line>
      <![CDATA[Empty message is shows as expected ]]>
    </line>
    <line>
      <![CDATA[Empty message from Cart: Your cart is empty]]>
    </line>
    <line>
      <![CDATA[ Clicked the Cart pop-up ]]>
    </line>
    <line>
      <![CDATA[Cart pop-up is closed]]>
    </line>
    <line>
      <![CDATA[info: Web element scrolling success [[FirefoxDriver: firefox on ANY (42077902-50a5-4063-b53d-d75372da8fa8)] -> css selector: .cta-preorder-button.js-add-button.btn]]]>
    </line>
    <line>
      <![CDATA[info: Web element scrolling success [[FirefoxDriver: firefox on ANY (42077902-50a5-4063-b53d-d75372da8fa8)] -> css selector: .cta-preorder-button.js-add-button.btn]]]>
    </line>
    <line>
      <![CDATA[ClickAllProductButtons: Exception in CheckoutFlow, ignorable]]>
    </line>
    <line>
      <![CDATA[refer this screenshot:C:\Users\gchand.NVIDIA.COM\.jenkins\workspace\shield2.1\shieldJan10th-gopi.zip_expanded\SanityChecks\screenshots closeDRPreOrderPopup]]>
    </line>
    <line>
      <![CDATA[browserInitialization exception]]>
    </line>
    <line>
      <![CDATA[shieldHomWebElementInitialization successful]]>
    </line>
    <line>
      <![CDATA[digitalriverWebElements successful]]>
    </line>
    <line>
      <![CDATA[gcDRWebElements successful]]>
    </line>
    <line>
      <![CDATA[ webelement not foundSession ID is null. Using WebDriver after calling quit()?
Build info: version: '3.0.1', revision: '1969d75', time: '2016-10-18 09:49:13 -0700'
System info: host: 'GCHAND-DT', ip: '10.24.35.10', os.name: 'Windows 10', os.arch: 'amd64', os.version: '10.0', java.version: '1.8.0_121'
Driver info: driver.version: RemoteWebDriver]]>
    </line>
    <line>
      <![CDATA[Error: Button call to action is not working]]>
    </line>
    <line>
      <![CDATA[Error: refer this screenshot:C:\Users\gchand.NVIDIA.COM\.jenkins\workspace\shield2.1\shieldJan10th-gopi.zip_expanded\SanityChecks\screenshots addPrductToCrt]]>
    </line>
    <line>
      <![CDATA[Exception in CheckButtonText productID: 5088794700 provided buttonText: IN DEN EINKAUFSWAGEN Actual Button Text: ]]>
    </line>
    <line>
      <![CDATA[Error: refer this screenshot:C:\Users\gchand.NVIDIA.COM\.jenkins\workspace\shield2.1\shieldJan10th-gopi.zip_expanded\SanityChecks\screenshots CheckButtonText]]>
    </line>
    <line>
      <![CDATA[Info: webelement: null]]>
    </line>
    <line>
      <![CDATA[Info: webelement Exception : org.openqa.selenium.NoSuchSessionException: Session ID is null. Using WebDriver after calling quit()?
Build info: version: '3.0.1', revision: '1969d75', time: '2016-10-18 09:49:13 -0700'
System info: host: 'GCHAND-DT', ip: '10.24.35.10', os.name: 'Windows 10', os.arch: 'amd64', os.version: '10.0', java.version: '1.8.0_121'
Driver info: driver.version: RemoteWebDriver]]>
    </line>
    <line>
      <![CDATA[Error: Exception in CheckButtonText productID: 5088794700 provided buttonText: €329.99  Actual Button Text: ]]>
    </line>
    <line>
      <![CDATA[Error: refer this screenshot:C:\Users\gchand.NVIDIA.COM\.jenkins\workspace\shield2.1\shieldJan10th-gopi.zip_expanded\SanityChecks\screenshots CheckCurrencyValue]]>
    </line>
    <line>
      <![CDATA[Info: Cart overLay pop-up not showing Exception]]>
    </line>
    <line>
      <![CDATA[Error: refer this screenshot:C:\Users\gchand.NVIDIA.COM\.jenkins\workspace\shield2.1\shieldJan10th-gopi.zip_expanded\SanityChecks\screenshots CheckCartOverLayPopupAppears]]>
    </line>
    <line>
      <![CDATA[ SHIELD product is not added to cart after click the add to cart ]]>
    </line>
    <line>
      <![CDATA[Cart total  amount not shows, getting exception]]>
    </line>
    <line>
      <![CDATA[refer this screenshot:C:\Users\gchand.NVIDIA.COM\.jenkins\workspace\shield2.1\shieldJan10th-gopi.zip_expanded\SanityChecks\screenshots CheckTotalAmoutPresent]]>
    </line>
    <line>
      <![CDATA[Cart Product total exception ]]>
    </line>
    <line>
      <![CDATA[refer this screenshot:C:\Users\gchand.NVIDIA.COM\.jenkins\workspace\shield2.1\shieldJan10th-gopi.zip_expanded\SanityChecks\screenshots checkSubToalPresent]]>
    </line>
    <line>
      <![CDATA[Cart Counter has updated once added the product ]]>
    </line>
    <line>
      <![CDATA[refer this screenshot:C:\Users\gchand.NVIDIA.COM\.jenkins\workspace\shield2.1\shieldJan10th-gopi.zip_expanded\SanityChecks\screenshots checkCartCounterUpdate]]>
    </line>
    <line>
      <![CDATA[product count exception]]>
    </line>
    <line>
      <![CDATA[refer this screenshot:C:\Users\gchand.NVIDIA.COM\.jenkins\workspace\shield2.1\shieldJan10th-gopi.zip_expanded\SanityChecks\screenshots checkProductCountIncreased]]>
    </line>
    <line>
      <![CDATA[product count exception]]>
    </line>
    <line>
      <![CDATA[Session ID is null. Using WebDriver after calling quit()?
Build info: version: '3.0.1', revision: '1969d75', time: '2016-10-18 09:49:13 -0700'
System info: host: 'GCHAND-DT', ip: '10.24.35.10', os.name: 'Windows 10', os.arch: 'amd64', os.version: '10.0', java.version: '1.8.0_121'
Driver info: driver.version: RemoteWebDriver]]>
    </line>
    <line>
      <![CDATA[refer this screenshot:C:\Users\gchand.NVIDIA.COM\.jenkins\workspace\shield2.1\shieldJan10th-gopi.zip_expanded\SanityChecks\screenshots checkProductCountDecreased]]>
    </line>
    <line>
      <![CDATA[Remove functionalites not working exception]]>
    </line>
    <line>
      <![CDATA[refer this screenshot:C:\Users\gchand.NVIDIA.COM\.jenkins\workspace\shield2.1\shieldJan10th-gopi.zip_expanded\SanityChecks\screenshots removeProducts]]>
    </line>
    <line>
      <![CDATA[product has remvoed from cart]]>
    </line>
    <line>
      <![CDATA[Empty message is not showing, Exception ]]>
    </line>
    <line>
      <![CDATA[refer this screenshot:C:\Users\gchand.NVIDIA.COM\.jenkins\workspace\shield2.1\shieldJan10th-gopi.zip_expanded\SanityChecks\screenshots checkEmptyMessage]]>
    </line>
    <line>
      <![CDATA[ Cart pop-up clsoing issue]]>
    </line>
    <line>
      <![CDATA[refer this screenshot:C:\Users\gchand.NVIDIA.COM\.jenkins\workspace\shield2.1\shieldJan10th-gopi.zip_expanded\SanityChecks\screenshots CheckCartOverlayClose]]>
    </line>
  </reporter-output>
  <suite name="SHILED Add to cart flows validation in DE locale" duration-ms="500615" started-at="2017-04-07T11:19:36Z" finished-at="2017-04-07T11:27:57Z">
    <groups>
    </groups>
    <test name="Shield Home Page, SHIELD product" duration-ms="82125" started-at="2017-04-07T11:19:36Z" finished-at="2017-04-07T11:20:59Z">
      <class name="shield.enus.com.nvidia.www.javatests.AddToCartTestCases">
        <test-method status="PASS" signature="addProductToCart(java.lang.String)[pri:0, instance:shield.enus.com.nvidia.www.javatests.AddToCartTestCases@6d7b4f4c]" name="addProductToCart" duration-ms="2127" started-at="2017-04-07T16:49:44Z" finished-at="2017-04-07T16:49:46Z">
          <params>
            <param index="0">
              <value>
                <![CDATA[5088793800]]>
              </value>
            </param>
          </params>
          <reporter-output>
            <line>
              <![CDATA[info: Web element scrolling success [[FirefoxDriver: firefox on ANY (7af2f89c-053b-4d60-a2f5-8f0ebd6447fb)] -> xpath: .//div[starts-with(@class,'product-row__item js-product-item') and @data-digital-river-id='5088793800']/div[2]/a]]]>
            </line>
            <line>
              <![CDATA[Info: Button call to action works as expected]]>
            </line>
          </reporter-output>
        </test-method> <!-- addProductToCart -->
        <test-method status="PASS" signature="verifyButtonText(java.lang.String, java.lang.String)[pri:0, instance:shield.enus.com.nvidia.www.javatests.AddToCartTestCases@6d7b4f4c]" name="verifyButtonText" duration-ms="19" started-at="2017-04-07T16:49:46Z" finished-at="2017-04-07T16:49:46Z">
          <params>
            <param index="0">
              <value>
                <![CDATA[5088793800]]>
              </value>
            </param>
            <param index="1">
              <value>
                <![CDATA[IN DEN EINKAUFSWAGEN]]>
              </value>
            </param>
          </params>
          <reporter-output>
            <line>
              <![CDATA[productID: 5088793800 provided buttonText: IN DEN EINKAUFSWAGEN Actual Button Text: IN DEN EINKAUFSWAGEN]]>
            </line>
          </reporter-output>
        </test-method> <!-- verifyButtonText -->
        <test-method status="PASS" signature="verifyPrice(java.lang.String, java.lang.String)[pri:0, instance:shield.enus.com.nvidia.www.javatests.AddToCartTestCases@6d7b4f4c]" name="verifyPrice" duration-ms="17" started-at="2017-04-07T16:49:46Z" finished-at="2017-04-07T16:49:46Z">
          <params>
            <param index="0">
              <value>
                <![CDATA[5088793800]]>
              </value>
            </param>
            <param index="1">
              <value>
                <![CDATA[€229.99]]>
              </value>
            </param>
          </params>
          <reporter-output>
            <line>
              <![CDATA[productID: 5088793800 provided buttonText: €229.99 Actual Button Text: €229.99]]>
            </line>
          </reporter-output>
        </test-method> <!-- verifyPrice -->
        <test-method status="PASS" signature="verifyCartOverLayPopup(java.lang.String)[pri:0, instance:shield.enus.com.nvidia.www.javatests.AddToCartTestCases@6d7b4f4c]" name="verifyCartOverLayPopup" duration-ms="46" started-at="2017-04-07T16:49:46Z" finished-at="2017-04-07T16:49:46Z">
          <params>
            <param index="0">
              <value>
                <![CDATA[5088793800]]>
              </value>
            </param>
          </params>
          <reporter-output>
            <line>
              <![CDATA[Info: Cart overLay pop-up shows after added the product]]>
            </line>
          </reporter-output>
        </test-method> <!-- verifyCartOverLayPopup -->
        <test-method status="PASS" signature="verifyProductAddedToCart(java.lang.String)[pri:0, instance:shield.enus.com.nvidia.www.javatests.AddToCartTestCases@6d7b4f4c]" name="verifyProductAddedToCart" duration-ms="30" started-at="2017-04-07T16:49:46Z" finished-at="2017-04-07T16:49:46Z">
          <params>
            <param index="0">
              <value>
                <![CDATA[5088793800]]>
              </value>
            </param>
          </params>
          <reporter-output>
            <line>
              <![CDATA[Product is added to cart as expected ]]>
            </line>
          </reporter-output>
        </test-method> <!-- verifyProductAddedToCart -->
        <test-method status="PASS" signature="verifyCartTotalAmout()[pri:0, instance:shield.enus.com.nvidia.www.javatests.AddToCartTestCases@6d7b4f4c]" name="verifyCartTotalAmout" duration-ms="39" started-at="2017-04-07T16:49:46Z" finished-at="2017-04-07T16:49:46Z">
          <reporter-output>
            <line>
              <![CDATA[Cart totla amount shows as expected€ 229.99]]>
            </line>
          </reporter-output>
        </test-method> <!-- verifyCartTotalAmout -->
        <test-method status="PASS" signature="verifyCartSubTotal(java.lang.String)[pri:0, instance:shield.enus.com.nvidia.www.javatests.AddToCartTestCases@6d7b4f4c]" name="verifyCartSubTotal" duration-ms="72" started-at="2017-04-07T16:49:46Z" finished-at="2017-04-07T16:49:46Z">
          <params>
            <param index="0">
              <value>
                <![CDATA[5088793800]]>
              </value>
            </param>
          </params>
          <reporter-output>
            <line>
              <![CDATA[Cart Product total shows as expected ]]>
            </line>
            <line>
              <![CDATA[1]]>
            </line>
            <line>
              <![CDATA[NVIDIA® SHIELD™ TV
Entfernen]]>
            </line>
            <line>
              <![CDATA[€ 229.99]]>
            </line>
          </reporter-output>
        </test-method> <!-- verifyCartSubTotal -->
        <test-method status="PASS" signature="verifyCartCounterUpdate()[pri:0, instance:shield.enus.com.nvidia.www.javatests.AddToCartTestCases@6d7b4f4c]" name="verifyCartCounterUpdate" duration-ms="28" started-at="2017-04-07T16:49:46Z" finished-at="2017-04-07T16:49:46Z">
          <reporter-output>
            <line>
              <![CDATA[Cart Counter has updated once added the product ]]>
            </line>
          </reporter-output>
        </test-method> <!-- verifyCartCounterUpdate -->
        <test-method status="PASS" signature="verifyCartProductCountIncrease(java.lang.String)[pri:0, instance:shield.enus.com.nvidia.www.javatests.AddToCartTestCases@6d7b4f4c]" name="verifyCartProductCountIncrease" duration-ms="5124" started-at="2017-04-07T16:49:46Z" finished-at="2017-04-07T16:49:51Z">
          <params>
            <param index="0">
              <value>
                <![CDATA[5088793800]]>
              </value>
            </param>
          </params>
          <reporter-output>
            <line>
              <![CDATA[product count is  increased as expected]]>
            </line>
          </reporter-output>
        </test-method> <!-- verifyCartProductCountIncrease -->
        <test-method status="PASS" signature="verifyCartProductCountDeCrease(java.lang.String)[pri:0, instance:shield.enus.com.nvidia.www.javatests.AddToCartTestCases@6d7b4f4c]" name="verifyCartProductCountDeCrease" duration-ms="5047" started-at="2017-04-07T16:49:51Z" finished-at="2017-04-07T16:49:56Z">
          <params>
            <param index="0">
              <value>
                <![CDATA[5088793800]]>
              </value>
            </param>
          </params>
          <reporter-output>
            <line>
              <![CDATA[product count is  decreased as expected]]>
            </line>
          </reporter-output>
        </test-method> <!-- verifyCartProductCountDeCrease -->
        <test-method status="PASS" signature="verifyRemoveProductFromCart(java.lang.String)[pri:0, instance:shield.enus.com.nvidia.www.javatests.AddToCartTestCases@6d7b4f4c]" name="verifyRemoveProductFromCart" duration-ms="5090" started-at="2017-04-07T16:49:56Z" finished-at="2017-04-07T16:50:02Z">
          <params>
            <param index="0">
              <value>
                <![CDATA[5088793800]]>
              </value>
            </param>
          </params>
          <reporter-output>
            <line>
              <![CDATA[product has remvoed from cart]]>
            </line>
            <line>
              <![CDATA[Empty message is shows as expected ]]>
            </line>
            <line>
              <![CDATA[Empty message from Cart: Your cart is empty]]>
            </line>
            <line>
              <![CDATA[Remove functionalites works as expected ]]>
            </line>
          </reporter-output>
        </test-method> <!-- verifyRemoveProductFromCart -->
        <test-method status="PASS" signature="verifyCartEmptymessage(java.lang.String)[pri:0, instance:shield.enus.com.nvidia.www.javatests.AddToCartTestCases@6d7b4f4c]" name="verifyCartEmptymessage" duration-ms="5058" started-at="2017-04-07T16:50:02Z" finished-at="2017-04-07T16:50:07Z">
          <params>
            <param index="0">
              <value>
                <![CDATA[5088793800]]>
              </value>
            </param>
          </params>
          <reporter-output>
            <line>
              <![CDATA[product has remvoed from cart]]>
            </line>
            <line>
              <![CDATA[Empty message is shows as expected ]]>
            </line>
            <line>
              <![CDATA[Empty message from Cart: Your cart is empty]]>
            </line>
          </reporter-output>
        </test-method> <!-- verifyCartEmptymessage -->
        <test-method status="PASS" signature="verifyCartClose()[pri:0, instance:shield.enus.com.nvidia.www.javatests.AddToCartTestCases@6d7b4f4c]" name="verifyCartClose" duration-ms="43" started-at="2017-04-07T16:50:07Z" finished-at="2017-04-07T16:50:07Z">
          <reporter-output>
            <line>
              <![CDATA[ Clicked the Cart pop-up ]]>
            </line>
            <line>
              <![CDATA[Cart pop-up is closed]]>
            </line>
          </reporter-output>
        </test-method> <!-- verifyCartClose -->
        <test-method status="PASS" signature="verifyCheckout(java.lang.String, java.lang.String)[pri:0, instance:shield.enus.com.nvidia.www.javatests.AddToCartTestCases@6d7b4f4c]" name="verifyCheckout" duration-ms="50515" started-at="2017-04-07T16:50:07Z" finished-at="2017-04-07T16:50:57Z">
          <params>
            <param index="0">
              <value>
                <![CDATA[C:\\temp\\]]>
              </value>
            </param>
            <param index="1">
              <value>
                <![CDATA[de_shieldHome-checkout]]>
              </value>
            </param>
          </params>
          <reporter-output>
            <line>
              <![CDATA[info: Web element scrolling success [[FirefoxDriver: firefox on ANY (7af2f89c-053b-4d60-a2f5-8f0ebd6447fb)] -> css selector: .cta-preorder-button.js-add-button.btn]]]>
            </line>
            <line>
              <![CDATA[info: Web element scrolling success [[FirefoxDriver: firefox on ANY (7af2f89c-053b-4d60-a2f5-8f0ebd6447fb)] -> css selector: .cta-preorder-button.js-add-button.btn]]]>
            </line>
            <line>
              <![CDATA[refer this screenshot:C:\Users\gchand.NVIDIA.COM\.jenkins\workspace\shield2.1\shieldJan10th-gopi.zip_expanded\SanityChecks\screenshots closeDRPreOrderPopup]]>
            </line>
          </reporter-output>
        </test-method> <!-- verifyCheckout -->
      </class> <!-- shield.enus.com.nvidia.www.javatests.AddToCartTestCases -->
      <class name="shield.enus.com.nvidia.www.javatests.StartBrowser">
        <test-method status="PASS" signature="browserInitiation(java.lang.String, java.lang.String)[pri:0, instance:shield.enus.com.nvidia.www.javatests.StartBrowser@eec5a4a]" name="browserInitiation" is-config="true" duration-ms="7442" started-at="2017-04-07T16:49:36Z" finished-at="2017-04-07T16:49:44Z">
          <params>
            <param index="0">
              <value>
                <![CDATA[firefox]]>
              </value>
            </param>
            <param index="1">
              <value>
                <![CDATA[https://www.nvidia.de/shield/]]>
              </value>
            </param>
          </params>
          <reporter-output>
            <line>
              <![CDATA[browserInitialization successful]]>
            </line>
            <line>
              <![CDATA[shieldHomWebElementInitialization successful]]>
            </line>
            <line>
              <![CDATA[digitalriverWebElements successful]]>
            </line>
            <line>
              <![CDATA[gcDRWebElements successful]]>
            </line>
          </reporter-output>
        </test-method> <!-- browserInitiation -->
      </class> <!-- shield.enus.com.nvidia.www.javatests.StartBrowser -->
      <class name="shield.enus.com.nvidia.www.javatests.CloseBrowser">
        <test-method status="PASS" signature="closeBrowser()[pri:0, instance:shield.enus.com.nvidia.www.javatests.CloseBrowser@210366b4]" name="closeBrowser" is-config="true" duration-ms="1410" started-at="2017-04-07T16:50:57Z" finished-at="2017-04-07T16:50:59Z">
          <reporter-output>
          </reporter-output>
        </test-method> <!-- closeBrowser -->
      </class> <!-- shield.enus.com.nvidia.www.javatests.CloseBrowser -->
    </test> <!-- Shield Home Page, SHIELD product -->
    <test name="Shield Home Page, SHIELD  pro product" duration-ms="30638" started-at="2017-04-07T11:20:59Z" finished-at="2017-04-07T11:21:29Z">
      <class name="shield.enus.com.nvidia.www.javatests.AddToCartTestCases">
        <test-method status="PASS" signature="addProductToCart(java.lang.String)[pri:0, instance:shield.enus.com.nvidia.www.javatests.AddToCartTestCases@23e028a9]" name="addProductToCart" duration-ms="2174" started-at="2017-04-07T16:51:05Z" finished-at="2017-04-07T16:51:08Z">
          <params>
            <param index="0">
              <value>
                <![CDATA[5088794700]]>
              </value>
            </param>
          </params>
          <reporter-output>
            <line>
              <![CDATA[ webelement not foundIndex: 1, Size: 0]]>
            </line>
            <line>
              <![CDATA[info: Web element scrolling success [[FirefoxDriver: firefox on ANY (1e3920b5-2cf0-416e-8186-15dda91c3abd)] -> xpath: .//div[starts-with(@class,'product-row__item js-product-item') and @data-digital-river-id='5088794700']/div[2]/a]]]>
            </line>
            <line>
              <![CDATA[Info: Button call to action works as expected]]>
            </line>
          </reporter-output>
        </test-method> <!-- addProductToCart -->
        <test-method status="PASS" signature="verifyButtonText(java.lang.String, java.lang.String)[pri:0, instance:shield.enus.com.nvidia.www.javatests.AddToCartTestCases@23e028a9]" name="verifyButtonText" duration-ms="22" started-at="2017-04-07T16:51:08Z" finished-at="2017-04-07T16:51:08Z">
          <params>
            <param index="0">
              <value>
                <![CDATA[5088794700]]>
              </value>
            </param>
            <param index="1">
              <value>
                <![CDATA[IN DEN EINKAUFSWAGEN]]>
              </value>
            </param>
          </params>
          <reporter-output>
            <line>
              <![CDATA[productID: 5088794700 provided buttonText: IN DEN EINKAUFSWAGEN Actual Button Text: IN DEN EINKAUFSWAGEN]]>
            </line>
          </reporter-output>
        </test-method> <!-- verifyButtonText -->
        <test-method status="PASS" signature="verifyPrice(java.lang.String, java.lang.String)[pri:0, instance:shield.enus.com.nvidia.www.javatests.AddToCartTestCases@23e028a9]" name="verifyPrice" duration-ms="15" started-at="2017-04-07T16:51:08Z" finished-at="2017-04-07T16:51:08Z">
          <params>
            <param index="0">
              <value>
                <![CDATA[5088794700]]>
              </value>
            </param>
            <param index="1">
              <value>
                <![CDATA[€329.99]]>
              </value>
            </param>
          </params>
          <reporter-output>
            <line>
              <![CDATA[productID: 5088794700 provided buttonText: €329.99 Actual Button Text: €329.99]]>
            </line>
          </reporter-output>
        </test-method> <!-- verifyPrice -->
        <test-method status="PASS" signature="verifyCartOverLayPopup(java.lang.String)[pri:0, instance:shield.enus.com.nvidia.www.javatests.AddToCartTestCases@23e028a9]" name="verifyCartOverLayPopup" duration-ms="25" started-at="2017-04-07T16:51:08Z" finished-at="2017-04-07T16:51:08Z">
          <params>
            <param index="0">
              <value>
                <![CDATA[5088794700]]>
              </value>
            </param>
          </params>
          <reporter-output>
            <line>
              <![CDATA[Info: Cart overLay pop-up shows after added the product]]>
            </line>
          </reporter-output>
        </test-method> <!-- verifyCartOverLayPopup -->
        <test-method status="PASS" signature="verifyProductAddedToCart(java.lang.String)[pri:0, instance:shield.enus.com.nvidia.www.javatests.AddToCartTestCases@23e028a9]" name="verifyProductAddedToCart" duration-ms="33" started-at="2017-04-07T16:51:08Z" finished-at="2017-04-07T16:51:08Z">
          <params>
            <param index="0">
              <value>
                <![CDATA[5088794700]]>
              </value>
            </param>
          </params>
          <reporter-output>
            <line>
              <![CDATA[Product is added to cart as expected ]]>
            </line>
          </reporter-output>
        </test-method> <!-- verifyProductAddedToCart -->
        <test-method status="PASS" signature="verifyCartTotalAmout()[pri:0, instance:shield.enus.com.nvidia.www.javatests.AddToCartTestCases@23e028a9]" name="verifyCartTotalAmout" duration-ms="21" started-at="2017-04-07T16:51:08Z" finished-at="2017-04-07T16:51:08Z">
          <reporter-output>
            <line>
              <![CDATA[Cart totla amount shows as expected€ 329.99]]>
            </line>
          </reporter-output>
        </test-method> <!-- verifyCartTotalAmout -->
        <test-method status="PASS" signature="verifyCartSubTotal(java.lang.String)[pri:0, instance:shield.enus.com.nvidia.www.javatests.AddToCartTestCases@23e028a9]" name="verifyCartSubTotal" duration-ms="38" started-at="2017-04-07T16:51:08Z" finished-at="2017-04-07T16:51:08Z">
          <params>
            <param index="0">
              <value>
                <![CDATA[5088794700]]>
              </value>
            </param>
          </params>
          <reporter-output>
            <line>
              <![CDATA[Cart Product total shows as expected ]]>
            </line>
            <line>
              <![CDATA[1]]>
            </line>
            <line>
              <![CDATA[NVIDIA® SHIELD™ TV Pro
Entfernen]]>
            </line>
            <line>
              <![CDATA[€ 329.99]]>
            </line>
          </reporter-output>
        </test-method> <!-- verifyCartSubTotal -->
        <test-method status="PASS" signature="verifyCartCounterUpdate()[pri:0, instance:shield.enus.com.nvidia.www.javatests.AddToCartTestCases@23e028a9]" name="verifyCartCounterUpdate" duration-ms="26" started-at="2017-04-07T16:51:08Z" finished-at="2017-04-07T16:51:08Z">
          <reporter-output>
            <line>
              <![CDATA[Cart Counter has updated once added the product ]]>
            </line>
          </reporter-output>
        </test-method> <!-- verifyCartCounterUpdate -->
        <test-method status="PASS" signature="verifyCartProductCountIncrease(java.lang.String)[pri:0, instance:shield.enus.com.nvidia.www.javatests.AddToCartTestCases@23e028a9]" name="verifyCartProductCountIncrease" duration-ms="5114" started-at="2017-04-07T16:51:08Z" finished-at="2017-04-07T16:51:13Z">
          <params>
            <param index="0">
              <value>
                <![CDATA[5088794700]]>
              </value>
            </param>
          </params>
          <reporter-output>
            <line>
              <![CDATA[product count is  increased as expected]]>
            </line>
          </reporter-output>
        </test-method> <!-- verifyCartProductCountIncrease -->
        <test-method status="PASS" signature="verifyCartProductCountDeCrease(java.lang.String)[pri:0, instance:shield.enus.com.nvidia.www.javatests.AddToCartTestCases@23e028a9]" name="verifyCartProductCountDeCrease" duration-ms="5060" started-at="2017-04-07T16:51:13Z" finished-at="2017-04-07T16:51:18Z">
          <params>
            <param index="0">
              <value>
                <![CDATA[5088794700]]>
              </value>
            </param>
          </params>
          <reporter-output>
            <line>
              <![CDATA[product count is  decreased as expected]]>
            </line>
          </reporter-output>
        </test-method> <!-- verifyCartProductCountDeCrease -->
        <test-method status="PASS" signature="verifyRemoveProductFromCart(java.lang.String)[pri:0, instance:shield.enus.com.nvidia.www.javatests.AddToCartTestCases@23e028a9]" name="verifyRemoveProductFromCart" duration-ms="5062" started-at="2017-04-07T16:51:18Z" finished-at="2017-04-07T16:51:23Z">
          <params>
            <param index="0">
              <value>
                <![CDATA[5088794700]]>
              </value>
            </param>
          </params>
          <reporter-output>
            <line>
              <![CDATA[product has remvoed from cart]]>
            </line>
            <line>
              <![CDATA[Empty message is shows as expected ]]>
            </line>
            <line>
              <![CDATA[Empty message from Cart: Your cart is empty]]>
            </line>
            <line>
              <![CDATA[Remove functionalites works as expected ]]>
            </line>
          </reporter-output>
        </test-method> <!-- verifyRemoveProductFromCart -->
        <test-method status="PASS" signature="verifyCartEmptymessage(java.lang.String)[pri:0, instance:shield.enus.com.nvidia.www.javatests.AddToCartTestCases@23e028a9]" name="verifyCartEmptymessage" duration-ms="5027" started-at="2017-04-07T16:51:23Z" finished-at="2017-04-07T16:51:28Z">
          <params>
            <param index="0">
              <value>
                <![CDATA[5088794700]]>
              </value>
            </param>
          </params>
          <reporter-output>
            <line>
              <![CDATA[product has remvoed from cart]]>
            </line>
            <line>
              <![CDATA[Empty message is shows as expected ]]>
            </line>
            <line>
              <![CDATA[Empty message from Cart: Your cart is empty]]>
            </line>
          </reporter-output>
        </test-method> <!-- verifyCartEmptymessage -->
        <test-method status="PASS" signature="verifyCartClose()[pri:0, instance:shield.enus.com.nvidia.www.javatests.AddToCartTestCases@23e028a9]" name="verifyCartClose" duration-ms="33" started-at="2017-04-07T16:51:28Z" finished-at="2017-04-07T16:51:28Z">
          <reporter-output>
            <line>
              <![CDATA[ Clicked the Cart pop-up ]]>
            </line>
            <line>
              <![CDATA[Cart pop-up is closed]]>
            </line>
          </reporter-output>
        </test-method> <!-- verifyCartClose -->
      </class> <!-- shield.enus.com.nvidia.www.javatests.AddToCartTestCases -->
      <class name="shield.enus.com.nvidia.www.javatests.StartBrowser">
        <test-method status="PASS" signature="browserInitiation(java.lang.String, java.lang.String)[pri:0, instance:shield.enus.com.nvidia.www.javatests.StartBrowser@5ae63ade]" name="browserInitiation" is-config="true" duration-ms="6702" started-at="2017-04-07T16:50:59Z" finished-at="2017-04-07T16:51:05Z">
          <params>
            <param index="0">
              <value>
                <![CDATA[firefox]]>
              </value>
            </param>
            <param index="1">
              <value>
                <![CDATA[https://www.nvidia.de/shield/]]>
              </value>
            </param>
          </params>
          <reporter-output>
            <line>
              <![CDATA[browserInitialization successful]]>
            </line>
            <line>
              <![CDATA[shieldHomWebElementInitialization successful]]>
            </line>
            <line>
              <![CDATA[digitalriverWebElements successful]]>
            </line>
            <line>
              <![CDATA[gcDRWebElements successful]]>
            </line>
          </reporter-output>
        </test-method> <!-- browserInitiation -->
      </class> <!-- shield.enus.com.nvidia.www.javatests.StartBrowser -->
      <class name="shield.enus.com.nvidia.www.javatests.CloseBrowser">
        <test-method status="PASS" signature="closeBrowser()[pri:0, instance:shield.enus.com.nvidia.www.javatests.CloseBrowser@3dd4520b]" name="closeBrowser" is-config="true" duration-ms="1280" started-at="2017-04-07T16:51:28Z" finished-at="2017-04-07T16:51:29Z">
          <reporter-output>
          </reporter-output>
        </test-method> <!-- closeBrowser -->
      </class> <!-- shield.enus.com.nvidia.www.javatests.CloseBrowser -->
    </test> <!-- Shield Home Page, SHIELD  pro product -->
    <test name="Shield Home Page, SHIELD  Tablet K1" duration-ms="34127" started-at="2017-04-07T11:21:29Z" finished-at="2017-04-07T11:22:03Z">
      <class name="shield.enus.com.nvidia.www.javatests.AddToCartTestCases">
        <test-method status="PASS" signature="addProductToCart(java.lang.String)[pri:0, instance:shield.enus.com.nvidia.www.javatests.AddToCartTestCases@2758fe70]" name="addProductToCart" duration-ms="2121" started-at="2017-04-07T16:51:36Z" finished-at="2017-04-07T16:51:38Z">
          <params>
            <param index="0">
              <value>
                <![CDATA[327801100]]>
              </value>
            </param>
          </params>
          <reporter-output>
            <line>
              <![CDATA[info: Web element scrolling success [[FirefoxDriver: firefox on ANY (059bcc3a-9058-4a57-abbe-d49631b1c532)] -> xpath: .//div[starts-with(@class,'product-row__item js-product-item') and @data-digital-river-id='327801100']/div[2]/a]]]>
            </line>
            <line>
              <![CDATA[Info: Button call to action works as expected]]>
            </line>
          </reporter-output>
        </test-method> <!-- addProductToCart -->
        <test-method status="FAIL" signature="verifyButtonText(java.lang.String, java.lang.String)[pri:0, instance:shield.enus.com.nvidia.www.javatests.AddToCartTestCases@2758fe70]" name="verifyButtonText" duration-ms="21" started-at="2017-04-07T16:51:38Z" finished-at="2017-04-07T16:51:38Z">
          <params>
            <param index="0">
              <value>
                <![CDATA[327801100]]>
              </value>
            </param>
            <param index="1">
              <value>
                <![CDATA[IN DEN EINKAUFSWAGEN]]>
              </value>
            </param>
          </params>
          <exception class="java.lang.AssertionError">
            <message>
              <![CDATA[expected [true] but found [false]]]>
            </message>
            <full-stacktrace>
              <![CDATA[java.lang.AssertionError: expected [true] but found [false]
	at org.testng.Assert.fail(Assert.java:94)
	at org.testng.Assert.failNotEquals(Assert.java:494)
	at org.testng.Assert.assertTrue(Assert.java:42)
	at org.testng.Assert.assertTrue(Assert.java:52)
	at shield.enus.com.nvidia.www.javatests.AddToCartTestCases.verifyButtonText(AddToCartTestCases.java:34)
	at sun.reflect.NativeMethodAccessorImpl.invoke0(Native Method)
	at sun.reflect.NativeMethodAccessorImpl.invoke(NativeMethodAccessorImpl.java:62)
	at sun.reflect.DelegatingMethodAccessorImpl.invoke(DelegatingMethodAccessorImpl.java:43)
	at java.lang.reflect.Method.invoke(Method.java:498)
	at org.testng.internal.MethodInvocationHelper.invokeMethod(MethodInvocationHelper.java:80)
	at org.testng.internal.Invoker.invokeMethod(Invoker.java:714)
	at org.testng.internal.Invoker.invokeTestMethod(Invoker.java:901)
	at org.testng.internal.Invoker.invokeTestMethods(Invoker.java:1231)
	at org.testng.internal.TestMethodWorker.invokeTestMethods(TestMethodWorker.java:127)
	at org.testng.internal.TestMethodWorker.run(TestMethodWorker.java:111)
	at org.testng.TestRunner.privateRun(TestRunner.java:767)
	at org.testng.TestRunner.run(TestRunner.java:617)
	at org.testng.SuiteRunner.runTest(SuiteRunner.java:334)
	at org.testng.SuiteRunner.runSequentially(SuiteRunner.java:329)
	at org.testng.SuiteRunner.privateRun(SuiteRunner.java:291)
	at org.testng.SuiteRunner.run(SuiteRunner.java:240)
	at org.testng.SuiteRunnerWorker.runSuite(SuiteRunnerWorker.java:52)
	at org.testng.SuiteRunnerWorker.run(SuiteRunnerWorker.java:86)
	at org.testng.TestNG.runSuitesSequentially(TestNG.java:1198)
	at org.testng.TestNG.runSuitesLocally(TestNG.java:1123)
	at org.testng.TestNG.run(TestNG.java:1031)
	at org.testng.remote.AbstractRemoteTestNG.run(AbstractRemoteTestNG.java:126)
	at org.testng.remote.RemoteTestNG.initAndRun(RemoteTestNG.java:152)
	at org.testng.remote.RemoteTestNG.main(RemoteTestNG.java:57)
]]>
            </full-stacktrace>
          </exception> <!-- java.lang.AssertionError -->
          <reporter-output>
            <line>
              <![CDATA[productID: 327801100 provided buttonText: IN DEN EINKAUFSWAGEN Actual Button Text: NOTIFY ME]]>
            </line>
          </reporter-output>
        </test-method> <!-- verifyButtonText -->
        <test-method status="PASS" signature="verifyPrice(java.lang.String, java.lang.String)[pri:0, instance:shield.enus.com.nvidia.www.javatests.AddToCartTestCases@2758fe70]" name="verifyPrice" duration-ms="19" started-at="2017-04-07T16:51:38Z" finished-at="2017-04-07T16:51:38Z">
          <params>
            <param index="0">
              <value>
                <![CDATA[327801100]]>
              </value>
            </param>
            <param index="1">
              <value>
                <![CDATA[€199.99]]>
              </value>
            </param>
          </params>
          <reporter-output>
            <line>
              <![CDATA[productID: 327801100 provided buttonText: €199.99 Actual Button Text: €199.99]]>
            </line>
          </reporter-output>
        </test-method> <!-- verifyPrice -->
        <test-method status="FAIL" signature="verifyCartOverLayPopup(java.lang.String)[pri:0, instance:shield.enus.com.nvidia.www.javatests.AddToCartTestCases@2758fe70]" name="verifyCartOverLayPopup" duration-ms="1140" started-at="2017-04-07T16:51:38Z" finished-at="2017-04-07T16:51:39Z">
          <params>
            <param index="0">
              <value>
                <![CDATA[327801100]]>
              </value>
            </param>
          </params>
          <exception class="java.lang.AssertionError">
            <message>
              <![CDATA[expected [true] but found [false]]]>
            </message>
            <full-stacktrace>
              <![CDATA[java.lang.AssertionError: expected [true] but found [false]
	at org.testng.Assert.fail(Assert.java:94)
	at org.testng.Assert.failNotEquals(Assert.java:494)
	at org.testng.Assert.assertTrue(Assert.java:42)
	at org.testng.Assert.assertTrue(Assert.java:52)
	at shield.enus.com.nvidia.www.javatests.AddToCartTestCases.verifyCartOverLayPopup(AddToCartTestCases.java:52)
	at sun.reflect.NativeMethodAccessorImpl.invoke0(Native Method)
	at sun.reflect.NativeMethodAccessorImpl.invoke(NativeMethodAccessorImpl.java:62)
	at sun.reflect.DelegatingMethodAccessorImpl.invoke(DelegatingMethodAccessorImpl.java:43)
	at java.lang.reflect.Method.invoke(Method.java:498)
	at org.testng.internal.MethodInvocationHelper.invokeMethod(MethodInvocationHelper.java:80)
	at org.testng.internal.Invoker.invokeMethod(Invoker.java:714)
	at org.testng.internal.Invoker.invokeTestMethod(Invoker.java:901)
	at org.testng.internal.Invoker.invokeTestMethods(Invoker.java:1231)
	at org.testng.internal.TestMethodWorker.invokeTestMethods(TestMethodWorker.java:127)
	at org.testng.internal.TestMethodWorker.run(TestMethodWorker.java:111)
	at org.testng.TestRunner.privateRun(TestRunner.java:767)
	at org.testng.TestRunner.run(TestRunner.java:617)
	at org.testng.SuiteRunner.runTest(SuiteRunner.java:334)
	at org.testng.SuiteRunner.runSequentially(SuiteRunner.java:329)
	at org.testng.SuiteRunner.privateRun(SuiteRunner.java:291)
	at org.testng.SuiteRunner.run(SuiteRunner.java:240)
	at org.testng.SuiteRunnerWorker.runSuite(SuiteRunnerWorker.java:52)
	at org.testng.SuiteRunnerWorker.run(SuiteRunnerWorker.java:86)
	at org.testng.TestNG.runSuitesSequentially(TestNG.java:1198)
	at org.testng.TestNG.runSuitesLocally(TestNG.java:1123)
	at org.testng.TestNG.run(TestNG.java:1031)
	at org.testng.remote.AbstractRemoteTestNG.run(AbstractRemoteTestNG.java:126)
	at org.testng.remote.RemoteTestNG.initAndRun(RemoteTestNG.java:152)
	at org.testng.remote.RemoteTestNG.main(RemoteTestNG.java:57)
]]>
            </full-stacktrace>
          </exception> <!-- java.lang.AssertionError -->
          <reporter-output>
            <line>
              <![CDATA[Info: Cart overLay pop-up not showing Exception]]>
            </line>
            <line>
              <![CDATA[Error: refer this screenshot:C:\Users\gchand.NVIDIA.COM\.jenkins\workspace\shield2.1\shieldJan10th-gopi.zip_expanded\SanityChecks\screenshots CheckCartOverLayPopupAppears]]>
            </line>
          </reporter-output>
        </test-method> <!-- verifyCartOverLayPopup -->
        <test-method status="FAIL" signature="verifyProductAddedToCart(java.lang.String)[pri:0, instance:shield.enus.com.nvidia.www.javatests.AddToCartTestCases@2758fe70]" name="verifyProductAddedToCart" duration-ms="5" started-at="2017-04-07T16:51:39Z" finished-at="2017-04-07T16:51:39Z">
          <params>
            <param index="0">
              <value>
                <![CDATA[327801100]]>
              </value>
            </param>
          </params>
          <exception class="java.lang.AssertionError">
            <message>
              <![CDATA[expected [true] but found [false]]]>
            </message>
            <full-stacktrace>
              <![CDATA[java.lang.AssertionError: expected [true] but found [false]
	at org.testng.Assert.fail(Assert.java:94)
	at org.testng.Assert.failNotEquals(Assert.java:494)
	at org.testng.Assert.assertTrue(Assert.java:42)
	at org.testng.Assert.assertTrue(Assert.java:52)
	at shield.enus.com.nvidia.www.javatests.AddToCartTestCases.verifyProductAddedToCart(AddToCartTestCases.java:61)
	at sun.reflect.NativeMethodAccessorImpl.invoke0(Native Method)
	at sun.reflect.NativeMethodAccessorImpl.invoke(NativeMethodAccessorImpl.java:62)
	at sun.reflect.DelegatingMethodAccessorImpl.invoke(DelegatingMethodAccessorImpl.java:43)
	at java.lang.reflect.Method.invoke(Method.java:498)
	at org.testng.internal.MethodInvocationHelper.invokeMethod(MethodInvocationHelper.java:80)
	at org.testng.internal.Invoker.invokeMethod(Invoker.java:714)
	at org.testng.internal.Invoker.invokeTestMethod(Invoker.java:901)
	at org.testng.internal.Invoker.invokeTestMethods(Invoker.java:1231)
	at org.testng.internal.TestMethodWorker.invokeTestMethods(TestMethodWorker.java:127)
	at org.testng.internal.TestMethodWorker.run(TestMethodWorker.java:111)
	at org.testng.TestRunner.privateRun(TestRunner.java:767)
	at org.testng.TestRunner.run(TestRunner.java:617)
	at org.testng.SuiteRunner.runTest(SuiteRunner.java:334)
	at org.testng.SuiteRunner.runSequentially(SuiteRunner.java:329)
	at org.testng.SuiteRunner.privateRun(SuiteRunner.java:291)
	at org.testng.SuiteRunner.run(SuiteRunner.java:240)
	at org.testng.SuiteRunnerWorker.runSuite(SuiteRunnerWorker.java:52)
	at org.testng.SuiteRunnerWorker.run(SuiteRunnerWorker.java:86)
	at org.testng.TestNG.runSuitesSequentially(TestNG.java:1198)
	at org.testng.TestNG.runSuitesLocally(TestNG.java:1123)
	at org.testng.TestNG.run(TestNG.java:1031)
	at org.testng.remote.AbstractRemoteTestNG.run(AbstractRemoteTestNG.java:126)
	at org.testng.remote.RemoteTestNG.initAndRun(RemoteTestNG.java:152)
	at org.testng.remote.RemoteTestNG.main(RemoteTestNG.java:57)
]]>
            </full-stacktrace>
          </exception> <!-- java.lang.AssertionError -->
          <reporter-output>
            <line>
              <![CDATA[ SHIELD product is not added to cart after click the add to cart ]]>
            </line>
          </reporter-output>
        </test-method> <!-- verifyProductAddedToCart -->
        <test-method status="FAIL" signature="verifyCartTotalAmout()[pri:0, instance:shield.enus.com.nvidia.www.javatests.AddToCartTestCases@2758fe70]" name="verifyCartTotalAmout" duration-ms="1050" started-at="2017-04-07T16:51:39Z" finished-at="2017-04-07T16:51:40Z">
          <exception class="java.lang.AssertionError">
            <message>
              <![CDATA[expected [true] but found [false]]]>
            </message>
            <full-stacktrace>
              <![CDATA[java.lang.AssertionError: expected [true] but found [false]
	at org.testng.Assert.fail(Assert.java:94)
	at org.testng.Assert.failNotEquals(Assert.java:494)
	at org.testng.Assert.assertTrue(Assert.java:42)
	at org.testng.Assert.assertTrue(Assert.java:52)
	at shield.enus.com.nvidia.www.javatests.AddToCartTestCases.verifyCartTotalAmout(AddToCartTestCases.java:69)
	at sun.reflect.NativeMethodAccessorImpl.invoke0(Native Method)
	at sun.reflect.NativeMethodAccessorImpl.invoke(NativeMethodAccessorImpl.java:62)
	at sun.reflect.DelegatingMethodAccessorImpl.invoke(DelegatingMethodAccessorImpl.java:43)
	at java.lang.reflect.Method.invoke(Method.java:498)
	at org.testng.internal.MethodInvocationHelper.invokeMethod(MethodInvocationHelper.java:80)
	at org.testng.internal.Invoker.invokeMethod(Invoker.java:714)
	at org.testng.internal.Invoker.invokeTestMethod(Invoker.java:901)
	at org.testng.internal.Invoker.invokeTestMethods(Invoker.java:1231)
	at org.testng.internal.TestMethodWorker.invokeTestMethods(TestMethodWorker.java:127)
	at org.testng.internal.TestMethodWorker.run(TestMethodWorker.java:111)
	at org.testng.TestRunner.privateRun(TestRunner.java:767)
	at org.testng.TestRunner.run(TestRunner.java:617)
	at org.testng.SuiteRunner.runTest(SuiteRunner.java:334)
	at org.testng.SuiteRunner.runSequentially(SuiteRunner.java:329)
	at org.testng.SuiteRunner.privateRun(SuiteRunner.java:291)
	at org.testng.SuiteRunner.run(SuiteRunner.java:240)
	at org.testng.SuiteRunnerWorker.runSuite(SuiteRunnerWorker.java:52)
	at org.testng.SuiteRunnerWorker.run(SuiteRunnerWorker.java:86)
	at org.testng.TestNG.runSuitesSequentially(TestNG.java:1198)
	at org.testng.TestNG.runSuitesLocally(TestNG.java:1123)
	at org.testng.TestNG.run(TestNG.java:1031)
	at org.testng.remote.AbstractRemoteTestNG.run(AbstractRemoteTestNG.java:126)
	at org.testng.remote.RemoteTestNG.initAndRun(RemoteTestNG.java:152)
	at org.testng.remote.RemoteTestNG.main(RemoteTestNG.java:57)
]]>
            </full-stacktrace>
          </exception> <!-- java.lang.AssertionError -->
          <reporter-output>
            <line>
              <![CDATA[Cart total  amount not shows, getting exception]]>
            </line>
            <line>
              <![CDATA[refer this screenshot:C:\Users\gchand.NVIDIA.COM\.jenkins\workspace\shield2.1\shieldJan10th-gopi.zip_expanded\SanityChecks\screenshots CheckTotalAmoutPresent]]>
            </line>
          </reporter-output>
        </test-method> <!-- verifyCartTotalAmout -->
        <test-method status="FAIL" signature="verifyCartSubTotal(java.lang.String)[pri:0, instance:shield.enus.com.nvidia.www.javatests.AddToCartTestCases@2758fe70]" name="verifyCartSubTotal" duration-ms="1271" started-at="2017-04-07T16:51:40Z" finished-at="2017-04-07T16:51:42Z">
          <params>
            <param index="0">
              <value>
                <![CDATA[327801100]]>
              </value>
            </param>
          </params>
          <exception class="java.lang.AssertionError">
            <message>
              <![CDATA[expected [true] but found [false]]]>
            </message>
            <full-stacktrace>
              <![CDATA[java.lang.AssertionError: expected [true] but found [false]
	at org.testng.Assert.fail(Assert.java:94)
	at org.testng.Assert.failNotEquals(Assert.java:494)
	at org.testng.Assert.assertTrue(Assert.java:42)
	at org.testng.Assert.assertTrue(Assert.java:52)
	at shield.enus.com.nvidia.www.javatests.AddToCartTestCases.verifyCartSubTotal(AddToCartTestCases.java:78)
	at sun.reflect.NativeMethodAccessorImpl.invoke0(Native Method)
	at sun.reflect.NativeMethodAccessorImpl.invoke(NativeMethodAccessorImpl.java:62)
	at sun.reflect.DelegatingMethodAccessorImpl.invoke(DelegatingMethodAccessorImpl.java:43)
	at java.lang.reflect.Method.invoke(Method.java:498)
	at org.testng.internal.MethodInvocationHelper.invokeMethod(MethodInvocationHelper.java:80)
	at org.testng.internal.Invoker.invokeMethod(Invoker.java:714)
	at org.testng.internal.Invoker.invokeTestMethod(Invoker.java:901)
	at org.testng.internal.Invoker.invokeTestMethods(Invoker.java:1231)
	at org.testng.internal.TestMethodWorker.invokeTestMethods(TestMethodWorker.java:127)
	at org.testng.internal.TestMethodWorker.run(TestMethodWorker.java:111)
	at org.testng.TestRunner.privateRun(TestRunner.java:767)
	at org.testng.TestRunner.run(TestRunner.java:617)
	at org.testng.SuiteRunner.runTest(SuiteRunner.java:334)
	at org.testng.SuiteRunner.runSequentially(SuiteRunner.java:329)
	at org.testng.SuiteRunner.privateRun(SuiteRunner.java:291)
	at org.testng.SuiteRunner.run(SuiteRunner.java:240)
	at org.testng.SuiteRunnerWorker.runSuite(SuiteRunnerWorker.java:52)
	at org.testng.SuiteRunnerWorker.run(SuiteRunnerWorker.java:86)
	at org.testng.TestNG.runSuitesSequentially(TestNG.java:1198)
	at org.testng.TestNG.runSuitesLocally(TestNG.java:1123)
	at org.testng.TestNG.run(TestNG.java:1031)
	at org.testng.remote.AbstractRemoteTestNG.run(AbstractRemoteTestNG.java:126)
	at org.testng.remote.RemoteTestNG.initAndRun(RemoteTestNG.java:152)
	at org.testng.remote.RemoteTestNG.main(RemoteTestNG.java:57)
]]>
            </full-stacktrace>
          </exception> <!-- java.lang.AssertionError -->
          <reporter-output>
            <line>
              <![CDATA[Cart Product total exception ]]>
            </line>
            <line>
              <![CDATA[refer this screenshot:C:\Users\gchand.NVIDIA.COM\.jenkins\workspace\shield2.1\shieldJan10th-gopi.zip_expanded\SanityChecks\screenshots checkSubToalPresent]]>
            </line>
          </reporter-output>
        </test-method> <!-- verifyCartSubTotal -->
        <test-method status="FAIL" signature="verifyCartCounterUpdate()[pri:0, instance:shield.enus.com.nvidia.www.javatests.AddToCartTestCases@2758fe70]" name="verifyCartCounterUpdate" duration-ms="15" started-at="2017-04-07T16:51:42Z" finished-at="2017-04-07T16:51:42Z">
          <exception class="java.lang.AssertionError">
            <message>
              <![CDATA[expected [true] but found [false]]]>
            </message>
            <full-stacktrace>
              <![CDATA[java.lang.AssertionError: expected [true] but found [false]
	at org.testng.Assert.fail(Assert.java:94)
	at org.testng.Assert.failNotEquals(Assert.java:494)
	at org.testng.Assert.assertTrue(Assert.java:42)
	at org.testng.Assert.assertTrue(Assert.java:52)
	at shield.enus.com.nvidia.www.javatests.AddToCartTestCases.verifyCartCounterUpdate(AddToCartTestCases.java:85)
	at sun.reflect.NativeMethodAccessorImpl.invoke0(Native Method)
	at sun.reflect.NativeMethodAccessorImpl.invoke(NativeMethodAccessorImpl.java:62)
	at sun.reflect.DelegatingMethodAccessorImpl.invoke(DelegatingMethodAccessorImpl.java:43)
	at java.lang.reflect.Method.invoke(Method.java:498)
	at org.testng.internal.MethodInvocationHelper.invokeMethod(MethodInvocationHelper.java:80)
	at org.testng.internal.Invoker.invokeMethod(Invoker.java:714)
	at org.testng.internal.Invoker.invokeTestMethod(Invoker.java:901)
	at org.testng.internal.Invoker.invokeTestMethods(Invoker.java:1231)
	at org.testng.internal.TestMethodWorker.invokeTestMethods(TestMethodWorker.java:127)
	at org.testng.internal.TestMethodWorker.run(TestMethodWorker.java:111)
	at org.testng.TestRunner.privateRun(TestRunner.java:767)
	at org.testng.TestRunner.run(TestRunner.java:617)
	at org.testng.SuiteRunner.runTest(SuiteRunner.java:334)
	at org.testng.SuiteRunner.runSequentially(SuiteRunner.java:329)
	at org.testng.SuiteRunner.privateRun(SuiteRunner.java:291)
	at org.testng.SuiteRunner.run(SuiteRunner.java:240)
	at org.testng.SuiteRunnerWorker.runSuite(SuiteRunnerWorker.java:52)
	at org.testng.SuiteRunnerWorker.run(SuiteRunnerWorker.java:86)
	at org.testng.TestNG.runSuitesSequentially(TestNG.java:1198)
	at org.testng.TestNG.runSuitesLocally(TestNG.java:1123)
	at org.testng.TestNG.run(TestNG.java:1031)
	at org.testng.remote.AbstractRemoteTestNG.run(AbstractRemoteTestNG.java:126)
	at org.testng.remote.RemoteTestNG.initAndRun(RemoteTestNG.java:152)
	at org.testng.remote.RemoteTestNG.main(RemoteTestNG.java:57)
]]>
            </full-stacktrace>
          </exception> <!-- java.lang.AssertionError -->
          <reporter-output>
          </reporter-output>
        </test-method> <!-- verifyCartCounterUpdate -->
        <test-method status="FAIL" signature="verifyCartProductCountIncrease(java.lang.String)[pri:0, instance:shield.enus.com.nvidia.www.javatests.AddToCartTestCases@2758fe70]" name="verifyCartProductCountIncrease" duration-ms="5981" started-at="2017-04-07T16:51:42Z" finished-at="2017-04-07T16:51:48Z">
          <params>
            <param index="0">
              <value>
                <![CDATA[327801100]]>
              </value>
            </param>
          </params>
          <exception class="java.lang.AssertionError">
            <message>
              <![CDATA[expected [true] but found [false]]]>
            </message>
            <full-stacktrace>
              <![CDATA[java.lang.AssertionError: expected [true] but found [false]
	at org.testng.Assert.fail(Assert.java:94)
	at org.testng.Assert.failNotEquals(Assert.java:494)
	at org.testng.Assert.assertTrue(Assert.java:42)
	at org.testng.Assert.assertTrue(Assert.java:52)
	at shield.enus.com.nvidia.www.javatests.AddToCartTestCases.verifyCartProductCountIncrease(AddToCartTestCases.java:93)
	at sun.reflect.NativeMethodAccessorImpl.invoke0(Native Method)
	at sun.reflect.NativeMethodAccessorImpl.invoke(NativeMethodAccessorImpl.java:62)
	at sun.reflect.DelegatingMethodAccessorImpl.invoke(DelegatingMethodAccessorImpl.java:43)
	at java.lang.reflect.Method.invoke(Method.java:498)
	at org.testng.internal.MethodInvocationHelper.invokeMethod(MethodInvocationHelper.java:80)
	at org.testng.internal.Invoker.invokeMethod(Invoker.java:714)
	at org.testng.internal.Invoker.invokeTestMethod(Invoker.java:901)
	at org.testng.internal.Invoker.invokeTestMethods(Invoker.java:1231)
	at org.testng.internal.TestMethodWorker.invokeTestMethods(TestMethodWorker.java:127)
	at org.testng.internal.TestMethodWorker.run(TestMethodWorker.java:111)
	at org.testng.TestRunner.privateRun(TestRunner.java:767)
	at org.testng.TestRunner.run(TestRunner.java:617)
	at org.testng.SuiteRunner.runTest(SuiteRunner.java:334)
	at org.testng.SuiteRunner.runSequentially(SuiteRunner.java:329)
	at org.testng.SuiteRunner.privateRun(SuiteRunner.java:291)
	at org.testng.SuiteRunner.run(SuiteRunner.java:240)
	at org.testng.SuiteRunnerWorker.runSuite(SuiteRunnerWorker.java:52)
	at org.testng.SuiteRunnerWorker.run(SuiteRunnerWorker.java:86)
	at org.testng.TestNG.runSuitesSequentially(TestNG.java:1198)
	at org.testng.TestNG.runSuitesLocally(TestNG.java:1123)
	at org.testng.TestNG.run(TestNG.java:1031)
	at org.testng.remote.AbstractRemoteTestNG.run(AbstractRemoteTestNG.java:126)
	at org.testng.remote.RemoteTestNG.initAndRun(RemoteTestNG.java:152)
	at org.testng.remote.RemoteTestNG.main(RemoteTestNG.java:57)
]]>
            </full-stacktrace>
          </exception> <!-- java.lang.AssertionError -->
          <reporter-output>
            <line>
              <![CDATA[product count exception]]>
            </line>
            <line>
              <![CDATA[refer this screenshot:C:\Users\gchand.NVIDIA.COM\.jenkins\workspace\shield2.1\shieldJan10th-gopi.zip_expanded\SanityChecks\screenshots checkProductCountIncreased]]>
            </line>
          </reporter-output>
        </test-method> <!-- verifyCartProductCountIncrease -->
        <test-method status="FAIL" signature="verifyCartProductCountDeCrease(java.lang.String)[pri:0, instance:shield.enus.com.nvidia.www.javatests.AddToCartTestCases@2758fe70]" name="verifyCartProductCountDeCrease" duration-ms="6164" started-at="2017-04-07T16:51:48Z" finished-at="2017-04-07T16:51:54Z">
          <params>
            <param index="0">
              <value>
                <![CDATA[327801100]]>
              </value>
            </param>
          </params>
          <exception class="java.lang.AssertionError">
            <message>
              <![CDATA[expected [true] but found [false]]]>
            </message>
            <full-stacktrace>
              <![CDATA[java.lang.AssertionError: expected [true] but found [false]
	at org.testng.Assert.fail(Assert.java:94)
	at org.testng.Assert.failNotEquals(Assert.java:494)
	at org.testng.Assert.assertTrue(Assert.java:42)
	at org.testng.Assert.assertTrue(Assert.java:52)
	at shield.enus.com.nvidia.www.javatests.AddToCartTestCases.verifyCartProductCountDeCrease(AddToCartTestCases.java:101)
	at sun.reflect.NativeMethodAccessorImpl.invoke0(Native Method)
	at sun.reflect.NativeMethodAccessorImpl.invoke(NativeMethodAccessorImpl.java:62)
	at sun.reflect.DelegatingMethodAccessorImpl.invoke(DelegatingMethodAccessorImpl.java:43)
	at java.lang.reflect.Method.invoke(Method.java:498)
	at org.testng.internal.MethodInvocationHelper.invokeMethod(MethodInvocationHelper.java:80)
	at org.testng.internal.Invoker.invokeMethod(Invoker.java:714)
	at org.testng.internal.Invoker.invokeTestMethod(Invoker.java:901)
	at org.testng.internal.Invoker.invokeTestMethods(Invoker.java:1231)
	at org.testng.internal.TestMethodWorker.invokeTestMethods(TestMethodWorker.java:127)
	at org.testng.internal.TestMethodWorker.run(TestMethodWorker.java:111)
	at org.testng.TestRunner.privateRun(TestRunner.java:767)
	at org.testng.TestRunner.run(TestRunner.java:617)
	at org.testng.SuiteRunner.runTest(SuiteRunner.java:334)
	at org.testng.SuiteRunner.runSequentially(SuiteRunner.java:329)
	at org.testng.SuiteRunner.privateRun(SuiteRunner.java:291)
	at org.testng.SuiteRunner.run(SuiteRunner.java:240)
	at org.testng.SuiteRunnerWorker.runSuite(SuiteRunnerWorker.java:52)
	at org.testng.SuiteRunnerWorker.run(SuiteRunnerWorker.java:86)
	at org.testng.TestNG.runSuitesSequentially(TestNG.java:1198)
	at org.testng.TestNG.runSuitesLocally(TestNG.java:1123)
	at org.testng.TestNG.run(TestNG.java:1031)
	at org.testng.remote.AbstractRemoteTestNG.run(AbstractRemoteTestNG.java:126)
	at org.testng.remote.RemoteTestNG.initAndRun(RemoteTestNG.java:152)
	at org.testng.remote.RemoteTestNG.main(RemoteTestNG.java:57)
]]>
            </full-stacktrace>
          </exception> <!-- java.lang.AssertionError -->
          <reporter-output>
            <line>
              <![CDATA[product count exception]]>
            </line>
            <line>
              <![CDATA[Unable to locate element: .//li[@class='cart-item cart-item--327801100']/div[1]/a[1]
For documentation on this error, please visit: http://seleniumhq.org/exceptions/no_such_element.html
Build info: version: '3.0.1', revision: '1969d75', time: '2016-10-18 09:49:13 -0700'
System info: host: 'GCHAND-DT', ip: '10.24.35.10', os.name: 'Windows 10', os.arch: 'amd64', os.version: '10.0', java.version: '1.8.0_121'
Driver info: org.openqa.selenium.firefox.FirefoxDriver
Capabilities [{moz:profile=C:\Users\GCHAND~1.COM\AppData\Local\Temp\rust_mozprofile.QNet3cRN7LTZ, rotatable=false, timeouts={implicit=0, page load=300000, script=30000}, pageLoadStrategy=normal, platform=ANY, specificationLevel=0, moz:accessibilityChecks=false, acceptInsecureCerts=false, browserVersion=52.0.2, platformVersion=10.0, moz:processID=23628, browserName=firefox, platformName=windows_nt}]
Session ID: 059bcc3a-9058-4a57-abbe-d49631b1c532
*** Element info: {Using=xpath, value=.//li[@class='cart-item cart-item--327801100']/div[1]/a[1]}]]>
            </line>
            <line>
              <![CDATA[refer this screenshot:C:\Users\gchand.NVIDIA.COM\.jenkins\workspace\shield2.1\shieldJan10th-gopi.zip_expanded\SanityChecks\screenshots checkProductCountDecreased]]>
            </line>
          </reporter-output>
        </test-method> <!-- verifyCartProductCountDeCrease -->
        <test-method status="FAIL" signature="verifyRemoveProductFromCart(java.lang.String)[pri:0, instance:shield.enus.com.nvidia.www.javatests.AddToCartTestCases@2758fe70]" name="verifyRemoveProductFromCart" duration-ms="1110" started-at="2017-04-07T16:51:54Z" finished-at="2017-04-07T16:51:55Z">
          <params>
            <param index="0">
              <value>
                <![CDATA[327801100]]>
              </value>
            </param>
          </params>
          <exception class="java.lang.AssertionError">
            <message>
              <![CDATA[expected [true] but found [false]]]>
            </message>
            <full-stacktrace>
              <![CDATA[java.lang.AssertionError: expected [true] but found [false]
	at org.testng.Assert.fail(Assert.java:94)
	at org.testng.Assert.failNotEquals(Assert.java:494)
	at org.testng.Assert.assertTrue(Assert.java:42)
	at org.testng.Assert.assertTrue(Assert.java:52)
	at shield.enus.com.nvidia.www.javatests.AddToCartTestCases.verifyRemoveProductFromCart(AddToCartTestCases.java:110)
	at sun.reflect.NativeMethodAccessorImpl.invoke0(Native Method)
	at sun.reflect.NativeMethodAccessorImpl.invoke(NativeMethodAccessorImpl.java:62)
	at sun.reflect.DelegatingMethodAccessorImpl.invoke(DelegatingMethodAccessorImpl.java:43)
	at java.lang.reflect.Method.invoke(Method.java:498)
	at org.testng.internal.MethodInvocationHelper.invokeMethod(MethodInvocationHelper.java:80)
	at org.testng.internal.Invoker.invokeMethod(Invoker.java:714)
	at org.testng.internal.Invoker.invokeTestMethod(Invoker.java:901)
	at org.testng.internal.Invoker.invokeTestMethods(Invoker.java:1231)
	at org.testng.internal.TestMethodWorker.invokeTestMethods(TestMethodWorker.java:127)
	at org.testng.internal.TestMethodWorker.run(TestMethodWorker.java:111)
	at org.testng.TestRunner.privateRun(TestRunner.java:767)
	at org.testng.TestRunner.run(TestRunner.java:617)
	at org.testng.SuiteRunner.runTest(SuiteRunner.java:334)
	at org.testng.SuiteRunner.runSequentially(SuiteRunner.java:329)
	at org.testng.SuiteRunner.privateRun(SuiteRunner.java:291)
	at org.testng.SuiteRunner.run(SuiteRunner.java:240)
	at org.testng.SuiteRunnerWorker.runSuite(SuiteRunnerWorker.java:52)
	at org.testng.SuiteRunnerWorker.run(SuiteRunnerWorker.java:86)
	at org.testng.TestNG.runSuitesSequentially(TestNG.java:1198)
	at org.testng.TestNG.runSuitesLocally(TestNG.java:1123)
	at org.testng.TestNG.run(TestNG.java:1031)
	at org.testng.remote.AbstractRemoteTestNG.run(AbstractRemoteTestNG.java:126)
	at org.testng.remote.RemoteTestNG.initAndRun(RemoteTestNG.java:152)
	at org.testng.remote.RemoteTestNG.main(RemoteTestNG.java:57)
]]>
            </full-stacktrace>
          </exception> <!-- java.lang.AssertionError -->
          <reporter-output>
            <line>
              <![CDATA[Remove functionalites not working exception]]>
            </line>
            <line>
              <![CDATA[refer this screenshot:C:\Users\gchand.NVIDIA.COM\.jenkins\workspace\shield2.1\shieldJan10th-gopi.zip_expanded\SanityChecks\screenshots removeProducts]]>
            </line>
          </reporter-output>
        </test-method> <!-- verifyRemoveProductFromCart -->
        <test-method status="FAIL" signature="verifyCartEmptymessage(java.lang.String)[pri:0, instance:shield.enus.com.nvidia.www.javatests.AddToCartTestCases@2758fe70]" name="verifyCartEmptymessage" duration-ms="6077" started-at="2017-04-07T16:51:55Z" finished-at="2017-04-07T16:52:01Z">
          <params>
            <param index="0">
              <value>
                <![CDATA[327801100]]>
              </value>
            </param>
          </params>
          <exception class="java.lang.AssertionError">
            <message>
              <![CDATA[expected [true] but found [false]]]>
            </message>
            <full-stacktrace>
              <![CDATA[java.lang.AssertionError: expected [true] but found [false]
	at org.testng.Assert.fail(Assert.java:94)
	at org.testng.Assert.failNotEquals(Assert.java:494)
	at org.testng.Assert.assertTrue(Assert.java:42)
	at org.testng.Assert.assertTrue(Assert.java:52)
	at shield.enus.com.nvidia.www.javatests.AddToCartTestCases.verifyCartEmptymessage(AddToCartTestCases.java:118)
	at sun.reflect.NativeMethodAccessorImpl.invoke0(Native Method)
	at sun.reflect.NativeMethodAccessorImpl.invoke(NativeMethodAccessorImpl.java:62)
	at sun.reflect.DelegatingMethodAccessorImpl.invoke(DelegatingMethodAccessorImpl.java:43)
	at java.lang.reflect.Method.invoke(Method.java:498)
	at org.testng.internal.MethodInvocationHelper.invokeMethod(MethodInvocationHelper.java:80)
	at org.testng.internal.Invoker.invokeMethod(Invoker.java:714)
	at org.testng.internal.Invoker.invokeTestMethod(Invoker.java:901)
	at org.testng.internal.Invoker.invokeTestMethods(Invoker.java:1231)
	at org.testng.internal.TestMethodWorker.invokeTestMethods(TestMethodWorker.java:127)
	at org.testng.internal.TestMethodWorker.run(TestMethodWorker.java:111)
	at org.testng.TestRunner.privateRun(TestRunner.java:767)
	at org.testng.TestRunner.run(TestRunner.java:617)
	at org.testng.SuiteRunner.runTest(SuiteRunner.java:334)
	at org.testng.SuiteRunner.runSequentially(SuiteRunner.java:329)
	at org.testng.SuiteRunner.privateRun(SuiteRunner.java:291)
	at org.testng.SuiteRunner.run(SuiteRunner.java:240)
	at org.testng.SuiteRunnerWorker.runSuite(SuiteRunnerWorker.java:52)
	at org.testng.SuiteRunnerWorker.run(SuiteRunnerWorker.java:86)
	at org.testng.TestNG.runSuitesSequentially(TestNG.java:1198)
	at org.testng.TestNG.runSuitesLocally(TestNG.java:1123)
	at org.testng.TestNG.run(TestNG.java:1031)
	at org.testng.remote.AbstractRemoteTestNG.run(AbstractRemoteTestNG.java:126)
	at org.testng.remote.RemoteTestNG.initAndRun(RemoteTestNG.java:152)
	at org.testng.remote.RemoteTestNG.main(RemoteTestNG.java:57)
]]>
            </full-stacktrace>
          </exception> <!-- java.lang.AssertionError -->
          <reporter-output>
            <line>
              <![CDATA[product has remvoed from cart]]>
            </line>
            <line>
              <![CDATA[Empty message is not showing, Exception ]]>
            </line>
            <line>
              <![CDATA[refer this screenshot:C:\Users\gchand.NVIDIA.COM\.jenkins\workspace\shield2.1\shieldJan10th-gopi.zip_expanded\SanityChecks\screenshots checkEmptyMessage]]>
            </line>
          </reporter-output>
        </test-method> <!-- verifyCartEmptymessage -->
        <test-method status="FAIL" signature="verifyCartClose()[pri:0, instance:shield.enus.com.nvidia.www.javatests.AddToCartTestCases@2758fe70]" name="verifyCartClose" duration-ms="1036" started-at="2017-04-07T16:52:01Z" finished-at="2017-04-07T16:52:02Z">
          <exception class="java.lang.AssertionError">
            <message>
              <![CDATA[expected [true] but found [false]]]>
            </message>
            <full-stacktrace>
              <![CDATA[java.lang.AssertionError: expected [true] but found [false]
	at org.testng.Assert.fail(Assert.java:94)
	at org.testng.Assert.failNotEquals(Assert.java:494)
	at org.testng.Assert.assertTrue(Assert.java:42)
	at org.testng.Assert.assertTrue(Assert.java:52)
	at shield.enus.com.nvidia.www.javatests.AddToCartTestCases.verifyCartClose(AddToCartTestCases.java:126)
	at sun.reflect.NativeMethodAccessorImpl.invoke0(Native Method)
	at sun.reflect.NativeMethodAccessorImpl.invoke(NativeMethodAccessorImpl.java:62)
	at sun.reflect.DelegatingMethodAccessorImpl.invoke(DelegatingMethodAccessorImpl.java:43)
	at java.lang.reflect.Method.invoke(Method.java:498)
	at org.testng.internal.MethodInvocationHelper.invokeMethod(MethodInvocationHelper.java:80)
	at org.testng.internal.Invoker.invokeMethod(Invoker.java:714)
	at org.testng.internal.Invoker.invokeTestMethod(Invoker.java:901)
	at org.testng.internal.Invoker.invokeTestMethods(Invoker.java:1231)
	at org.testng.internal.TestMethodWorker.invokeTestMethods(TestMethodWorker.java:127)
	at org.testng.internal.TestMethodWorker.run(TestMethodWorker.java:111)
	at org.testng.TestRunner.privateRun(TestRunner.java:767)
	at org.testng.TestRunner.run(TestRunner.java:617)
	at org.testng.SuiteRunner.runTest(SuiteRunner.java:334)
	at org.testng.SuiteRunner.runSequentially(SuiteRunner.java:329)
	at org.testng.SuiteRunner.privateRun(SuiteRunner.java:291)
	at org.testng.SuiteRunner.run(SuiteRunner.java:240)
	at org.testng.SuiteRunnerWorker.runSuite(SuiteRunnerWorker.java:52)
	at org.testng.SuiteRunnerWorker.run(SuiteRunnerWorker.java:86)
	at org.testng.TestNG.runSuitesSequentially(TestNG.java:1198)
	at org.testng.TestNG.runSuitesLocally(TestNG.java:1123)
	at org.testng.TestNG.run(TestNG.java:1031)
	at org.testng.remote.AbstractRemoteTestNG.run(AbstractRemoteTestNG.java:126)
	at org.testng.remote.RemoteTestNG.initAndRun(RemoteTestNG.java:152)
	at org.testng.remote.RemoteTestNG.main(RemoteTestNG.java:57)
]]>
            </full-stacktrace>
          </exception> <!-- java.lang.AssertionError -->
          <reporter-output>
            <line>
              <![CDATA[ Cart pop-up clsoing issue]]>
            </line>
            <line>
              <![CDATA[refer this screenshot:C:\Users\gchand.NVIDIA.COM\.jenkins\workspace\shield2.1\shieldJan10th-gopi.zip_expanded\SanityChecks\screenshots CheckCartOverlayClose]]>
            </line>
          </reporter-output>
        </test-method> <!-- verifyCartClose -->
      </class> <!-- shield.enus.com.nvidia.www.javatests.AddToCartTestCases -->
      <class name="shield.enus.com.nvidia.www.javatests.StartBrowser">
        <test-method status="PASS" signature="browserInitiation(java.lang.String, java.lang.String)[pri:0, instance:shield.enus.com.nvidia.www.javatests.StartBrowser@578486a3]" name="browserInitiation" is-config="true" duration-ms="6795" started-at="2017-04-07T16:51:29Z" finished-at="2017-04-07T16:51:36Z">
          <params>
            <param index="0">
              <value>
                <![CDATA[firefox]]>
              </value>
            </param>
            <param index="1">
              <value>
                <![CDATA[https://www.nvidia.de/shield/]]>
              </value>
            </param>
          </params>
          <reporter-output>
            <line>
              <![CDATA[browserInitialization successful]]>
            </line>
            <line>
              <![CDATA[shieldHomWebElementInitialization successful]]>
            </line>
            <line>
              <![CDATA[digitalriverWebElements successful]]>
            </line>
            <line>
              <![CDATA[gcDRWebElements successful]]>
            </line>
          </reporter-output>
        </test-method> <!-- browserInitiation -->
      </class> <!-- shield.enus.com.nvidia.www.javatests.StartBrowser -->
      <class name="shield.enus.com.nvidia.www.javatests.CloseBrowser">
        <test-method status="PASS" signature="closeBrowser()[pri:0, instance:shield.enus.com.nvidia.www.javatests.CloseBrowser@1f36e637]" name="closeBrowser" is-config="true" duration-ms="1313" started-at="2017-04-07T16:52:02Z" finished-at="2017-04-07T16:52:03Z">
          <reporter-output>
          </reporter-output>
        </test-method> <!-- closeBrowser -->
      </class> <!-- shield.enus.com.nvidia.www.javatests.CloseBrowser -->
    </test> <!-- Shield Home Page, SHIELD  Tablet K1 -->
    <test name="Shield TV  Page, SHIELD product" duration-ms="99182" started-at="2017-04-07T11:22:03Z" finished-at="2017-04-07T11:23:43Z">
      <class name="shield.enus.com.nvidia.www.javatests.AddToCartTestCases">
        <test-method status="PASS" signature="addProductToCart(java.lang.String)[pri:0, instance:shield.enus.com.nvidia.www.javatests.AddToCartTestCases@3cef309d]" name="addProductToCart" duration-ms="2224" started-at="2017-04-07T16:52:12Z" finished-at="2017-04-07T16:52:14Z">
          <params>
            <param index="0">
              <value>
                <![CDATA[5088793800]]>
              </value>
            </param>
          </params>
          <reporter-output>
            <line>
              <![CDATA[info: Web element scrolling success [[FirefoxDriver: firefox on ANY (7d1395a8-269e-40d4-8faf-fc1d8318ead7)] -> xpath: .//div[starts-with(@class,'product-row__item js-product-item') and @data-digital-river-id='5088793800']/div[2]/a]]]>
            </line>
            <line>
              <![CDATA[Info: Button call to action works as expected]]>
            </line>
          </reporter-output>
        </test-method> <!-- addProductToCart -->
        <test-method status="PASS" signature="verifyButtonText(java.lang.String, java.lang.String)[pri:0, instance:shield.enus.com.nvidia.www.javatests.AddToCartTestCases@3cef309d]" name="verifyButtonText" duration-ms="24" started-at="2017-04-07T16:52:14Z" finished-at="2017-04-07T16:52:14Z">
          <params>
            <param index="0">
              <value>
                <![CDATA[5088793800]]>
              </value>
            </param>
            <param index="1">
              <value>
                <![CDATA[IN DEN EINKAUFSWAGEN]]>
              </value>
            </param>
          </params>
          <reporter-output>
            <line>
              <![CDATA[productID: 5088793800 provided buttonText: IN DEN EINKAUFSWAGEN Actual Button Text: IN DEN EINKAUFSWAGEN]]>
            </line>
          </reporter-output>
        </test-method> <!-- verifyButtonText -->
        <test-method status="PASS" signature="verifyPrice(java.lang.String, java.lang.String)[pri:0, instance:shield.enus.com.nvidia.www.javatests.AddToCartTestCases@3cef309d]" name="verifyPrice" duration-ms="18" started-at="2017-04-07T16:52:14Z" finished-at="2017-04-07T16:52:14Z">
          <params>
            <param index="0">
              <value>
                <![CDATA[5088793800]]>
              </value>
            </param>
            <param index="1">
              <value>
                <![CDATA[€229.99]]>
              </value>
            </param>
          </params>
          <reporter-output>
            <line>
              <![CDATA[productID: 5088793800 provided buttonText: €229.99 Actual Button Text: €229.99]]>
            </line>
          </reporter-output>
        </test-method> <!-- verifyPrice -->
        <test-method status="PASS" signature="verifyCartOverLayPopup(java.lang.String)[pri:0, instance:shield.enus.com.nvidia.www.javatests.AddToCartTestCases@3cef309d]" name="verifyCartOverLayPopup" duration-ms="23" started-at="2017-04-07T16:52:14Z" finished-at="2017-04-07T16:52:14Z">
          <params>
            <param index="0">
              <value>
                <![CDATA[5088793800]]>
              </value>
            </param>
          </params>
          <reporter-output>
            <line>
              <![CDATA[Info: Cart overLay pop-up shows after added the product]]>
            </line>
          </reporter-output>
        </test-method> <!-- verifyCartOverLayPopup -->
        <test-method status="PASS" signature="verifyProductAddedToCart(java.lang.String)[pri:0, instance:shield.enus.com.nvidia.www.javatests.AddToCartTestCases@3cef309d]" name="verifyProductAddedToCart" duration-ms="22" started-at="2017-04-07T16:52:14Z" finished-at="2017-04-07T16:52:14Z">
          <params>
            <param index="0">
              <value>
                <![CDATA[5088793800]]>
              </value>
            </param>
          </params>
          <reporter-output>
            <line>
              <![CDATA[Product is added to cart as expected ]]>
            </line>
          </reporter-output>
        </test-method> <!-- verifyProductAddedToCart -->
        <test-method status="PASS" signature="verifyCartTotalAmout()[pri:0, instance:shield.enus.com.nvidia.www.javatests.AddToCartTestCases@3cef309d]" name="verifyCartTotalAmout" duration-ms="29" started-at="2017-04-07T16:52:14Z" finished-at="2017-04-07T16:52:14Z">
          <reporter-output>
            <line>
              <![CDATA[Cart totla amount shows as expected€ 229.99]]>
            </line>
          </reporter-output>
        </test-method> <!-- verifyCartTotalAmout -->
        <test-method status="PASS" signature="verifyCartSubTotal(java.lang.String)[pri:0, instance:shield.enus.com.nvidia.www.javatests.AddToCartTestCases@3cef309d]" name="verifyCartSubTotal" duration-ms="36" started-at="2017-04-07T16:52:14Z" finished-at="2017-04-07T16:52:14Z">
          <params>
            <param index="0">
              <value>
                <![CDATA[5088793800]]>
              </value>
            </param>
          </params>
          <reporter-output>
            <line>
              <![CDATA[Cart Product total shows as expected ]]>
            </line>
            <line>
              <![CDATA[1]]>
            </line>
            <line>
              <![CDATA[NVIDIA® SHIELD™ TV
Entfernen]]>
            </line>
            <line>
              <![CDATA[€ 229.99]]>
            </line>
          </reporter-output>
        </test-method> <!-- verifyCartSubTotal -->
        <test-method status="PASS" signature="verifyCartCounterUpdate()[pri:0, instance:shield.enus.com.nvidia.www.javatests.AddToCartTestCases@3cef309d]" name="verifyCartCounterUpdate" duration-ms="18" started-at="2017-04-07T16:52:14Z" finished-at="2017-04-07T16:52:14Z">
          <reporter-output>
            <line>
              <![CDATA[Cart Counter has updated once added the product ]]>
            </line>
          </reporter-output>
        </test-method> <!-- verifyCartCounterUpdate -->
        <test-method status="PASS" signature="verifyCartProductCountIncrease(java.lang.String)[pri:0, instance:shield.enus.com.nvidia.www.javatests.AddToCartTestCases@3cef309d]" name="verifyCartProductCountIncrease" duration-ms="5133" started-at="2017-04-07T16:52:14Z" finished-at="2017-04-07T16:52:19Z">
          <params>
            <param index="0">
              <value>
                <![CDATA[5088793800]]>
              </value>
            </param>
          </params>
          <reporter-output>
            <line>
              <![CDATA[product count is  increased as expected]]>
            </line>
          </reporter-output>
        </test-method> <!-- verifyCartProductCountIncrease -->
        <test-method status="PASS" signature="verifyCartProductCountDeCrease(java.lang.String)[pri:0, instance:shield.enus.com.nvidia.www.javatests.AddToCartTestCases@3cef309d]" name="verifyCartProductCountDeCrease" duration-ms="5043" started-at="2017-04-07T16:52:19Z" finished-at="2017-04-07T16:52:24Z">
          <params>
            <param index="0">
              <value>
                <![CDATA[5088793800]]>
              </value>
            </param>
          </params>
          <reporter-output>
            <line>
              <![CDATA[product count is  decreased as expected]]>
            </line>
          </reporter-output>
        </test-method> <!-- verifyCartProductCountDeCrease -->
        <test-method status="PASS" signature="verifyRemoveProductFromCart(java.lang.String)[pri:0, instance:shield.enus.com.nvidia.www.javatests.AddToCartTestCases@3cef309d]" name="verifyRemoveProductFromCart" duration-ms="5056" started-at="2017-04-07T16:52:24Z" finished-at="2017-04-07T16:52:29Z">
          <params>
            <param index="0">
              <value>
                <![CDATA[5088793800]]>
              </value>
            </param>
          </params>
          <reporter-output>
            <line>
              <![CDATA[product has remvoed from cart]]>
            </line>
            <line>
              <![CDATA[Empty message is shows as expected ]]>
            </line>
            <line>
              <![CDATA[Empty message from Cart: Your cart is empty]]>
            </line>
            <line>
              <![CDATA[Remove functionalites works as expected ]]>
            </line>
          </reporter-output>
        </test-method> <!-- verifyRemoveProductFromCart -->
        <test-method status="PASS" signature="verifyCartEmptymessage(java.lang.String)[pri:0, instance:shield.enus.com.nvidia.www.javatests.AddToCartTestCases@3cef309d]" name="verifyCartEmptymessage" duration-ms="5029" started-at="2017-04-07T16:52:29Z" finished-at="2017-04-07T16:52:34Z">
          <params>
            <param index="0">
              <value>
                <![CDATA[5088793800]]>
              </value>
            </param>
          </params>
          <reporter-output>
            <line>
              <![CDATA[product has remvoed from cart]]>
            </line>
            <line>
              <![CDATA[Empty message is shows as expected ]]>
            </line>
            <line>
              <![CDATA[Empty message from Cart: Your cart is empty]]>
            </line>
          </reporter-output>
        </test-method> <!-- verifyCartEmptymessage -->
        <test-method status="PASS" signature="verifyCartClose()[pri:0, instance:shield.enus.com.nvidia.www.javatests.AddToCartTestCases@3cef309d]" name="verifyCartClose" duration-ms="47" started-at="2017-04-07T16:52:34Z" finished-at="2017-04-07T16:52:34Z">
          <reporter-output>
            <line>
              <![CDATA[ Clicked the Cart pop-up ]]>
            </line>
            <line>
              <![CDATA[Cart pop-up is closed]]>
            </line>
          </reporter-output>
        </test-method> <!-- verifyCartClose -->
        <test-method status="PASS" signature="verifyCheckout(java.lang.String, java.lang.String)[pri:0, instance:shield.enus.com.nvidia.www.javatests.AddToCartTestCases@3cef309d]" name="verifyCheckout" duration-ms="66888" started-at="2017-04-07T16:52:34Z" finished-at="2017-04-07T16:53:41Z">
          <params>
            <param index="0">
              <value>
                <![CDATA[C:\\temp\\]]>
              </value>
            </param>
            <param index="1">
              <value>
                <![CDATA[de_shieldtv-checkout]]>
              </value>
            </param>
          </params>
          <reporter-output>
            <line>
              <![CDATA[info: Web element scrolling success [[FirefoxDriver: firefox on ANY (7d1395a8-269e-40d4-8faf-fc1d8318ead7)] -> css selector: .cta-preorder-button.js-add-button.btn]]]>
            </line>
            <line>
              <![CDATA[info: Web element scrolling success [[FirefoxDriver: firefox on ANY (7d1395a8-269e-40d4-8faf-fc1d8318ead7)] -> css selector: .cta-preorder-button.js-add-button.btn]]]>
            </line>
            <line>
              <![CDATA[info: Web element scrolling success [[FirefoxDriver: firefox on ANY (7d1395a8-269e-40d4-8faf-fc1d8318ead7)] -> css selector: .cta-preorder-button.js-add-button.btn]]]>
            </line>
            <line>
              <![CDATA[info: Web element scrolling success [[FirefoxDriver: firefox on ANY (7d1395a8-269e-40d4-8faf-fc1d8318ead7)] -> css selector: .cta-preorder-button.js-add-button.btn]]]>
            </line>
            <line>
              <![CDATA[info: Web element scrolling success [[FirefoxDriver: firefox on ANY (7d1395a8-269e-40d4-8faf-fc1d8318ead7)] -> css selector: .cta-preorder-button.js-add-button.btn]]]>
            </line>
            <line>
              <![CDATA[info: Web element scrolling success [[FirefoxDriver: firefox on ANY (7d1395a8-269e-40d4-8faf-fc1d8318ead7)] -> css selector: .cta-preorder-button.js-add-button.btn]]]>
            </line>
            <line>
              <![CDATA[info: Web element scrolling success [[FirefoxDriver: firefox on ANY (7d1395a8-269e-40d4-8faf-fc1d8318ead7)] -> css selector: .cta-preorder-button.js-add-button.btn]]]>
            </line>
            <line>
              <![CDATA[ClickAllProductButtons: Exception in CheckoutFlow, ignorable]]>
            </line>
            <line>
              <![CDATA[info: Web element scrolling success [[FirefoxDriver: firefox on ANY (7d1395a8-269e-40d4-8faf-fc1d8318ead7)] -> css selector: .cta-preorder-button.js-add-button.btn]]]>
            </line>
            <line>
              <![CDATA[ClickAllProductButtons: Exception in CheckoutFlow, ignorable]]>
            </line>
            <line>
              <![CDATA[info: Web element scrolling success [[FirefoxDriver: firefox on ANY (7d1395a8-269e-40d4-8faf-fc1d8318ead7)] -> css selector: .cta-preorder-button.js-add-button.btn]]]>
            </line>
            <line>
              <![CDATA[ClickAllProductButtons: Exception in CheckoutFlow, ignorable]]>
            </line>
            <line>
              <![CDATA[info: Web element scrolling success [[FirefoxDriver: firefox on ANY (7d1395a8-269e-40d4-8faf-fc1d8318ead7)] -> css selector: .cta-preorder-button.js-add-button.btn]]]>
            </line>
            <line>
              <![CDATA[ClickAllProductButtons: Exception in CheckoutFlow, ignorable]]>
            </line>
            <line>
              <![CDATA[refer this screenshot:C:\Users\gchand.NVIDIA.COM\.jenkins\workspace\shield2.1\shieldJan10th-gopi.zip_expanded\SanityChecks\screenshots closeDRPreOrderPopup]]>
            </line>
          </reporter-output>
        </test-method> <!-- verifyCheckout -->
      </class> <!-- shield.enus.com.nvidia.www.javatests.AddToCartTestCases -->
      <class name="shield.enus.com.nvidia.www.javatests.StartBrowser">
        <test-method status="PASS" signature="browserInitiation(java.lang.String, java.lang.String)[pri:0, instance:shield.enus.com.nvidia.www.javatests.StartBrowser@3d99d22e]" name="browserInitiation" is-config="true" duration-ms="8236" started-at="2017-04-07T16:52:03Z" finished-at="2017-04-07T16:52:12Z">
          <params>
            <param index="0">
              <value>
                <![CDATA[firefox]]>
              </value>
            </param>
            <param index="1">
              <value>
                <![CDATA[https://www.nvidia.de/shield/shield-tv/]]>
              </value>
            </param>
          </params>
          <reporter-output>
            <line>
              <![CDATA[browserInitialization successful]]>
            </line>
            <line>
              <![CDATA[shieldHomWebElementInitialization successful]]>
            </line>
            <line>
              <![CDATA[digitalriverWebElements successful]]>
            </line>
            <line>
              <![CDATA[gcDRWebElements successful]]>
            </line>
          </reporter-output>
        </test-method> <!-- browserInitiation -->
      </class> <!-- shield.enus.com.nvidia.www.javatests.StartBrowser -->
      <class name="shield.enus.com.nvidia.www.javatests.CloseBrowser">
        <test-method status="PASS" signature="closeBrowser()[pri:0, instance:shield.enus.com.nvidia.www.javatests.CloseBrowser@32709393]" name="closeBrowser" is-config="true" duration-ms="1352" started-at="2017-04-07T16:53:41Z" finished-at="2017-04-07T16:53:43Z">
          <reporter-output>
          </reporter-output>
        </test-method> <!-- closeBrowser -->
      </class> <!-- shield.enus.com.nvidia.www.javatests.CloseBrowser -->
    </test> <!-- Shield TV  Page, SHIELD product -->
    <test name="Shield TV  Page, SHIELD  pro product" duration-ms="33619" started-at="2017-04-07T11:23:43Z" finished-at="2017-04-07T11:24:16Z">
      <class name="shield.enus.com.nvidia.www.javatests.AddToCartTestCases">
        <test-method status="PASS" signature="addProductToCart(java.lang.String)[pri:0, instance:shield.enus.com.nvidia.www.javatests.AddToCartTestCases@22a67b4]" name="addProductToCart" duration-ms="4271" started-at="2017-04-07T16:53:50Z" finished-at="2017-04-07T16:53:54Z">
          <params>
            <param index="0">
              <value>
                <![CDATA[5088794700]]>
              </value>
            </param>
          </params>
          <reporter-output>
            <line>
              <![CDATA[info: Web element scrolling success [[FirefoxDriver: firefox on ANY (8c6e442e-bfae-48a8-800b-1a3816d1a45a)] -> xpath: .//li[contains(@data-tab, '-tab-2')]]]]>
            </line>
            <line>
              <![CDATA[info: Web element scrolling success [[FirefoxDriver: firefox on ANY (8c6e442e-bfae-48a8-800b-1a3816d1a45a)] -> xpath: .//div[starts-with(@class,'product-row__item js-product-item') and @data-digital-river-id='5088794700']/div[2]/a]]]>
            </line>
            <line>
              <![CDATA[Info: Button call to action works as expected]]>
            </line>
          </reporter-output>
        </test-method> <!-- addProductToCart -->
        <test-method status="PASS" signature="verifyButtonText(java.lang.String, java.lang.String)[pri:0, instance:shield.enus.com.nvidia.www.javatests.AddToCartTestCases@22a67b4]" name="verifyButtonText" duration-ms="24" started-at="2017-04-07T16:53:54Z" finished-at="2017-04-07T16:53:54Z">
          <params>
            <param index="0">
              <value>
                <![CDATA[5088794700]]>
              </value>
            </param>
            <param index="1">
              <value>
                <![CDATA[IN DEN EINKAUFSWAGEN]]>
              </value>
            </param>
          </params>
          <reporter-output>
            <line>
              <![CDATA[productID: 5088794700 provided buttonText: IN DEN EINKAUFSWAGEN Actual Button Text: IN DEN EINKAUFSWAGEN]]>
            </line>
          </reporter-output>
        </test-method> <!-- verifyButtonText -->
        <test-method status="PASS" signature="verifyPrice(java.lang.String, java.lang.String)[pri:0, instance:shield.enus.com.nvidia.www.javatests.AddToCartTestCases@22a67b4]" name="verifyPrice" duration-ms="39" started-at="2017-04-07T16:53:54Z" finished-at="2017-04-07T16:53:54Z">
          <params>
            <param index="0">
              <value>
                <![CDATA[5088794700]]>
              </value>
            </param>
            <param index="1">
              <value>
                <![CDATA[€329.99]]>
              </value>
            </param>
          </params>
          <reporter-output>
            <line>
              <![CDATA[productID: 5088794700 provided buttonText: €329.99 Actual Button Text: €329.99]]>
            </line>
          </reporter-output>
        </test-method> <!-- verifyPrice -->
        <test-method status="PASS" signature="verifyCartOverLayPopup(java.lang.String)[pri:0, instance:shield.enus.com.nvidia.www.javatests.AddToCartTestCases@22a67b4]" name="verifyCartOverLayPopup" duration-ms="24" started-at="2017-04-07T16:53:54Z" finished-at="2017-04-07T16:53:54Z">
          <params>
            <param index="0">
              <value>
                <![CDATA[5088794700]]>
              </value>
            </param>
          </params>
          <reporter-output>
            <line>
              <![CDATA[Info: Cart overLay pop-up shows after added the product]]>
            </line>
          </reporter-output>
        </test-method> <!-- verifyCartOverLayPopup -->
        <test-method status="PASS" signature="verifyProductAddedToCart(java.lang.String)[pri:0, instance:shield.enus.com.nvidia.www.javatests.AddToCartTestCases@22a67b4]" name="verifyProductAddedToCart" duration-ms="27" started-at="2017-04-07T16:53:54Z" finished-at="2017-04-07T16:53:54Z">
          <params>
            <param index="0">
              <value>
                <![CDATA[5088794700]]>
              </value>
            </param>
          </params>
          <reporter-output>
            <line>
              <![CDATA[Product is added to cart as expected ]]>
            </line>
          </reporter-output>
        </test-method> <!-- verifyProductAddedToCart -->
        <test-method status="PASS" signature="verifyCartTotalAmout()[pri:0, instance:shield.enus.com.nvidia.www.javatests.AddToCartTestCases@22a67b4]" name="verifyCartTotalAmout" duration-ms="23" started-at="2017-04-07T16:53:54Z" finished-at="2017-04-07T16:53:54Z">
          <reporter-output>
            <line>
              <![CDATA[Cart totla amount shows as expected€ 329.99]]>
            </line>
          </reporter-output>
        </test-method> <!-- verifyCartTotalAmout -->
        <test-method status="PASS" signature="verifyCartSubTotal(java.lang.String)[pri:0, instance:shield.enus.com.nvidia.www.javatests.AddToCartTestCases@22a67b4]" name="verifyCartSubTotal" duration-ms="72" started-at="2017-04-07T16:53:54Z" finished-at="2017-04-07T16:53:55Z">
          <params>
            <param index="0">
              <value>
                <![CDATA[5088794700]]>
              </value>
            </param>
          </params>
          <reporter-output>
            <line>
              <![CDATA[Cart Product total shows as expected ]]>
            </line>
            <line>
              <![CDATA[1]]>
            </line>
            <line>
              <![CDATA[NVIDIA® SHIELD™ TV Pro
Entfernen]]>
            </line>
            <line>
              <![CDATA[€ 329.99]]>
            </line>
          </reporter-output>
        </test-method> <!-- verifyCartSubTotal -->
        <test-method status="PASS" signature="verifyCartCounterUpdate()[pri:0, instance:shield.enus.com.nvidia.www.javatests.AddToCartTestCases@22a67b4]" name="verifyCartCounterUpdate" duration-ms="9" started-at="2017-04-07T16:53:55Z" finished-at="2017-04-07T16:53:55Z">
          <reporter-output>
            <line>
              <![CDATA[Cart Counter has updated once added the product ]]>
            </line>
          </reporter-output>
        </test-method> <!-- verifyCartCounterUpdate -->
        <test-method status="PASS" signature="verifyCartProductCountIncrease(java.lang.String)[pri:0, instance:shield.enus.com.nvidia.www.javatests.AddToCartTestCases@22a67b4]" name="verifyCartProductCountIncrease" duration-ms="5104" started-at="2017-04-07T16:53:55Z" finished-at="2017-04-07T16:54:00Z">
          <params>
            <param index="0">
              <value>
                <![CDATA[5088794700]]>
              </value>
            </param>
          </params>
          <reporter-output>
            <line>
              <![CDATA[product count is  increased as expected]]>
            </line>
          </reporter-output>
        </test-method> <!-- verifyCartProductCountIncrease -->
        <test-method status="PASS" signature="verifyCartProductCountDeCrease(java.lang.String)[pri:0, instance:shield.enus.com.nvidia.www.javatests.AddToCartTestCases@22a67b4]" name="verifyCartProductCountDeCrease" duration-ms="5056" started-at="2017-04-07T16:54:00Z" finished-at="2017-04-07T16:54:05Z">
          <params>
            <param index="0">
              <value>
                <![CDATA[5088794700]]>
              </value>
            </param>
          </params>
          <reporter-output>
            <line>
              <![CDATA[product count is  decreased as expected]]>
            </line>
          </reporter-output>
        </test-method> <!-- verifyCartProductCountDeCrease -->
        <test-method status="PASS" signature="verifyRemoveProductFromCart(java.lang.String)[pri:0, instance:shield.enus.com.nvidia.www.javatests.AddToCartTestCases@22a67b4]" name="verifyRemoveProductFromCart" duration-ms="5095" started-at="2017-04-07T16:54:05Z" finished-at="2017-04-07T16:54:10Z">
          <params>
            <param index="0">
              <value>
                <![CDATA[5088794700]]>
              </value>
            </param>
          </params>
          <reporter-output>
            <line>
              <![CDATA[product has remvoed from cart]]>
            </line>
            <line>
              <![CDATA[Empty message is shows as expected ]]>
            </line>
            <line>
              <![CDATA[Empty message from Cart: Your cart is empty]]>
            </line>
            <line>
              <![CDATA[Remove functionalites works as expected ]]>
            </line>
          </reporter-output>
        </test-method> <!-- verifyRemoveProductFromCart -->
        <test-method status="PASS" signature="verifyCartEmptymessage(java.lang.String)[pri:0, instance:shield.enus.com.nvidia.www.javatests.AddToCartTestCases@22a67b4]" name="verifyCartEmptymessage" duration-ms="5066" started-at="2017-04-07T16:54:10Z" finished-at="2017-04-07T16:54:15Z">
          <params>
            <param index="0">
              <value>
                <![CDATA[5088794700]]>
              </value>
            </param>
          </params>
          <reporter-output>
            <line>
              <![CDATA[product has remvoed from cart]]>
            </line>
            <line>
              <![CDATA[Empty message is shows as expected ]]>
            </line>
            <line>
              <![CDATA[Empty message from Cart: Your cart is empty]]>
            </line>
          </reporter-output>
        </test-method> <!-- verifyCartEmptymessage -->
        <test-method status="PASS" signature="verifyCartClose()[pri:0, instance:shield.enus.com.nvidia.www.javatests.AddToCartTestCases@22a67b4]" name="verifyCartClose" duration-ms="83" started-at="2017-04-07T16:54:15Z" finished-at="2017-04-07T16:54:15Z">
          <reporter-output>
            <line>
              <![CDATA[ Clicked the Cart pop-up ]]>
            </line>
            <line>
              <![CDATA[Cart pop-up is closed]]>
            </line>
          </reporter-output>
        </test-method> <!-- verifyCartClose -->
      </class> <!-- shield.enus.com.nvidia.www.javatests.AddToCartTestCases -->
      <class name="shield.enus.com.nvidia.www.javatests.StartBrowser">
        <test-method status="PASS" signature="browserInitiation(java.lang.String, java.lang.String)[pri:0, instance:shield.enus.com.nvidia.www.javatests.StartBrowser@3b084709]" name="browserInitiation" is-config="true" duration-ms="7411" started-at="2017-04-07T16:53:43Z" finished-at="2017-04-07T16:53:50Z">
          <params>
            <param index="0">
              <value>
                <![CDATA[firefox]]>
              </value>
            </param>
            <param index="1">
              <value>
                <![CDATA[https://www.nvidia.de/shield/shield-tv/]]>
              </value>
            </param>
          </params>
          <reporter-output>
            <line>
              <![CDATA[browserInitialization successful]]>
            </line>
            <line>
              <![CDATA[shieldHomWebElementInitialization successful]]>
            </line>
            <line>
              <![CDATA[digitalriverWebElements successful]]>
            </line>
            <line>
              <![CDATA[gcDRWebElements successful]]>
            </line>
          </reporter-output>
        </test-method> <!-- browserInitiation -->
      </class> <!-- shield.enus.com.nvidia.www.javatests.StartBrowser -->
      <class name="shield.enus.com.nvidia.www.javatests.CloseBrowser">
        <test-method status="PASS" signature="closeBrowser()[pri:0, instance:shield.enus.com.nvidia.www.javatests.CloseBrowser@57855c9a]" name="closeBrowser" is-config="true" duration-ms="1309" started-at="2017-04-07T16:54:15Z" finished-at="2017-04-07T16:54:16Z">
          <reporter-output>
          </reporter-output>
        </test-method> <!-- closeBrowser -->
      </class> <!-- shield.enus.com.nvidia.www.javatests.CloseBrowser -->
    </test> <!-- Shield TV  Page, SHIELD  pro product -->
    <test name="Shield TV  Page, SHIELD CONTROLLER  product" duration-ms="31067" started-at="2017-04-07T11:24:16Z" finished-at="2017-04-07T11:24:47Z">
      <class name="shield.enus.com.nvidia.www.javatests.AddToCartTestCases">
        <test-method status="PASS" signature="addProductToCart(java.lang.String)[pri:0, instance:shield.enus.com.nvidia.www.javatests.AddToCartTestCases@68bbe345]" name="addProductToCart" duration-ms="2150" started-at="2017-04-07T16:54:23Z" finished-at="2017-04-07T16:54:25Z">
          <params>
            <param index="0">
              <value>
                <![CDATA[5088902400]]>
              </value>
            </param>
          </params>
          <reporter-output>
            <line>
              <![CDATA[info: Web element scrolling success [[FirefoxDriver: firefox on ANY (80c66749-2ec8-4353-aaf9-bc6199854e8d)] -> xpath: .//div[starts-with(@class,'product-row__item js-product-item') and @data-digital-river-id='5088902400']/div[2]/a]]]>
            </line>
            <line>
              <![CDATA[Info: Button call to action works as expected]]>
            </line>
          </reporter-output>
        </test-method> <!-- addProductToCart -->
        <test-method status="PASS" signature="verifyButtonText(java.lang.String, java.lang.String)[pri:0, instance:shield.enus.com.nvidia.www.javatests.AddToCartTestCases@68bbe345]" name="verifyButtonText" duration-ms="84" started-at="2017-04-07T16:54:25Z" finished-at="2017-04-07T16:54:26Z">
          <params>
            <param index="0">
              <value>
                <![CDATA[5088902400]]>
              </value>
            </param>
            <param index="1">
              <value>
                <![CDATA[IN DEN EINKAUFSWAGEN]]>
              </value>
            </param>
          </params>
          <reporter-output>
            <line>
              <![CDATA[productID: 5088902400 provided buttonText: IN DEN EINKAUFSWAGEN Actual Button Text: IN DEN EINKAUFSWAGEN]]>
            </line>
          </reporter-output>
        </test-method> <!-- verifyButtonText -->
        <test-method status="PASS" signature="verifyPrice(java.lang.String, java.lang.String)[pri:0, instance:shield.enus.com.nvidia.www.javatests.AddToCartTestCases@68bbe345]" name="verifyPrice" duration-ms="17" started-at="2017-04-07T16:54:26Z" finished-at="2017-04-07T16:54:26Z">
          <params>
            <param index="0">
              <value>
                <![CDATA[5088902400]]>
              </value>
            </param>
            <param index="1">
              <value>
                <![CDATA[€69.99]]>
              </value>
            </param>
          </params>
          <reporter-output>
            <line>
              <![CDATA[productID: 5088902400 provided buttonText: €69.99 Actual Button Text: €69.99]]>
            </line>
          </reporter-output>
        </test-method> <!-- verifyPrice -->
        <test-method status="PASS" signature="verifyCartOverLayPopup(java.lang.String)[pri:0, instance:shield.enus.com.nvidia.www.javatests.AddToCartTestCases@68bbe345]" name="verifyCartOverLayPopup" duration-ms="25" started-at="2017-04-07T16:54:26Z" finished-at="2017-04-07T16:54:26Z">
          <params>
            <param index="0">
              <value>
                <![CDATA[5088902400]]>
              </value>
            </param>
          </params>
          <reporter-output>
            <line>
              <![CDATA[Info: Cart overLay pop-up shows after added the product]]>
            </line>
          </reporter-output>
        </test-method> <!-- verifyCartOverLayPopup -->
        <test-method status="PASS" signature="verifyProductAddedToCart(java.lang.String)[pri:0, instance:shield.enus.com.nvidia.www.javatests.AddToCartTestCases@68bbe345]" name="verifyProductAddedToCart" duration-ms="21" started-at="2017-04-07T16:54:26Z" finished-at="2017-04-07T16:54:26Z">
          <params>
            <param index="0">
              <value>
                <![CDATA[5088902400]]>
              </value>
            </param>
          </params>
          <reporter-output>
            <line>
              <![CDATA[Product is added to cart as expected ]]>
            </line>
          </reporter-output>
        </test-method> <!-- verifyProductAddedToCart -->
        <test-method status="PASS" signature="verifyCartTotalAmout()[pri:0, instance:shield.enus.com.nvidia.www.javatests.AddToCartTestCases@68bbe345]" name="verifyCartTotalAmout" duration-ms="45" started-at="2017-04-07T16:54:26Z" finished-at="2017-04-07T16:54:26Z">
          <reporter-output>
            <line>
              <![CDATA[Cart totla amount shows as expected€ 69.99]]>
            </line>
          </reporter-output>
        </test-method> <!-- verifyCartTotalAmout -->
        <test-method status="PASS" signature="verifyCartSubTotal(java.lang.String)[pri:0, instance:shield.enus.com.nvidia.www.javatests.AddToCartTestCases@68bbe345]" name="verifyCartSubTotal" duration-ms="51" started-at="2017-04-07T16:54:26Z" finished-at="2017-04-07T16:54:26Z">
          <params>
            <param index="0">
              <value>
                <![CDATA[5088902400]]>
              </value>
            </param>
          </params>
          <reporter-output>
            <line>
              <![CDATA[Cart Product total shows as expected ]]>
            </line>
            <line>
              <![CDATA[1]]>
            </line>
            <line>
              <![CDATA[NVIDIA® SHIELD™ Controller
Entfernen]]>
            </line>
            <line>
              <![CDATA[€ 69.99]]>
            </line>
          </reporter-output>
        </test-method> <!-- verifyCartSubTotal -->
        <test-method status="PASS" signature="verifyCartCounterUpdate()[pri:0, instance:shield.enus.com.nvidia.www.javatests.AddToCartTestCases@68bbe345]" name="verifyCartCounterUpdate" duration-ms="12" started-at="2017-04-07T16:54:26Z" finished-at="2017-04-07T16:54:26Z">
          <reporter-output>
            <line>
              <![CDATA[Cart Counter has updated once added the product ]]>
            </line>
          </reporter-output>
        </test-method> <!-- verifyCartCounterUpdate -->
        <test-method status="PASS" signature="verifyCartProductCountIncrease(java.lang.String)[pri:0, instance:shield.enus.com.nvidia.www.javatests.AddToCartTestCases@68bbe345]" name="verifyCartProductCountIncrease" duration-ms="5058" started-at="2017-04-07T16:54:26Z" finished-at="2017-04-07T16:54:31Z">
          <params>
            <param index="0">
              <value>
                <![CDATA[5088902400]]>
              </value>
            </param>
          </params>
          <reporter-output>
            <line>
              <![CDATA[product count is  increased as expected]]>
            </line>
          </reporter-output>
        </test-method> <!-- verifyCartProductCountIncrease -->
        <test-method status="PASS" signature="verifyCartProductCountDeCrease(java.lang.String)[pri:0, instance:shield.enus.com.nvidia.www.javatests.AddToCartTestCases@68bbe345]" name="verifyCartProductCountDeCrease" duration-ms="5116" started-at="2017-04-07T16:54:31Z" finished-at="2017-04-07T16:54:36Z">
          <params>
            <param index="0">
              <value>
                <![CDATA[5088902400]]>
              </value>
            </param>
          </params>
          <reporter-output>
            <line>
              <![CDATA[product count is  decreased as expected]]>
            </line>
          </reporter-output>
        </test-method> <!-- verifyCartProductCountDeCrease -->
        <test-method status="PASS" signature="verifyRemoveProductFromCart(java.lang.String)[pri:0, instance:shield.enus.com.nvidia.www.javatests.AddToCartTestCases@68bbe345]" name="verifyRemoveProductFromCart" duration-ms="5102" started-at="2017-04-07T16:54:36Z" finished-at="2017-04-07T16:54:41Z">
          <params>
            <param index="0">
              <value>
                <![CDATA[5088902400]]>
              </value>
            </param>
          </params>
          <reporter-output>
            <line>
              <![CDATA[product has remvoed from cart]]>
            </line>
            <line>
              <![CDATA[Empty message is shows as expected ]]>
            </line>
            <line>
              <![CDATA[Empty message from Cart: Your cart is empty]]>
            </line>
            <line>
              <![CDATA[Remove functionalites works as expected ]]>
            </line>
          </reporter-output>
        </test-method> <!-- verifyRemoveProductFromCart -->
        <test-method status="PASS" signature="verifyCartEmptymessage(java.lang.String)[pri:0, instance:shield.enus.com.nvidia.www.javatests.AddToCartTestCases@68bbe345]" name="verifyCartEmptymessage" duration-ms="5023" started-at="2017-04-07T16:54:41Z" finished-at="2017-04-07T16:54:46Z">
          <params>
            <param index="0">
              <value>
                <![CDATA[5088902400]]>
              </value>
            </param>
          </params>
          <reporter-output>
            <line>
              <![CDATA[product has remvoed from cart]]>
            </line>
            <line>
              <![CDATA[Empty message is shows as expected ]]>
            </line>
            <line>
              <![CDATA[Empty message from Cart: Your cart is empty]]>
            </line>
          </reporter-output>
        </test-method> <!-- verifyCartEmptymessage -->
        <test-method status="PASS" signature="verifyCartClose()[pri:0, instance:shield.enus.com.nvidia.www.javatests.AddToCartTestCases@68bbe345]" name="verifyCartClose" duration-ms="39" started-at="2017-04-07T16:54:46Z" finished-at="2017-04-07T16:54:46Z">
          <reporter-output>
            <line>
              <![CDATA[ Clicked the Cart pop-up ]]>
            </line>
            <line>
              <![CDATA[Cart pop-up is closed]]>
            </line>
          </reporter-output>
        </test-method> <!-- verifyCartClose -->
      </class> <!-- shield.enus.com.nvidia.www.javatests.AddToCartTestCases -->
      <class name="shield.enus.com.nvidia.www.javatests.StartBrowser">
        <test-method status="PASS" signature="browserInitiation(java.lang.String, java.lang.String)[pri:0, instance:shield.enus.com.nvidia.www.javatests.StartBrowser@7494e528]" name="browserInitiation" is-config="true" duration-ms="7029" started-at="2017-04-07T16:54:16Z" finished-at="2017-04-07T16:54:23Z">
          <params>
            <param index="0">
              <value>
                <![CDATA[firefox]]>
              </value>
            </param>
            <param index="1">
              <value>
                <![CDATA[https://www.nvidia.de/shield/shield-tv//]]>
              </value>
            </param>
          </params>
          <reporter-output>
            <line>
              <![CDATA[browserInitialization successful]]>
            </line>
            <line>
              <![CDATA[shieldHomWebElementInitialization successful]]>
            </line>
            <line>
              <![CDATA[digitalriverWebElements successful]]>
            </line>
            <line>
              <![CDATA[gcDRWebElements successful]]>
            </line>
          </reporter-output>
        </test-method> <!-- browserInitiation -->
      </class> <!-- shield.enus.com.nvidia.www.javatests.StartBrowser -->
      <class name="shield.enus.com.nvidia.www.javatests.CloseBrowser">
        <test-method status="PASS" signature="closeBrowser()[pri:0, instance:shield.enus.com.nvidia.www.javatests.CloseBrowser@30b8a058]" name="closeBrowser" is-config="true" duration-ms="1290" started-at="2017-04-07T16:54:46Z" finished-at="2017-04-07T16:54:47Z">
          <reporter-output>
          </reporter-output>
        </test-method> <!-- closeBrowser -->
      </class> <!-- shield.enus.com.nvidia.www.javatests.CloseBrowser -->
    </test> <!-- Shield TV  Page, SHIELD CONTROLLER  product -->
    <test name="Shield TV  Page, SHIELD STAND  product" duration-ms="31254" started-at="2017-04-07T11:24:47Z" finished-at="2017-04-07T11:25:19Z">
      <class name="shield.enus.com.nvidia.www.javatests.AddToCartTestCases">
        <test-method status="PASS" signature="addProductToCart(java.lang.String)[pri:0, instance:shield.enus.com.nvidia.www.javatests.AddToCartTestCases@67205a84]" name="addProductToCart" duration-ms="2181" started-at="2017-04-07T16:54:54Z" finished-at="2017-04-07T16:54:57Z">
          <params>
            <param index="0">
              <value>
                <![CDATA[5088903600]]>
              </value>
            </param>
          </params>
          <reporter-output>
            <line>
              <![CDATA[info: Web element scrolling success [[FirefoxDriver: firefox on ANY (c8a26537-6808-4548-977c-28793babba7e)] -> xpath: .//div[starts-with(@class,'product-row__item js-product-item') and @data-digital-river-id='5088903600']/div[2]/a]]]>
            </line>
            <line>
              <![CDATA[Info: Button call to action works as expected]]>
            </line>
          </reporter-output>
        </test-method> <!-- addProductToCart -->
        <test-method status="PASS" signature="verifyButtonText(java.lang.String, java.lang.String)[pri:0, instance:shield.enus.com.nvidia.www.javatests.AddToCartTestCases@67205a84]" name="verifyButtonText" duration-ms="22" started-at="2017-04-07T16:54:57Z" finished-at="2017-04-07T16:54:57Z">
          <params>
            <param index="0">
              <value>
                <![CDATA[5088903600]]>
              </value>
            </param>
            <param index="1">
              <value>
                <![CDATA[IN DEN EINKAUFSWAGEN]]>
              </value>
            </param>
          </params>
          <reporter-output>
            <line>
              <![CDATA[productID: 5088903600 provided buttonText: IN DEN EINKAUFSWAGEN Actual Button Text: IN DEN EINKAUFSWAGEN]]>
            </line>
          </reporter-output>
        </test-method> <!-- verifyButtonText -->
        <test-method status="PASS" signature="verifyPrice(java.lang.String, java.lang.String)[pri:0, instance:shield.enus.com.nvidia.www.javatests.AddToCartTestCases@67205a84]" name="verifyPrice" duration-ms="16" started-at="2017-04-07T16:54:57Z" finished-at="2017-04-07T16:54:57Z">
          <params>
            <param index="0">
              <value>
                <![CDATA[5088903600]]>
              </value>
            </param>
            <param index="1">
              <value>
                <![CDATA[€24.99]]>
              </value>
            </param>
          </params>
          <reporter-output>
            <line>
              <![CDATA[productID: 5088903600 provided buttonText: €24.99 Actual Button Text: €24.99]]>
            </line>
          </reporter-output>
        </test-method> <!-- verifyPrice -->
        <test-method status="PASS" signature="verifyCartOverLayPopup(java.lang.String)[pri:0, instance:shield.enus.com.nvidia.www.javatests.AddToCartTestCases@67205a84]" name="verifyCartOverLayPopup" duration-ms="21" started-at="2017-04-07T16:54:57Z" finished-at="2017-04-07T16:54:57Z">
          <params>
            <param index="0">
              <value>
                <![CDATA[5088903600]]>
              </value>
            </param>
          </params>
          <reporter-output>
            <line>
              <![CDATA[Info: Cart overLay pop-up shows after added the product]]>
            </line>
          </reporter-output>
        </test-method> <!-- verifyCartOverLayPopup -->
        <test-method status="PASS" signature="verifyProductAddedToCart(java.lang.String)[pri:0, instance:shield.enus.com.nvidia.www.javatests.AddToCartTestCases@67205a84]" name="verifyProductAddedToCart" duration-ms="23" started-at="2017-04-07T16:54:57Z" finished-at="2017-04-07T16:54:57Z">
          <params>
            <param index="0">
              <value>
                <![CDATA[5088903600]]>
              </value>
            </param>
          </params>
          <reporter-output>
            <line>
              <![CDATA[Product is added to cart as expected ]]>
            </line>
          </reporter-output>
        </test-method> <!-- verifyProductAddedToCart -->
        <test-method status="PASS" signature="verifyCartTotalAmout()[pri:0, instance:shield.enus.com.nvidia.www.javatests.AddToCartTestCases@67205a84]" name="verifyCartTotalAmout" duration-ms="24" started-at="2017-04-07T16:54:57Z" finished-at="2017-04-07T16:54:57Z">
          <reporter-output>
            <line>
              <![CDATA[Cart totla amount shows as expected€ 24.99]]>
            </line>
          </reporter-output>
        </test-method> <!-- verifyCartTotalAmout -->
        <test-method status="PASS" signature="verifyCartSubTotal(java.lang.String)[pri:0, instance:shield.enus.com.nvidia.www.javatests.AddToCartTestCases@67205a84]" name="verifyCartSubTotal" duration-ms="36" started-at="2017-04-07T16:54:57Z" finished-at="2017-04-07T16:54:57Z">
          <params>
            <param index="0">
              <value>
                <![CDATA[5088903600]]>
              </value>
            </param>
          </params>
          <reporter-output>
            <line>
              <![CDATA[Cart Product total shows as expected ]]>
            </line>
            <line>
              <![CDATA[1]]>
            </line>
            <line>
              <![CDATA[NVIDIA® SHIELD™ TV Stand
Entfernen]]>
            </line>
            <line>
              <![CDATA[€ 24.99]]>
            </line>
          </reporter-output>
        </test-method> <!-- verifyCartSubTotal -->
        <test-method status="PASS" signature="verifyCartCounterUpdate()[pri:0, instance:shield.enus.com.nvidia.www.javatests.AddToCartTestCases@67205a84]" name="verifyCartCounterUpdate" duration-ms="12" started-at="2017-04-07T16:54:57Z" finished-at="2017-04-07T16:54:57Z">
          <reporter-output>
            <line>
              <![CDATA[Cart Counter has updated once added the product ]]>
            </line>
          </reporter-output>
        </test-method> <!-- verifyCartCounterUpdate -->
        <test-method status="PASS" signature="verifyCartProductCountIncrease(java.lang.String)[pri:0, instance:shield.enus.com.nvidia.www.javatests.AddToCartTestCases@67205a84]" name="verifyCartProductCountIncrease" duration-ms="5139" started-at="2017-04-07T16:54:57Z" finished-at="2017-04-07T16:55:02Z">
          <params>
            <param index="0">
              <value>
                <![CDATA[5088903600]]>
              </value>
            </param>
          </params>
          <reporter-output>
            <line>
              <![CDATA[product count is  increased as expected]]>
            </line>
          </reporter-output>
        </test-method> <!-- verifyCartProductCountIncrease -->
        <test-method status="PASS" signature="verifyCartProductCountDeCrease(java.lang.String)[pri:0, instance:shield.enus.com.nvidia.www.javatests.AddToCartTestCases@67205a84]" name="verifyCartProductCountDeCrease" duration-ms="5091" started-at="2017-04-07T16:55:02Z" finished-at="2017-04-07T16:55:07Z">
          <params>
            <param index="0">
              <value>
                <![CDATA[5088903600]]>
              </value>
            </param>
          </params>
          <reporter-output>
            <line>
              <![CDATA[product count is  decreased as expected]]>
            </line>
          </reporter-output>
        </test-method> <!-- verifyCartProductCountDeCrease -->
        <test-method status="PASS" signature="verifyRemoveProductFromCart(java.lang.String)[pri:0, instance:shield.enus.com.nvidia.www.javatests.AddToCartTestCases@67205a84]" name="verifyRemoveProductFromCart" duration-ms="5114" started-at="2017-04-07T16:55:07Z" finished-at="2017-04-07T16:55:12Z">
          <params>
            <param index="0">
              <value>
                <![CDATA[5088903600]]>
              </value>
            </param>
          </params>
          <reporter-output>
            <line>
              <![CDATA[product has remvoed from cart]]>
            </line>
            <line>
              <![CDATA[Empty message is shows as expected ]]>
            </line>
            <line>
              <![CDATA[Empty message from Cart: Your cart is empty]]>
            </line>
            <line>
              <![CDATA[Remove functionalites works as expected ]]>
            </line>
          </reporter-output>
        </test-method> <!-- verifyRemoveProductFromCart -->
        <test-method status="PASS" signature="verifyCartEmptymessage(java.lang.String)[pri:0, instance:shield.enus.com.nvidia.www.javatests.AddToCartTestCases@67205a84]" name="verifyCartEmptymessage" duration-ms="5093" started-at="2017-04-07T16:55:12Z" finished-at="2017-04-07T16:55:17Z">
          <params>
            <param index="0">
              <value>
                <![CDATA[5088903600]]>
              </value>
            </param>
          </params>
          <reporter-output>
            <line>
              <![CDATA[product has remvoed from cart]]>
            </line>
            <line>
              <![CDATA[Empty message is shows as expected ]]>
            </line>
            <line>
              <![CDATA[Empty message from Cart: Your cart is empty]]>
            </line>
          </reporter-output>
        </test-method> <!-- verifyCartEmptymessage -->
        <test-method status="PASS" signature="verifyCartClose()[pri:0, instance:shield.enus.com.nvidia.www.javatests.AddToCartTestCases@67205a84]" name="verifyCartClose" duration-ms="65" started-at="2017-04-07T16:55:17Z" finished-at="2017-04-07T16:55:17Z">
          <reporter-output>
            <line>
              <![CDATA[ Clicked the Cart pop-up ]]>
            </line>
            <line>
              <![CDATA[Cart pop-up is closed]]>
            </line>
          </reporter-output>
        </test-method> <!-- verifyCartClose -->
      </class> <!-- shield.enus.com.nvidia.www.javatests.AddToCartTestCases -->
      <class name="shield.enus.com.nvidia.www.javatests.StartBrowser">
        <test-method status="PASS" signature="browserInitiation(java.lang.String, java.lang.String)[pri:0, instance:shield.enus.com.nvidia.www.javatests.StartBrowser@5d76b067]" name="browserInitiation" is-config="true" duration-ms="7111" started-at="2017-04-07T16:54:47Z" finished-at="2017-04-07T16:54:54Z">
          <params>
            <param index="0">
              <value>
                <![CDATA[firefox]]>
              </value>
            </param>
            <param index="1">
              <value>
                <![CDATA[https://www.nvidia.de/shield/shield-tv/]]>
              </value>
            </param>
          </params>
          <reporter-output>
            <line>
              <![CDATA[browserInitialization successful]]>
            </line>
            <line>
              <![CDATA[shieldHomWebElementInitialization successful]]>
            </line>
            <line>
              <![CDATA[digitalriverWebElements successful]]>
            </line>
            <line>
              <![CDATA[gcDRWebElements successful]]>
            </line>
          </reporter-output>
        </test-method> <!-- browserInitiation -->
      </class> <!-- shield.enus.com.nvidia.www.javatests.StartBrowser -->
      <class name="shield.enus.com.nvidia.www.javatests.CloseBrowser">
        <test-method status="PASS" signature="closeBrowser()[pri:0, instance:shield.enus.com.nvidia.www.javatests.CloseBrowser@7d0587f1]" name="closeBrowser" is-config="true" duration-ms="1300" started-at="2017-04-07T16:55:17Z" finished-at="2017-04-07T16:55:19Z">
          <reporter-output>
          </reporter-output>
        </test-method> <!-- closeBrowser -->
      </class> <!-- shield.enus.com.nvidia.www.javatests.CloseBrowser -->
    </test> <!-- Shield TV  Page, SHIELD STAND  product -->
    <test name="Shield TV  Page, SHIELD remote  product" duration-ms="31798" started-at="2017-04-07T11:25:19Z" finished-at="2017-04-07T11:25:50Z">
      <class name="shield.enus.com.nvidia.www.javatests.AddToCartTestCases">
        <test-method status="PASS" signature="addProductToCart(java.lang.String)[pri:0, instance:shield.enus.com.nvidia.www.javatests.AddToCartTestCases@694e1548]" name="addProductToCart" duration-ms="2184" started-at="2017-04-07T16:55:26Z" finished-at="2017-04-07T16:55:29Z">
          <params>
            <param index="0">
              <value>
                <![CDATA[5088904500]]>
              </value>
            </param>
          </params>
          <reporter-output>
            <line>
              <![CDATA[info: Web element scrolling success [[FirefoxDriver: firefox on ANY (5a059630-084c-49b6-b324-793f7e5dcef2)] -> xpath: .//div[starts-with(@class,'product-row__item js-product-item') and @data-digital-river-id='5088904500']/div[2]/a]]]>
            </line>
            <line>
              <![CDATA[Info: Button call to action works as expected]]>
            </line>
          </reporter-output>
        </test-method> <!-- addProductToCart -->
        <test-method status="PASS" signature="verifyButtonText(java.lang.String, java.lang.String)[pri:0, instance:shield.enus.com.nvidia.www.javatests.AddToCartTestCases@694e1548]" name="verifyButtonText" duration-ms="23" started-at="2017-04-07T16:55:29Z" finished-at="2017-04-07T16:55:29Z">
          <params>
            <param index="0">
              <value>
                <![CDATA[5088904500]]>
              </value>
            </param>
            <param index="1">
              <value>
                <![CDATA[IN DEN EINKAUFSWAGEN]]>
              </value>
            </param>
          </params>
          <reporter-output>
            <line>
              <![CDATA[productID: 5088904500 provided buttonText: IN DEN EINKAUFSWAGEN Actual Button Text: IN DEN EINKAUFSWAGEN]]>
            </line>
          </reporter-output>
        </test-method> <!-- verifyButtonText -->
        <test-method status="PASS" signature="verifyPrice(java.lang.String, java.lang.String)[pri:0, instance:shield.enus.com.nvidia.www.javatests.AddToCartTestCases@694e1548]" name="verifyPrice" duration-ms="18" started-at="2017-04-07T16:55:29Z" finished-at="2017-04-07T16:55:29Z">
          <params>
            <param index="0">
              <value>
                <![CDATA[5088904500]]>
              </value>
            </param>
            <param index="1">
              <value>
                <![CDATA[€59.99]]>
              </value>
            </param>
          </params>
          <reporter-output>
            <line>
              <![CDATA[productID: 5088904500 provided buttonText: €59.99 Actual Button Text: €59.99]]>
            </line>
          </reporter-output>
        </test-method> <!-- verifyPrice -->
        <test-method status="PASS" signature="verifyCartOverLayPopup(java.lang.String)[pri:0, instance:shield.enus.com.nvidia.www.javatests.AddToCartTestCases@694e1548]" name="verifyCartOverLayPopup" duration-ms="23" started-at="2017-04-07T16:55:29Z" finished-at="2017-04-07T16:55:29Z">
          <params>
            <param index="0">
              <value>
                <![CDATA[5088904500]]>
              </value>
            </param>
          </params>
          <reporter-output>
            <line>
              <![CDATA[Info: Cart overLay pop-up shows after added the product]]>
            </line>
          </reporter-output>
        </test-method> <!-- verifyCartOverLayPopup -->
        <test-method status="PASS" signature="verifyProductAddedToCart(java.lang.String)[pri:0, instance:shield.enus.com.nvidia.www.javatests.AddToCartTestCases@694e1548]" name="verifyProductAddedToCart" duration-ms="28" started-at="2017-04-07T16:55:29Z" finished-at="2017-04-07T16:55:29Z">
          <params>
            <param index="0">
              <value>
                <![CDATA[5088904500]]>
              </value>
            </param>
          </params>
          <reporter-output>
            <line>
              <![CDATA[Product is added to cart as expected ]]>
            </line>
          </reporter-output>
        </test-method> <!-- verifyProductAddedToCart -->
        <test-method status="PASS" signature="verifyCartTotalAmout()[pri:0, instance:shield.enus.com.nvidia.www.javatests.AddToCartTestCases@694e1548]" name="verifyCartTotalAmout" duration-ms="22" started-at="2017-04-07T16:55:29Z" finished-at="2017-04-07T16:55:29Z">
          <reporter-output>
            <line>
              <![CDATA[Cart totla amount shows as expected€ 59.99]]>
            </line>
          </reporter-output>
        </test-method> <!-- verifyCartTotalAmout -->
        <test-method status="PASS" signature="verifyCartSubTotal(java.lang.String)[pri:0, instance:shield.enus.com.nvidia.www.javatests.AddToCartTestCases@694e1548]" name="verifyCartSubTotal" duration-ms="36" started-at="2017-04-07T16:55:29Z" finished-at="2017-04-07T16:55:29Z">
          <params>
            <param index="0">
              <value>
                <![CDATA[5088904500]]>
              </value>
            </param>
          </params>
          <reporter-output>
            <line>
              <![CDATA[Cart Product total shows as expected ]]>
            </line>
            <line>
              <![CDATA[1]]>
            </line>
            <line>
              <![CDATA[NVIDIA® SHIELD™ Remote
Entfernen]]>
            </line>
            <line>
              <![CDATA[€ 59.99]]>
            </line>
          </reporter-output>
        </test-method> <!-- verifyCartSubTotal -->
        <test-method status="PASS" signature="verifyCartCounterUpdate()[pri:0, instance:shield.enus.com.nvidia.www.javatests.AddToCartTestCases@694e1548]" name="verifyCartCounterUpdate" duration-ms="11" started-at="2017-04-07T16:55:29Z" finished-at="2017-04-07T16:55:29Z">
          <reporter-output>
            <line>
              <![CDATA[Cart Counter has updated once added the product ]]>
            </line>
          </reporter-output>
        </test-method> <!-- verifyCartCounterUpdate -->
        <test-method status="PASS" signature="verifyCartProductCountIncrease(java.lang.String)[pri:0, instance:shield.enus.com.nvidia.www.javatests.AddToCartTestCases@694e1548]" name="verifyCartProductCountIncrease" duration-ms="5057" started-at="2017-04-07T16:55:29Z" finished-at="2017-04-07T16:55:34Z">
          <params>
            <param index="0">
              <value>
                <![CDATA[5088904500]]>
              </value>
            </param>
          </params>
          <reporter-output>
            <line>
              <![CDATA[product count is  increased as expected]]>
            </line>
          </reporter-output>
        </test-method> <!-- verifyCartProductCountIncrease -->
        <test-method status="PASS" signature="verifyCartProductCountDeCrease(java.lang.String)[pri:0, instance:shield.enus.com.nvidia.www.javatests.AddToCartTestCases@694e1548]" name="verifyCartProductCountDeCrease" duration-ms="5098" started-at="2017-04-07T16:55:34Z" finished-at="2017-04-07T16:55:39Z">
          <params>
            <param index="0">
              <value>
                <![CDATA[5088904500]]>
              </value>
            </param>
          </params>
          <reporter-output>
            <line>
              <![CDATA[product count is  decreased as expected]]>
            </line>
          </reporter-output>
        </test-method> <!-- verifyCartProductCountDeCrease -->
        <test-method status="PASS" signature="verifyRemoveProductFromCart(java.lang.String)[pri:0, instance:shield.enus.com.nvidia.www.javatests.AddToCartTestCases@694e1548]" name="verifyRemoveProductFromCart" duration-ms="5069" started-at="2017-04-07T16:55:39Z" finished-at="2017-04-07T16:55:44Z">
          <params>
            <param index="0">
              <value>
                <![CDATA[5088904500]]>
              </value>
            </param>
          </params>
          <reporter-output>
            <line>
              <![CDATA[product has remvoed from cart]]>
            </line>
            <line>
              <![CDATA[Empty message is shows as expected ]]>
            </line>
            <line>
              <![CDATA[Empty message from Cart: Your cart is empty]]>
            </line>
            <line>
              <![CDATA[Remove functionalites works as expected ]]>
            </line>
          </reporter-output>
        </test-method> <!-- verifyRemoveProductFromCart -->
        <test-method status="PASS" signature="verifyCartEmptymessage(java.lang.String)[pri:0, instance:shield.enus.com.nvidia.www.javatests.AddToCartTestCases@694e1548]" name="verifyCartEmptymessage" duration-ms="5075" started-at="2017-04-07T16:55:44Z" finished-at="2017-04-07T16:55:49Z">
          <params>
            <param index="0">
              <value>
                <![CDATA[5088904500]]>
              </value>
            </param>
          </params>
          <reporter-output>
            <line>
              <![CDATA[product has remvoed from cart]]>
            </line>
            <line>
              <![CDATA[Empty message is shows as expected ]]>
            </line>
            <line>
              <![CDATA[Empty message from Cart: Your cart is empty]]>
            </line>
          </reporter-output>
        </test-method> <!-- verifyCartEmptymessage -->
        <test-method status="PASS" signature="verifyCartClose()[pri:0, instance:shield.enus.com.nvidia.www.javatests.AddToCartTestCases@694e1548]" name="verifyCartClose" duration-ms="65" started-at="2017-04-07T16:55:49Z" finished-at="2017-04-07T16:55:49Z">
          <reporter-output>
            <line>
              <![CDATA[ Clicked the Cart pop-up ]]>
            </line>
            <line>
              <![CDATA[Cart pop-up is closed]]>
            </line>
          </reporter-output>
        </test-method> <!-- verifyCartClose -->
      </class> <!-- shield.enus.com.nvidia.www.javatests.AddToCartTestCases -->
      <class name="shield.enus.com.nvidia.www.javatests.StartBrowser">
        <test-method status="PASS" signature="browserInitiation(java.lang.String, java.lang.String)[pri:0, instance:shield.enus.com.nvidia.www.javatests.StartBrowser@131276c2]" name="browserInitiation" is-config="true" duration-ms="7814" started-at="2017-04-07T16:55:19Z" finished-at="2017-04-07T16:55:26Z">
          <params>
            <param index="0">
              <value>
                <![CDATA[firefox]]>
              </value>
            </param>
            <param index="1">
              <value>
                <![CDATA[https://www.nvidia.de/shield/shield-tv/]]>
              </value>
            </param>
          </params>
          <reporter-output>
            <line>
              <![CDATA[browserInitialization successful]]>
            </line>
            <line>
              <![CDATA[shieldHomWebElementInitialization successful]]>
            </line>
            <line>
              <![CDATA[digitalriverWebElements successful]]>
            </line>
            <line>
              <![CDATA[gcDRWebElements successful]]>
            </line>
          </reporter-output>
        </test-method> <!-- browserInitiation -->
      </class> <!-- shield.enus.com.nvidia.www.javatests.StartBrowser -->
      <class name="shield.enus.com.nvidia.www.javatests.CloseBrowser">
        <test-method status="PASS" signature="closeBrowser()[pri:0, instance:shield.enus.com.nvidia.www.javatests.CloseBrowser@1c3a4799]" name="closeBrowser" is-config="true" duration-ms="1268" started-at="2017-04-07T16:55:49Z" finished-at="2017-04-07T16:55:50Z">
          <reporter-output>
          </reporter-output>
        </test-method> <!-- closeBrowser -->
      </class> <!-- shield.enus.com.nvidia.www.javatests.CloseBrowser -->
    </test> <!-- Shield TV  Page, SHIELD remote  product -->
    <test name="Shield TV  Page, SHIELD Pro stand  product" duration-ms="34062" started-at="2017-04-07T11:25:50Z" finished-at="2017-04-07T11:26:24Z">
      <class name="shield.enus.com.nvidia.www.javatests.AddToCartTestCases">
        <test-method status="PASS" signature="addProductToCart(java.lang.String)[pri:0, instance:shield.enus.com.nvidia.www.javatests.AddToCartTestCases@d44fc21]" name="addProductToCart" duration-ms="4258" started-at="2017-04-07T16:55:58Z" finished-at="2017-04-07T16:56:03Z">
          <params>
            <param index="0">
              <value>
                <![CDATA[5088905400]]>
              </value>
            </param>
          </params>
          <reporter-output>
            <line>
              <![CDATA[info: Web element scrolling success [[FirefoxDriver: firefox on ANY (bf33810c-3ce8-49fd-88eb-2b05830dffbf)] -> xpath: .//li[contains(@data-tab, '-tab-2')]]]]>
            </line>
            <line>
              <![CDATA[info: Web element scrolling success [[FirefoxDriver: firefox on ANY (bf33810c-3ce8-49fd-88eb-2b05830dffbf)] -> xpath: .//div[starts-with(@class,'product-row__item js-product-item') and @data-digital-river-id='5088905400']/div[2]/a]]]>
            </line>
            <line>
              <![CDATA[Info: Button call to action works as expected]]>
            </line>
          </reporter-output>
        </test-method> <!-- addProductToCart -->
        <test-method status="FAIL" signature="verifyButtonText(java.lang.String, java.lang.String)[pri:0, instance:shield.enus.com.nvidia.www.javatests.AddToCartTestCases@d44fc21]" name="verifyButtonText" duration-ms="24" started-at="2017-04-07T16:56:03Z" finished-at="2017-04-07T16:56:03Z">
          <params>
            <param index="0">
              <value>
                <![CDATA[5088905400]]>
              </value>
            </param>
            <param index="1">
              <value>
                <![CDATA[AIN DEN EINKAUFSWAGEN]]>
              </value>
            </param>
          </params>
          <exception class="java.lang.AssertionError">
            <message>
              <![CDATA[expected [true] but found [false]]]>
            </message>
            <full-stacktrace>
              <![CDATA[java.lang.AssertionError: expected [true] but found [false]
	at org.testng.Assert.fail(Assert.java:94)
	at org.testng.Assert.failNotEquals(Assert.java:494)
	at org.testng.Assert.assertTrue(Assert.java:42)
	at org.testng.Assert.assertTrue(Assert.java:52)
	at shield.enus.com.nvidia.www.javatests.AddToCartTestCases.verifyButtonText(AddToCartTestCases.java:34)
	at sun.reflect.NativeMethodAccessorImpl.invoke0(Native Method)
	at sun.reflect.NativeMethodAccessorImpl.invoke(NativeMethodAccessorImpl.java:62)
	at sun.reflect.DelegatingMethodAccessorImpl.invoke(DelegatingMethodAccessorImpl.java:43)
	at java.lang.reflect.Method.invoke(Method.java:498)
	at org.testng.internal.MethodInvocationHelper.invokeMethod(MethodInvocationHelper.java:80)
	at org.testng.internal.Invoker.invokeMethod(Invoker.java:714)
	at org.testng.internal.Invoker.invokeTestMethod(Invoker.java:901)
	at org.testng.internal.Invoker.invokeTestMethods(Invoker.java:1231)
	at org.testng.internal.TestMethodWorker.invokeTestMethods(TestMethodWorker.java:127)
	at org.testng.internal.TestMethodWorker.run(TestMethodWorker.java:111)
	at org.testng.TestRunner.privateRun(TestRunner.java:767)
	at org.testng.TestRunner.run(TestRunner.java:617)
	at org.testng.SuiteRunner.runTest(SuiteRunner.java:334)
	at org.testng.SuiteRunner.runSequentially(SuiteRunner.java:329)
	at org.testng.SuiteRunner.privateRun(SuiteRunner.java:291)
	at org.testng.SuiteRunner.run(SuiteRunner.java:240)
	at org.testng.SuiteRunnerWorker.runSuite(SuiteRunnerWorker.java:52)
	at org.testng.SuiteRunnerWorker.run(SuiteRunnerWorker.java:86)
	at org.testng.TestNG.runSuitesSequentially(TestNG.java:1198)
	at org.testng.TestNG.runSuitesLocally(TestNG.java:1123)
	at org.testng.TestNG.run(TestNG.java:1031)
	at org.testng.remote.AbstractRemoteTestNG.run(AbstractRemoteTestNG.java:126)
	at org.testng.remote.RemoteTestNG.initAndRun(RemoteTestNG.java:152)
	at org.testng.remote.RemoteTestNG.main(RemoteTestNG.java:57)
]]>
            </full-stacktrace>
          </exception> <!-- java.lang.AssertionError -->
          <reporter-output>
            <line>
              <![CDATA[productID: 5088905400 provided buttonText: AIN DEN EINKAUFSWAGEN Actual Button Text: IN DEN EINKAUFSWAGEN]]>
            </line>
          </reporter-output>
        </test-method> <!-- verifyButtonText -->
        <test-method status="PASS" signature="verifyPrice(java.lang.String, java.lang.String)[pri:0, instance:shield.enus.com.nvidia.www.javatests.AddToCartTestCases@d44fc21]" name="verifyPrice" duration-ms="16" started-at="2017-04-07T16:56:03Z" finished-at="2017-04-07T16:56:03Z">
          <params>
            <param index="0">
              <value>
                <![CDATA[5088905400]]>
              </value>
            </param>
            <param index="1">
              <value>
                <![CDATA[€34.99]]>
              </value>
            </param>
          </params>
          <reporter-output>
            <line>
              <![CDATA[productID: 5088905400 provided buttonText: €34.99 Actual Button Text: €34.99]]>
            </line>
          </reporter-output>
        </test-method> <!-- verifyPrice -->
        <test-method status="PASS" signature="verifyCartOverLayPopup(java.lang.String)[pri:0, instance:shield.enus.com.nvidia.www.javatests.AddToCartTestCases@d44fc21]" name="verifyCartOverLayPopup" duration-ms="24" started-at="2017-04-07T16:56:03Z" finished-at="2017-04-07T16:56:03Z">
          <params>
            <param index="0">
              <value>
                <![CDATA[5088905400]]>
              </value>
            </param>
          </params>
          <reporter-output>
            <line>
              <![CDATA[Info: Cart overLay pop-up shows after added the product]]>
            </line>
          </reporter-output>
        </test-method> <!-- verifyCartOverLayPopup -->
        <test-method status="PASS" signature="verifyProductAddedToCart(java.lang.String)[pri:0, instance:shield.enus.com.nvidia.www.javatests.AddToCartTestCases@d44fc21]" name="verifyProductAddedToCart" duration-ms="20" started-at="2017-04-07T16:56:03Z" finished-at="2017-04-07T16:56:03Z">
          <params>
            <param index="0">
              <value>
                <![CDATA[5088905400]]>
              </value>
            </param>
          </params>
          <reporter-output>
            <line>
              <![CDATA[Product is added to cart as expected ]]>
            </line>
          </reporter-output>
        </test-method> <!-- verifyProductAddedToCart -->
        <test-method status="PASS" signature="verifyCartTotalAmout()[pri:0, instance:shield.enus.com.nvidia.www.javatests.AddToCartTestCases@d44fc21]" name="verifyCartTotalAmout" duration-ms="29" started-at="2017-04-07T16:56:03Z" finished-at="2017-04-07T16:56:03Z">
          <reporter-output>
            <line>
              <![CDATA[Cart totla amount shows as expected€ 34.99]]>
            </line>
          </reporter-output>
        </test-method> <!-- verifyCartTotalAmout -->
        <test-method status="PASS" signature="verifyCartSubTotal(java.lang.String)[pri:0, instance:shield.enus.com.nvidia.www.javatests.AddToCartTestCases@d44fc21]" name="verifyCartSubTotal" duration-ms="37" started-at="2017-04-07T16:56:03Z" finished-at="2017-04-07T16:56:03Z">
          <params>
            <param index="0">
              <value>
                <![CDATA[5088905400]]>
              </value>
            </param>
          </params>
          <reporter-output>
            <line>
              <![CDATA[Cart Product total shows as expected ]]>
            </line>
            <line>
              <![CDATA[1]]>
            </line>
            <line>
              <![CDATA[NVIDIA® SHIELD™ TV Pro Stand
Entfernen]]>
            </line>
            <line>
              <![CDATA[€ 34.99]]>
            </line>
          </reporter-output>
        </test-method> <!-- verifyCartSubTotal -->
        <test-method status="PASS" signature="verifyCartCounterUpdate()[pri:0, instance:shield.enus.com.nvidia.www.javatests.AddToCartTestCases@d44fc21]" name="verifyCartCounterUpdate" duration-ms="16" started-at="2017-04-07T16:56:03Z" finished-at="2017-04-07T16:56:03Z">
          <reporter-output>
            <line>
              <![CDATA[Cart Counter has updated once added the product ]]>
            </line>
          </reporter-output>
        </test-method> <!-- verifyCartCounterUpdate -->
        <test-method status="PASS" signature="verifyCartProductCountIncrease(java.lang.String)[pri:0, instance:shield.enus.com.nvidia.www.javatests.AddToCartTestCases@d44fc21]" name="verifyCartProductCountIncrease" duration-ms="5085" started-at="2017-04-07T16:56:03Z" finished-at="2017-04-07T16:56:08Z">
          <params>
            <param index="0">
              <value>
                <![CDATA[5088905400]]>
              </value>
            </param>
          </params>
          <reporter-output>
            <line>
              <![CDATA[product count is  increased as expected]]>
            </line>
          </reporter-output>
        </test-method> <!-- verifyCartProductCountIncrease -->
        <test-method status="PASS" signature="verifyCartProductCountDeCrease(java.lang.String)[pri:0, instance:shield.enus.com.nvidia.www.javatests.AddToCartTestCases@d44fc21]" name="verifyCartProductCountDeCrease" duration-ms="5068" started-at="2017-04-07T16:56:08Z" finished-at="2017-04-07T16:56:13Z">
          <params>
            <param index="0">
              <value>
                <![CDATA[5088905400]]>
              </value>
            </param>
          </params>
          <reporter-output>
            <line>
              <![CDATA[product count is  decreased as expected]]>
            </line>
          </reporter-output>
        </test-method> <!-- verifyCartProductCountDeCrease -->
        <test-method status="PASS" signature="verifyRemoveProductFromCart(java.lang.String)[pri:0, instance:shield.enus.com.nvidia.www.javatests.AddToCartTestCases@d44fc21]" name="verifyRemoveProductFromCart" duration-ms="5091" started-at="2017-04-07T16:56:13Z" finished-at="2017-04-07T16:56:18Z">
          <params>
            <param index="0">
              <value>
                <![CDATA[5088905400]]>
              </value>
            </param>
          </params>
          <reporter-output>
            <line>
              <![CDATA[product has remvoed from cart]]>
            </line>
            <line>
              <![CDATA[Empty message is shows as expected ]]>
            </line>
            <line>
              <![CDATA[Empty message from Cart: Your cart is empty]]>
            </line>
            <line>
              <![CDATA[Remove functionalites works as expected ]]>
            </line>
          </reporter-output>
        </test-method> <!-- verifyRemoveProductFromCart -->
        <test-method status="PASS" signature="verifyCartEmptymessage(java.lang.String)[pri:0, instance:shield.enus.com.nvidia.www.javatests.AddToCartTestCases@d44fc21]" name="verifyCartEmptymessage" duration-ms="5068" started-at="2017-04-07T16:56:18Z" finished-at="2017-04-07T16:56:23Z">
          <params>
            <param index="0">
              <value>
                <![CDATA[5088905400]]>
              </value>
            </param>
          </params>
          <reporter-output>
            <line>
              <![CDATA[product has remvoed from cart]]>
            </line>
            <line>
              <![CDATA[Empty message is shows as expected ]]>
            </line>
            <line>
              <![CDATA[Empty message from Cart: Your cart is empty]]>
            </line>
          </reporter-output>
        </test-method> <!-- verifyCartEmptymessage -->
        <test-method status="PASS" signature="verifyCartClose()[pri:0, instance:shield.enus.com.nvidia.www.javatests.AddToCartTestCases@d44fc21]" name="verifyCartClose" duration-ms="66" started-at="2017-04-07T16:56:23Z" finished-at="2017-04-07T16:56:23Z">
          <reporter-output>
            <line>
              <![CDATA[ Clicked the Cart pop-up ]]>
            </line>
            <line>
              <![CDATA[Cart pop-up is closed]]>
            </line>
          </reporter-output>
        </test-method> <!-- verifyCartClose -->
      </class> <!-- shield.enus.com.nvidia.www.javatests.AddToCartTestCases -->
      <class name="shield.enus.com.nvidia.www.javatests.StartBrowser">
        <test-method status="PASS" signature="browserInitiation(java.lang.String, java.lang.String)[pri:0, instance:shield.enus.com.nvidia.www.javatests.StartBrowser@2d6eabae]" name="browserInitiation" is-config="true" duration-ms="7964" started-at="2017-04-07T16:55:50Z" finished-at="2017-04-07T16:55:58Z">
          <params>
            <param index="0">
              <value>
                <![CDATA[firefox]]>
              </value>
            </param>
            <param index="1">
              <value>
                <![CDATA[https://www.nvidia.de/shield/shield-tv/]]>
              </value>
            </param>
          </params>
          <reporter-output>
            <line>
              <![CDATA[browserInitialization successful]]>
            </line>
            <line>
              <![CDATA[shieldHomWebElementInitialization successful]]>
            </line>
            <line>
              <![CDATA[digitalriverWebElements successful]]>
            </line>
            <line>
              <![CDATA[gcDRWebElements successful]]>
            </line>
          </reporter-output>
        </test-method> <!-- browserInitiation -->
      </class> <!-- shield.enus.com.nvidia.www.javatests.StartBrowser -->
      <class name="shield.enus.com.nvidia.www.javatests.CloseBrowser">
        <test-method status="PASS" signature="closeBrowser()[pri:0, instance:shield.enus.com.nvidia.www.javatests.CloseBrowser@23faf8f2]" name="closeBrowser" is-config="true" duration-ms="1293" started-at="2017-04-07T16:56:23Z" finished-at="2017-04-07T16:56:24Z">
          <reporter-output>
          </reporter-output>
        </test-method> <!-- closeBrowser -->
      </class> <!-- shield.enus.com.nvidia.www.javatests.CloseBrowser -->
    </test> <!-- Shield TV  Page, SHIELD Pro stand  product -->
    <test name="AI HOME Page, SHIELD product" duration-ms="81251" started-at="2017-04-07T11:26:24Z" finished-at="2017-04-07T11:27:46Z">
      <class name="shield.enus.com.nvidia.www.javatests.AddToCartTestCases">
        <test-method status="PASS" signature="addProductToCart(java.lang.String)[pri:0, instance:shield.enus.com.nvidia.www.javatests.AddToCartTestCases@56aac163]" name="addProductToCart" duration-ms="2155" started-at="2017-04-07T16:56:31Z" finished-at="2017-04-07T16:56:33Z">
          <params>
            <param index="0">
              <value>
                <![CDATA[5088793800]]>
              </value>
            </param>
          </params>
          <reporter-output>
            <line>
              <![CDATA[info: Web element scrolling success [[FirefoxDriver: firefox on ANY (42077902-50a5-4063-b53d-d75372da8fa8)] -> xpath: .//div[starts-with(@class,'product-row__item js-product-item') and @data-digital-river-id='5088793800']/div[2]/a]]]>
            </line>
            <line>
              <![CDATA[Info: Button call to action works as expected]]>
            </line>
          </reporter-output>
        </test-method> <!-- addProductToCart -->
        <test-method status="PASS" signature="verifyButtonText(java.lang.String, java.lang.String)[pri:0, instance:shield.enus.com.nvidia.www.javatests.AddToCartTestCases@56aac163]" name="verifyButtonText" duration-ms="24" started-at="2017-04-07T16:56:33Z" finished-at="2017-04-07T16:56:33Z">
          <params>
            <param index="0">
              <value>
                <![CDATA[5088793800]]>
              </value>
            </param>
            <param index="1">
              <value>
                <![CDATA[IN DEN EINKAUFSWAGEN]]>
              </value>
            </param>
          </params>
          <reporter-output>
            <line>
              <![CDATA[productID: 5088793800 provided buttonText: IN DEN EINKAUFSWAGEN Actual Button Text: IN DEN EINKAUFSWAGEN]]>
            </line>
          </reporter-output>
        </test-method> <!-- verifyButtonText -->
        <test-method status="PASS" signature="verifyPrice(java.lang.String, java.lang.String)[pri:0, instance:shield.enus.com.nvidia.www.javatests.AddToCartTestCases@56aac163]" name="verifyPrice" duration-ms="15" started-at="2017-04-07T16:56:33Z" finished-at="2017-04-07T16:56:33Z">
          <params>
            <param index="0">
              <value>
                <![CDATA[5088793800]]>
              </value>
            </param>
            <param index="1">
              <value>
                <![CDATA[€229.99]]>
              </value>
            </param>
          </params>
          <reporter-output>
            <line>
              <![CDATA[productID: 5088793800 provided buttonText: €229.99 Actual Button Text: €229.99]]>
            </line>
          </reporter-output>
        </test-method> <!-- verifyPrice -->
        <test-method status="PASS" signature="verifyCartOverLayPopup(java.lang.String)[pri:0, instance:shield.enus.com.nvidia.www.javatests.AddToCartTestCases@56aac163]" name="verifyCartOverLayPopup" duration-ms="24" started-at="2017-04-07T16:56:33Z" finished-at="2017-04-07T16:56:33Z">
          <params>
            <param index="0">
              <value>
                <![CDATA[5088793800]]>
              </value>
            </param>
          </params>
          <reporter-output>
            <line>
              <![CDATA[Info: Cart overLay pop-up shows after added the product]]>
            </line>
          </reporter-output>
        </test-method> <!-- verifyCartOverLayPopup -->
        <test-method status="PASS" signature="verifyProductAddedToCart(java.lang.String)[pri:0, instance:shield.enus.com.nvidia.www.javatests.AddToCartTestCases@56aac163]" name="verifyProductAddedToCart" duration-ms="21" started-at="2017-04-07T16:56:33Z" finished-at="2017-04-07T16:56:33Z">
          <params>
            <param index="0">
              <value>
                <![CDATA[5088793800]]>
              </value>
            </param>
          </params>
          <reporter-output>
            <line>
              <![CDATA[Product is added to cart as expected ]]>
            </line>
          </reporter-output>
        </test-method> <!-- verifyProductAddedToCart -->
        <test-method status="PASS" signature="verifyCartTotalAmout()[pri:0, instance:shield.enus.com.nvidia.www.javatests.AddToCartTestCases@56aac163]" name="verifyCartTotalAmout" duration-ms="68" started-at="2017-04-07T16:56:33Z" finished-at="2017-04-07T16:56:33Z">
          <reporter-output>
            <line>
              <![CDATA[Cart totla amount shows as expected€ 229.99]]>
            </line>
          </reporter-output>
        </test-method> <!-- verifyCartTotalAmout -->
        <test-method status="PASS" signature="verifyCartSubTotal(java.lang.String)[pri:0, instance:shield.enus.com.nvidia.www.javatests.AddToCartTestCases@56aac163]" name="verifyCartSubTotal" duration-ms="58" started-at="2017-04-07T16:56:33Z" finished-at="2017-04-07T16:56:34Z">
          <params>
            <param index="0">
              <value>
                <![CDATA[5088793800]]>
              </value>
            </param>
          </params>
          <reporter-output>
            <line>
              <![CDATA[Cart Product total shows as expected ]]>
            </line>
            <line>
              <![CDATA[1]]>
            </line>
            <line>
              <![CDATA[NVIDIA® SHIELD™ TV
Entfernen]]>
            </line>
            <line>
              <![CDATA[€ 229.99]]>
            </line>
          </reporter-output>
        </test-method> <!-- verifyCartSubTotal -->
        <test-method status="PASS" signature="verifyCartCounterUpdate()[pri:0, instance:shield.enus.com.nvidia.www.javatests.AddToCartTestCases@56aac163]" name="verifyCartCounterUpdate" duration-ms="9" started-at="2017-04-07T16:56:34Z" finished-at="2017-04-07T16:56:34Z">
          <reporter-output>
            <line>
              <![CDATA[Cart Counter has updated once added the product ]]>
            </line>
          </reporter-output>
        </test-method> <!-- verifyCartCounterUpdate -->
        <test-method status="PASS" signature="verifyCartProductCountIncrease(java.lang.String)[pri:0, instance:shield.enus.com.nvidia.www.javatests.AddToCartTestCases@56aac163]" name="verifyCartProductCountIncrease" duration-ms="5065" started-at="2017-04-07T16:56:34Z" finished-at="2017-04-07T16:56:39Z">
          <params>
            <param index="0">
              <value>
                <![CDATA[5088793800]]>
              </value>
            </param>
          </params>
          <reporter-output>
            <line>
              <![CDATA[product count is  increased as expected]]>
            </line>
          </reporter-output>
        </test-method> <!-- verifyCartProductCountIncrease -->
        <test-method status="PASS" signature="verifyCartProductCountDeCrease(java.lang.String)[pri:0, instance:shield.enus.com.nvidia.www.javatests.AddToCartTestCases@56aac163]" name="verifyCartProductCountDeCrease" duration-ms="5104" started-at="2017-04-07T16:56:39Z" finished-at="2017-04-07T16:56:44Z">
          <params>
            <param index="0">
              <value>
                <![CDATA[5088793800]]>
              </value>
            </param>
          </params>
          <reporter-output>
            <line>
              <![CDATA[product count is  decreased as expected]]>
            </line>
          </reporter-output>
        </test-method> <!-- verifyCartProductCountDeCrease -->
        <test-method status="PASS" signature="verifyRemoveProductFromCart(java.lang.String)[pri:0, instance:shield.enus.com.nvidia.www.javatests.AddToCartTestCases@56aac163]" name="verifyRemoveProductFromCart" duration-ms="5120" started-at="2017-04-07T16:56:44Z" finished-at="2017-04-07T16:56:49Z">
          <params>
            <param index="0">
              <value>
                <![CDATA[5088793800]]>
              </value>
            </param>
          </params>
          <reporter-output>
            <line>
              <![CDATA[product has remvoed from cart]]>
            </line>
            <line>
              <![CDATA[Empty message is shows as expected ]]>
            </line>
            <line>
              <![CDATA[Empty message from Cart: Your cart is empty]]>
            </line>
            <line>
              <![CDATA[Remove functionalites works as expected ]]>
            </line>
          </reporter-output>
        </test-method> <!-- verifyRemoveProductFromCart -->
        <test-method status="PASS" signature="verifyCartEmptymessage(java.lang.String)[pri:0, instance:shield.enus.com.nvidia.www.javatests.AddToCartTestCases@56aac163]" name="verifyCartEmptymessage" duration-ms="5055" started-at="2017-04-07T16:56:49Z" finished-at="2017-04-07T16:56:54Z">
          <params>
            <param index="0">
              <value>
                <![CDATA[5088793800]]>
              </value>
            </param>
          </params>
          <reporter-output>
            <line>
              <![CDATA[product has remvoed from cart]]>
            </line>
            <line>
              <![CDATA[Empty message is shows as expected ]]>
            </line>
            <line>
              <![CDATA[Empty message from Cart: Your cart is empty]]>
            </line>
          </reporter-output>
        </test-method> <!-- verifyCartEmptymessage -->
        <test-method status="PASS" signature="verifyCartClose()[pri:0, instance:shield.enus.com.nvidia.www.javatests.AddToCartTestCases@56aac163]" name="verifyCartClose" duration-ms="54" started-at="2017-04-07T16:56:54Z" finished-at="2017-04-07T16:56:54Z">
          <reporter-output>
            <line>
              <![CDATA[ Clicked the Cart pop-up ]]>
            </line>
            <line>
              <![CDATA[Cart pop-up is closed]]>
            </line>
          </reporter-output>
        </test-method> <!-- verifyCartClose -->
        <test-method status="PASS" signature="verifyCheckout(java.lang.String, java.lang.String)[pri:0, instance:shield.enus.com.nvidia.www.javatests.AddToCartTestCases@56aac163]" name="verifyCheckout" duration-ms="50435" started-at="2017-04-07T16:56:54Z" finished-at="2017-04-07T16:57:44Z">
          <params>
            <param index="0">
              <value>
                <![CDATA[C:\\temp\\]]>
              </value>
            </param>
            <param index="1">
              <value>
                <![CDATA[de_AI_Home-checkout]]>
              </value>
            </param>
          </params>
          <reporter-output>
            <line>
              <![CDATA[info: Web element scrolling success [[FirefoxDriver: firefox on ANY (42077902-50a5-4063-b53d-d75372da8fa8)] -> css selector: .cta-preorder-button.js-add-button.btn]]]>
            </line>
            <line>
              <![CDATA[info: Web element scrolling success [[FirefoxDriver: firefox on ANY (42077902-50a5-4063-b53d-d75372da8fa8)] -> css selector: .cta-preorder-button.js-add-button.btn]]]>
            </line>
            <line>
              <![CDATA[ClickAllProductButtons: Exception in CheckoutFlow, ignorable]]>
            </line>
            <line>
              <![CDATA[refer this screenshot:C:\Users\gchand.NVIDIA.COM\.jenkins\workspace\shield2.1\shieldJan10th-gopi.zip_expanded\SanityChecks\screenshots closeDRPreOrderPopup]]>
            </line>
          </reporter-output>
        </test-method> <!-- verifyCheckout -->
      </class> <!-- shield.enus.com.nvidia.www.javatests.AddToCartTestCases -->
      <class name="shield.enus.com.nvidia.www.javatests.StartBrowser">
        <test-method status="PASS" signature="browserInitiation(java.lang.String, java.lang.String)[pri:0, instance:shield.enus.com.nvidia.www.javatests.StartBrowser@5a1c0542]" name="browserInitiation" is-config="true" duration-ms="6714" started-at="2017-04-07T16:56:24Z" finished-at="2017-04-07T16:56:31Z">
          <params>
            <param index="0">
              <value>
                <![CDATA[firefox]]>
              </value>
            </param>
            <param index="1">
              <value>
                <![CDATA[https://www.nvidia.de/shield/smart-home/]]>
              </value>
            </param>
          </params>
          <reporter-output>
            <line>
              <![CDATA[browserInitialization successful]]>
            </line>
            <line>
              <![CDATA[shieldHomWebElementInitialization successful]]>
            </line>
            <line>
              <![CDATA[digitalriverWebElements successful]]>
            </line>
            <line>
              <![CDATA[gcDRWebElements successful]]>
            </line>
          </reporter-output>
        </test-method> <!-- browserInitiation -->
      </class> <!-- shield.enus.com.nvidia.www.javatests.StartBrowser -->
      <class name="shield.enus.com.nvidia.www.javatests.CloseBrowser">
        <test-method status="PASS" signature="closeBrowser()[pri:0, instance:shield.enus.com.nvidia.www.javatests.CloseBrowser@1f7030a6]" name="closeBrowser" is-config="true" duration-ms="1322" started-at="2017-04-07T16:57:44Z" finished-at="2017-04-07T16:57:46Z">
          <reporter-output>
          </reporter-output>
        </test-method> <!-- closeBrowser -->
      </class> <!-- shield.enus.com.nvidia.www.javatests.CloseBrowser -->
    </test> <!-- AI HOME Page, SHIELD product -->
    <test name="AI HOME Page, SHIELD  pro product" duration-ms="11371" started-at="2017-04-07T11:27:46Z" finished-at="2017-04-07T11:27:57Z">
      <class name="shield.enus.com.nvidia.www.javatests.AddToCartTestCases">
        <test-method status="FAIL" signature="addProductToCart(java.lang.String)[pri:0, instance:shield.enus.com.nvidia.www.javatests.AddToCartTestCases@1e965684]" name="addProductToCart" duration-ms="221" started-at="2017-04-07T16:57:49Z" finished-at="2017-04-07T16:57:50Z">
          <params>
            <param index="0">
              <value>
                <![CDATA[5088794700]]>
              </value>
            </param>
          </params>
          <exception class="java.lang.AssertionError">
            <message>
              <![CDATA[expected [true] but found [false]]]>
            </message>
            <full-stacktrace>
              <![CDATA[java.lang.AssertionError: expected [true] but found [false]
	at org.testng.Assert.fail(Assert.java:94)
	at org.testng.Assert.failNotEquals(Assert.java:494)
	at org.testng.Assert.assertTrue(Assert.java:42)
	at org.testng.Assert.assertTrue(Assert.java:52)
	at shield.enus.com.nvidia.www.javatests.AddToCartTestCases.addProductToCart(AddToCartTestCases.java:25)
	at sun.reflect.NativeMethodAccessorImpl.invoke0(Native Method)
	at sun.reflect.NativeMethodAccessorImpl.invoke(NativeMethodAccessorImpl.java:62)
	at sun.reflect.DelegatingMethodAccessorImpl.invoke(DelegatingMethodAccessorImpl.java:43)
	at java.lang.reflect.Method.invoke(Method.java:498)
	at org.testng.internal.MethodInvocationHelper.invokeMethod(MethodInvocationHelper.java:80)
	at org.testng.internal.Invoker.invokeMethod(Invoker.java:714)
	at org.testng.internal.Invoker.invokeTestMethod(Invoker.java:901)
	at org.testng.internal.Invoker.invokeTestMethods(Invoker.java:1231)
	at org.testng.internal.TestMethodWorker.invokeTestMethods(TestMethodWorker.java:127)
	at org.testng.internal.TestMethodWorker.run(TestMethodWorker.java:111)
	at org.testng.TestRunner.privateRun(TestRunner.java:767)
	at org.testng.TestRunner.run(TestRunner.java:617)
	at org.testng.SuiteRunner.runTest(SuiteRunner.java:334)
	at org.testng.SuiteRunner.runSequentially(SuiteRunner.java:329)
	at org.testng.SuiteRunner.privateRun(SuiteRunner.java:291)
	at org.testng.SuiteRunner.run(SuiteRunner.java:240)
	at org.testng.SuiteRunnerWorker.runSuite(SuiteRunnerWorker.java:52)
	at org.testng.SuiteRunnerWorker.run(SuiteRunnerWorker.java:86)
	at org.testng.TestNG.runSuitesSequentially(TestNG.java:1198)
	at org.testng.TestNG.runSuitesLocally(TestNG.java:1123)
	at org.testng.TestNG.run(TestNG.java:1031)
	at org.testng.remote.AbstractRemoteTestNG.run(AbstractRemoteTestNG.java:126)
	at org.testng.remote.RemoteTestNG.initAndRun(RemoteTestNG.java:152)
	at org.testng.remote.RemoteTestNG.main(RemoteTestNG.java:57)
]]>
            </full-stacktrace>
          </exception> <!-- java.lang.AssertionError -->
          <reporter-output>
            <line>
              <![CDATA[ webelement not foundSession ID is null. Using WebDriver after calling quit()?
Build info: version: '3.0.1', revision: '1969d75', time: '2016-10-18 09:49:13 -0700'
System info: host: 'GCHAND-DT', ip: '10.24.35.10', os.name: 'Windows 10', os.arch: 'amd64', os.version: '10.0', java.version: '1.8.0_121'
Driver info: driver.version: RemoteWebDriver]]>
            </line>
            <line>
              <![CDATA[Error: Button call to action is not working]]>
            </line>
            <line>
              <![CDATA[Error: refer this screenshot:C:\Users\gchand.NVIDIA.COM\.jenkins\workspace\shield2.1\shieldJan10th-gopi.zip_expanded\SanityChecks\screenshots addPrductToCrt]]>
            </line>
          </reporter-output>
        </test-method> <!-- addProductToCart -->
        <test-method status="FAIL" signature="verifyButtonText(java.lang.String, java.lang.String)[pri:0, instance:shield.enus.com.nvidia.www.javatests.AddToCartTestCases@1e965684]" name="verifyButtonText" duration-ms="210" started-at="2017-04-07T16:57:50Z" finished-at="2017-04-07T16:57:50Z">
          <params>
            <param index="0">
              <value>
                <![CDATA[5088794700]]>
              </value>
            </param>
            <param index="1">
              <value>
                <![CDATA[IN DEN EINKAUFSWAGEN]]>
              </value>
            </param>
          </params>
          <exception class="java.lang.AssertionError">
            <message>
              <![CDATA[expected [true] but found [false]]]>
            </message>
            <full-stacktrace>
              <![CDATA[java.lang.AssertionError: expected [true] but found [false]
	at org.testng.Assert.fail(Assert.java:94)
	at org.testng.Assert.failNotEquals(Assert.java:494)
	at org.testng.Assert.assertTrue(Assert.java:42)
	at org.testng.Assert.assertTrue(Assert.java:52)
	at shield.enus.com.nvidia.www.javatests.AddToCartTestCases.verifyButtonText(AddToCartTestCases.java:34)
	at sun.reflect.NativeMethodAccessorImpl.invoke0(Native Method)
	at sun.reflect.NativeMethodAccessorImpl.invoke(NativeMethodAccessorImpl.java:62)
	at sun.reflect.DelegatingMethodAccessorImpl.invoke(DelegatingMethodAccessorImpl.java:43)
	at java.lang.reflect.Method.invoke(Method.java:498)
	at org.testng.internal.MethodInvocationHelper.invokeMethod(MethodInvocationHelper.java:80)
	at org.testng.internal.Invoker.invokeMethod(Invoker.java:714)
	at org.testng.internal.Invoker.invokeTestMethod(Invoker.java:901)
	at org.testng.internal.Invoker.invokeTestMethods(Invoker.java:1231)
	at org.testng.internal.TestMethodWorker.invokeTestMethods(TestMethodWorker.java:127)
	at org.testng.internal.TestMethodWorker.run(TestMethodWorker.java:111)
	at org.testng.TestRunner.privateRun(TestRunner.java:767)
	at org.testng.TestRunner.run(TestRunner.java:617)
	at org.testng.SuiteRunner.runTest(SuiteRunner.java:334)
	at org.testng.SuiteRunner.runSequentially(SuiteRunner.java:329)
	at org.testng.SuiteRunner.privateRun(SuiteRunner.java:291)
	at org.testng.SuiteRunner.run(SuiteRunner.java:240)
	at org.testng.SuiteRunnerWorker.runSuite(SuiteRunnerWorker.java:52)
	at org.testng.SuiteRunnerWorker.run(SuiteRunnerWorker.java:86)
	at org.testng.TestNG.runSuitesSequentially(TestNG.java:1198)
	at org.testng.TestNG.runSuitesLocally(TestNG.java:1123)
	at org.testng.TestNG.run(TestNG.java:1031)
	at org.testng.remote.AbstractRemoteTestNG.run(AbstractRemoteTestNG.java:126)
	at org.testng.remote.RemoteTestNG.initAndRun(RemoteTestNG.java:152)
	at org.testng.remote.RemoteTestNG.main(RemoteTestNG.java:57)
]]>
            </full-stacktrace>
          </exception> <!-- java.lang.AssertionError -->
          <reporter-output>
            <line>
              <![CDATA[Exception in CheckButtonText productID: 5088794700 provided buttonText: IN DEN EINKAUFSWAGEN Actual Button Text: ]]>
            </line>
            <line>
              <![CDATA[Error: refer this screenshot:C:\Users\gchand.NVIDIA.COM\.jenkins\workspace\shield2.1\shieldJan10th-gopi.zip_expanded\SanityChecks\screenshots CheckButtonText]]>
            </line>
          </reporter-output>
        </test-method> <!-- verifyButtonText -->
        <test-method status="FAIL" signature="verifyPrice(java.lang.String, java.lang.String)[pri:0, instance:shield.enus.com.nvidia.www.javatests.AddToCartTestCases@1e965684]" name="verifyPrice" duration-ms="226" started-at="2017-04-07T16:57:50Z" finished-at="2017-04-07T16:57:50Z">
          <params>
            <param index="0">
              <value>
                <![CDATA[5088794700]]>
              </value>
            </param>
            <param index="1">
              <value>
                <![CDATA[€329.99]]>
              </value>
            </param>
          </params>
          <exception class="java.lang.AssertionError">
            <message>
              <![CDATA[expected [true] but found [false]]]>
            </message>
            <full-stacktrace>
              <![CDATA[java.lang.AssertionError: expected [true] but found [false]
	at org.testng.Assert.fail(Assert.java:94)
	at org.testng.Assert.failNotEquals(Assert.java:494)
	at org.testng.Assert.assertTrue(Assert.java:42)
	at org.testng.Assert.assertTrue(Assert.java:52)
	at shield.enus.com.nvidia.www.javatests.AddToCartTestCases.verifyPrice(AddToCartTestCases.java:42)
	at sun.reflect.NativeMethodAccessorImpl.invoke0(Native Method)
	at sun.reflect.NativeMethodAccessorImpl.invoke(NativeMethodAccessorImpl.java:62)
	at sun.reflect.DelegatingMethodAccessorImpl.invoke(DelegatingMethodAccessorImpl.java:43)
	at java.lang.reflect.Method.invoke(Method.java:498)
	at org.testng.internal.MethodInvocationHelper.invokeMethod(MethodInvocationHelper.java:80)
	at org.testng.internal.Invoker.invokeMethod(Invoker.java:714)
	at org.testng.internal.Invoker.invokeTestMethod(Invoker.java:901)
	at org.testng.internal.Invoker.invokeTestMethods(Invoker.java:1231)
	at org.testng.internal.TestMethodWorker.invokeTestMethods(TestMethodWorker.java:127)
	at org.testng.internal.TestMethodWorker.run(TestMethodWorker.java:111)
	at org.testng.TestRunner.privateRun(TestRunner.java:767)
	at org.testng.TestRunner.run(TestRunner.java:617)
	at org.testng.SuiteRunner.runTest(SuiteRunner.java:334)
	at org.testng.SuiteRunner.runSequentially(SuiteRunner.java:329)
	at org.testng.SuiteRunner.privateRun(SuiteRunner.java:291)
	at org.testng.SuiteRunner.run(SuiteRunner.java:240)
	at org.testng.SuiteRunnerWorker.runSuite(SuiteRunnerWorker.java:52)
	at org.testng.SuiteRunnerWorker.run(SuiteRunnerWorker.java:86)
	at org.testng.TestNG.runSuitesSequentially(TestNG.java:1198)
	at org.testng.TestNG.runSuitesLocally(TestNG.java:1123)
	at org.testng.TestNG.run(TestNG.java:1031)
	at org.testng.remote.AbstractRemoteTestNG.run(AbstractRemoteTestNG.java:126)
	at org.testng.remote.RemoteTestNG.initAndRun(RemoteTestNG.java:152)
	at org.testng.remote.RemoteTestNG.main(RemoteTestNG.java:57)
]]>
            </full-stacktrace>
          </exception> <!-- java.lang.AssertionError -->
          <reporter-output>
            <line>
              <![CDATA[Info: webelement: null]]>
            </line>
            <line>
              <![CDATA[Info: webelement Exception : org.openqa.selenium.NoSuchSessionException: Session ID is null. Using WebDriver after calling quit()?
Build info: version: '3.0.1', revision: '1969d75', time: '2016-10-18 09:49:13 -0700'
System info: host: 'GCHAND-DT', ip: '10.24.35.10', os.name: 'Windows 10', os.arch: 'amd64', os.version: '10.0', java.version: '1.8.0_121'
Driver info: driver.version: RemoteWebDriver]]>
            </line>
            <line>
              <![CDATA[Error: Exception in CheckButtonText productID: 5088794700 provided buttonText: €329.99  Actual Button Text: ]]>
            </line>
            <line>
              <![CDATA[Error: refer this screenshot:C:\Users\gchand.NVIDIA.COM\.jenkins\workspace\shield2.1\shieldJan10th-gopi.zip_expanded\SanityChecks\screenshots CheckCurrencyValue]]>
            </line>
          </reporter-output>
        </test-method> <!-- verifyPrice -->
        <test-method status="FAIL" signature="verifyCartOverLayPopup(java.lang.String)[pri:0, instance:shield.enus.com.nvidia.www.javatests.AddToCartTestCases@1e965684]" name="verifyCartOverLayPopup" duration-ms="235" started-at="2017-04-07T16:57:50Z" finished-at="2017-04-07T16:57:50Z">
          <params>
            <param index="0">
              <value>
                <![CDATA[5088794700]]>
              </value>
            </param>
          </params>
          <exception class="java.lang.AssertionError">
            <message>
              <![CDATA[expected [true] but found [false]]]>
            </message>
            <full-stacktrace>
              <![CDATA[java.lang.AssertionError: expected [true] but found [false]
	at org.testng.Assert.fail(Assert.java:94)
	at org.testng.Assert.failNotEquals(Assert.java:494)
	at org.testng.Assert.assertTrue(Assert.java:42)
	at org.testng.Assert.assertTrue(Assert.java:52)
	at shield.enus.com.nvidia.www.javatests.AddToCartTestCases.verifyCartOverLayPopup(AddToCartTestCases.java:52)
	at sun.reflect.NativeMethodAccessorImpl.invoke0(Native Method)
	at sun.reflect.NativeMethodAccessorImpl.invoke(NativeMethodAccessorImpl.java:62)
	at sun.reflect.DelegatingMethodAccessorImpl.invoke(DelegatingMethodAccessorImpl.java:43)
	at java.lang.reflect.Method.invoke(Method.java:498)
	at org.testng.internal.MethodInvocationHelper.invokeMethod(MethodInvocationHelper.java:80)
	at org.testng.internal.Invoker.invokeMethod(Invoker.java:714)
	at org.testng.internal.Invoker.invokeTestMethod(Invoker.java:901)
	at org.testng.internal.Invoker.invokeTestMethods(Invoker.java:1231)
	at org.testng.internal.TestMethodWorker.invokeTestMethods(TestMethodWorker.java:127)
	at org.testng.internal.TestMethodWorker.run(TestMethodWorker.java:111)
	at org.testng.TestRunner.privateRun(TestRunner.java:767)
	at org.testng.TestRunner.run(TestRunner.java:617)
	at org.testng.SuiteRunner.runTest(SuiteRunner.java:334)
	at org.testng.SuiteRunner.runSequentially(SuiteRunner.java:329)
	at org.testng.SuiteRunner.privateRun(SuiteRunner.java:291)
	at org.testng.SuiteRunner.run(SuiteRunner.java:240)
	at org.testng.SuiteRunnerWorker.runSuite(SuiteRunnerWorker.java:52)
	at org.testng.SuiteRunnerWorker.run(SuiteRunnerWorker.java:86)
	at org.testng.TestNG.runSuitesSequentially(TestNG.java:1198)
	at org.testng.TestNG.runSuitesLocally(TestNG.java:1123)
	at org.testng.TestNG.run(TestNG.java:1031)
	at org.testng.remote.AbstractRemoteTestNG.run(AbstractRemoteTestNG.java:126)
	at org.testng.remote.RemoteTestNG.initAndRun(RemoteTestNG.java:152)
	at org.testng.remote.RemoteTestNG.main(RemoteTestNG.java:57)
]]>
            </full-stacktrace>
          </exception> <!-- java.lang.AssertionError -->
          <reporter-output>
            <line>
              <![CDATA[Info: Cart overLay pop-up not showing Exception]]>
            </line>
            <line>
              <![CDATA[Error: refer this screenshot:C:\Users\gchand.NVIDIA.COM\.jenkins\workspace\shield2.1\shieldJan10th-gopi.zip_expanded\SanityChecks\screenshots CheckCartOverLayPopupAppears]]>
            </line>
          </reporter-output>
        </test-method> <!-- verifyCartOverLayPopup -->
        <test-method status="FAIL" signature="verifyProductAddedToCart(java.lang.String)[pri:0, instance:shield.enus.com.nvidia.www.javatests.AddToCartTestCases@1e965684]" name="verifyProductAddedToCart" duration-ms="1" started-at="2017-04-07T16:57:50Z" finished-at="2017-04-07T16:57:50Z">
          <params>
            <param index="0">
              <value>
                <![CDATA[5088794700]]>
              </value>
            </param>
          </params>
          <exception class="java.lang.AssertionError">
            <message>
              <![CDATA[expected [true] but found [false]]]>
            </message>
            <full-stacktrace>
              <![CDATA[java.lang.AssertionError: expected [true] but found [false]
	at org.testng.Assert.fail(Assert.java:94)
	at org.testng.Assert.failNotEquals(Assert.java:494)
	at org.testng.Assert.assertTrue(Assert.java:42)
	at org.testng.Assert.assertTrue(Assert.java:52)
	at shield.enus.com.nvidia.www.javatests.AddToCartTestCases.verifyProductAddedToCart(AddToCartTestCases.java:61)
	at sun.reflect.NativeMethodAccessorImpl.invoke0(Native Method)
	at sun.reflect.NativeMethodAccessorImpl.invoke(NativeMethodAccessorImpl.java:62)
	at sun.reflect.DelegatingMethodAccessorImpl.invoke(DelegatingMethodAccessorImpl.java:43)
	at java.lang.reflect.Method.invoke(Method.java:498)
	at org.testng.internal.MethodInvocationHelper.invokeMethod(MethodInvocationHelper.java:80)
	at org.testng.internal.Invoker.invokeMethod(Invoker.java:714)
	at org.testng.internal.Invoker.invokeTestMethod(Invoker.java:901)
	at org.testng.internal.Invoker.invokeTestMethods(Invoker.java:1231)
	at org.testng.internal.TestMethodWorker.invokeTestMethods(TestMethodWorker.java:127)
	at org.testng.internal.TestMethodWorker.run(TestMethodWorker.java:111)
	at org.testng.TestRunner.privateRun(TestRunner.java:767)
	at org.testng.TestRunner.run(TestRunner.java:617)
	at org.testng.SuiteRunner.runTest(SuiteRunner.java:334)
	at org.testng.SuiteRunner.runSequentially(SuiteRunner.java:329)
	at org.testng.SuiteRunner.privateRun(SuiteRunner.java:291)
	at org.testng.SuiteRunner.run(SuiteRunner.java:240)
	at org.testng.SuiteRunnerWorker.runSuite(SuiteRunnerWorker.java:52)
	at org.testng.SuiteRunnerWorker.run(SuiteRunnerWorker.java:86)
	at org.testng.TestNG.runSuitesSequentially(TestNG.java:1198)
	at org.testng.TestNG.runSuitesLocally(TestNG.java:1123)
	at org.testng.TestNG.run(TestNG.java:1031)
	at org.testng.remote.AbstractRemoteTestNG.run(AbstractRemoteTestNG.java:126)
	at org.testng.remote.RemoteTestNG.initAndRun(RemoteTestNG.java:152)
	at org.testng.remote.RemoteTestNG.main(RemoteTestNG.java:57)
]]>
            </full-stacktrace>
          </exception> <!-- java.lang.AssertionError -->
          <reporter-output>
            <line>
              <![CDATA[ SHIELD product is not added to cart after click the add to cart ]]>
            </line>
          </reporter-output>
        </test-method> <!-- verifyProductAddedToCart -->
        <test-method status="FAIL" signature="verifyCartTotalAmout()[pri:0, instance:shield.enus.com.nvidia.www.javatests.AddToCartTestCases@1e965684]" name="verifyCartTotalAmout" duration-ms="232" started-at="2017-04-07T16:57:50Z" finished-at="2017-04-07T16:57:51Z">
          <exception class="java.lang.AssertionError">
            <message>
              <![CDATA[expected [true] but found [false]]]>
            </message>
            <full-stacktrace>
              <![CDATA[java.lang.AssertionError: expected [true] but found [false]
	at org.testng.Assert.fail(Assert.java:94)
	at org.testng.Assert.failNotEquals(Assert.java:494)
	at org.testng.Assert.assertTrue(Assert.java:42)
	at org.testng.Assert.assertTrue(Assert.java:52)
	at shield.enus.com.nvidia.www.javatests.AddToCartTestCases.verifyCartTotalAmout(AddToCartTestCases.java:69)
	at sun.reflect.NativeMethodAccessorImpl.invoke0(Native Method)
	at sun.reflect.NativeMethodAccessorImpl.invoke(NativeMethodAccessorImpl.java:62)
	at sun.reflect.DelegatingMethodAccessorImpl.invoke(DelegatingMethodAccessorImpl.java:43)
	at java.lang.reflect.Method.invoke(Method.java:498)
	at org.testng.internal.MethodInvocationHelper.invokeMethod(MethodInvocationHelper.java:80)
	at org.testng.internal.Invoker.invokeMethod(Invoker.java:714)
	at org.testng.internal.Invoker.invokeTestMethod(Invoker.java:901)
	at org.testng.internal.Invoker.invokeTestMethods(Invoker.java:1231)
	at org.testng.internal.TestMethodWorker.invokeTestMethods(TestMethodWorker.java:127)
	at org.testng.internal.TestMethodWorker.run(TestMethodWorker.java:111)
	at org.testng.TestRunner.privateRun(TestRunner.java:767)
	at org.testng.TestRunner.run(TestRunner.java:617)
	at org.testng.SuiteRunner.runTest(SuiteRunner.java:334)
	at org.testng.SuiteRunner.runSequentially(SuiteRunner.java:329)
	at org.testng.SuiteRunner.privateRun(SuiteRunner.java:291)
	at org.testng.SuiteRunner.run(SuiteRunner.java:240)
	at org.testng.SuiteRunnerWorker.runSuite(SuiteRunnerWorker.java:52)
	at org.testng.SuiteRunnerWorker.run(SuiteRunnerWorker.java:86)
	at org.testng.TestNG.runSuitesSequentially(TestNG.java:1198)
	at org.testng.TestNG.runSuitesLocally(TestNG.java:1123)
	at org.testng.TestNG.run(TestNG.java:1031)
	at org.testng.remote.AbstractRemoteTestNG.run(AbstractRemoteTestNG.java:126)
	at org.testng.remote.RemoteTestNG.initAndRun(RemoteTestNG.java:152)
	at org.testng.remote.RemoteTestNG.main(RemoteTestNG.java:57)
]]>
            </full-stacktrace>
          </exception> <!-- java.lang.AssertionError -->
          <reporter-output>
            <line>
              <![CDATA[Cart total  amount not shows, getting exception]]>
            </line>
            <line>
              <![CDATA[refer this screenshot:C:\Users\gchand.NVIDIA.COM\.jenkins\workspace\shield2.1\shieldJan10th-gopi.zip_expanded\SanityChecks\screenshots CheckTotalAmoutPresent]]>
            </line>
          </reporter-output>
        </test-method> <!-- verifyCartTotalAmout -->
        <test-method status="FAIL" signature="verifyCartSubTotal(java.lang.String)[pri:0, instance:shield.enus.com.nvidia.www.javatests.AddToCartTestCases@1e965684]" name="verifyCartSubTotal" duration-ms="204" started-at="2017-04-07T16:57:51Z" finished-at="2017-04-07T16:57:51Z">
          <params>
            <param index="0">
              <value>
                <![CDATA[5088794700]]>
              </value>
            </param>
          </params>
          <exception class="java.lang.AssertionError">
            <message>
              <![CDATA[expected [true] but found [false]]]>
            </message>
            <full-stacktrace>
              <![CDATA[java.lang.AssertionError: expected [true] but found [false]
	at org.testng.Assert.fail(Assert.java:94)
	at org.testng.Assert.failNotEquals(Assert.java:494)
	at org.testng.Assert.assertTrue(Assert.java:42)
	at org.testng.Assert.assertTrue(Assert.java:52)
	at shield.enus.com.nvidia.www.javatests.AddToCartTestCases.verifyCartSubTotal(AddToCartTestCases.java:78)
	at sun.reflect.NativeMethodAccessorImpl.invoke0(Native Method)
	at sun.reflect.NativeMethodAccessorImpl.invoke(NativeMethodAccessorImpl.java:62)
	at sun.reflect.DelegatingMethodAccessorImpl.invoke(DelegatingMethodAccessorImpl.java:43)
	at java.lang.reflect.Method.invoke(Method.java:498)
	at org.testng.internal.MethodInvocationHelper.invokeMethod(MethodInvocationHelper.java:80)
	at org.testng.internal.Invoker.invokeMethod(Invoker.java:714)
	at org.testng.internal.Invoker.invokeTestMethod(Invoker.java:901)
	at org.testng.internal.Invoker.invokeTestMethods(Invoker.java:1231)
	at org.testng.internal.TestMethodWorker.invokeTestMethods(TestMethodWorker.java:127)
	at org.testng.internal.TestMethodWorker.run(TestMethodWorker.java:111)
	at org.testng.TestRunner.privateRun(TestRunner.java:767)
	at org.testng.TestRunner.run(TestRunner.java:617)
	at org.testng.SuiteRunner.runTest(SuiteRunner.java:334)
	at org.testng.SuiteRunner.runSequentially(SuiteRunner.java:329)
	at org.testng.SuiteRunner.privateRun(SuiteRunner.java:291)
	at org.testng.SuiteRunner.run(SuiteRunner.java:240)
	at org.testng.SuiteRunnerWorker.runSuite(SuiteRunnerWorker.java:52)
	at org.testng.SuiteRunnerWorker.run(SuiteRunnerWorker.java:86)
	at org.testng.TestNG.runSuitesSequentially(TestNG.java:1198)
	at org.testng.TestNG.runSuitesLocally(TestNG.java:1123)
	at org.testng.TestNG.run(TestNG.java:1031)
	at org.testng.remote.AbstractRemoteTestNG.run(AbstractRemoteTestNG.java:126)
	at org.testng.remote.RemoteTestNG.initAndRun(RemoteTestNG.java:152)
	at org.testng.remote.RemoteTestNG.main(RemoteTestNG.java:57)
]]>
            </full-stacktrace>
          </exception> <!-- java.lang.AssertionError -->
          <reporter-output>
            <line>
              <![CDATA[Cart Product total exception ]]>
            </line>
            <line>
              <![CDATA[refer this screenshot:C:\Users\gchand.NVIDIA.COM\.jenkins\workspace\shield2.1\shieldJan10th-gopi.zip_expanded\SanityChecks\screenshots checkSubToalPresent]]>
            </line>
          </reporter-output>
        </test-method> <!-- verifyCartSubTotal -->
        <test-method status="FAIL" signature="verifyCartCounterUpdate()[pri:0, instance:shield.enus.com.nvidia.www.javatests.AddToCartTestCases@1e965684]" name="verifyCartCounterUpdate" duration-ms="211" started-at="2017-04-07T16:57:51Z" finished-at="2017-04-07T16:57:51Z">
          <exception class="java.lang.AssertionError">
            <message>
              <![CDATA[expected [true] but found [false]]]>
            </message>
            <full-stacktrace>
              <![CDATA[java.lang.AssertionError: expected [true] but found [false]
	at org.testng.Assert.fail(Assert.java:94)
	at org.testng.Assert.failNotEquals(Assert.java:494)
	at org.testng.Assert.assertTrue(Assert.java:42)
	at org.testng.Assert.assertTrue(Assert.java:52)
	at shield.enus.com.nvidia.www.javatests.AddToCartTestCases.verifyCartCounterUpdate(AddToCartTestCases.java:85)
	at sun.reflect.NativeMethodAccessorImpl.invoke0(Native Method)
	at sun.reflect.NativeMethodAccessorImpl.invoke(NativeMethodAccessorImpl.java:62)
	at sun.reflect.DelegatingMethodAccessorImpl.invoke(DelegatingMethodAccessorImpl.java:43)
	at java.lang.reflect.Method.invoke(Method.java:498)
	at org.testng.internal.MethodInvocationHelper.invokeMethod(MethodInvocationHelper.java:80)
	at org.testng.internal.Invoker.invokeMethod(Invoker.java:714)
	at org.testng.internal.Invoker.invokeTestMethod(Invoker.java:901)
	at org.testng.internal.Invoker.invokeTestMethods(Invoker.java:1231)
	at org.testng.internal.TestMethodWorker.invokeTestMethods(TestMethodWorker.java:127)
	at org.testng.internal.TestMethodWorker.run(TestMethodWorker.java:111)
	at org.testng.TestRunner.privateRun(TestRunner.java:767)
	at org.testng.TestRunner.run(TestRunner.java:617)
	at org.testng.SuiteRunner.runTest(SuiteRunner.java:334)
	at org.testng.SuiteRunner.runSequentially(SuiteRunner.java:329)
	at org.testng.SuiteRunner.privateRun(SuiteRunner.java:291)
	at org.testng.SuiteRunner.run(SuiteRunner.java:240)
	at org.testng.SuiteRunnerWorker.runSuite(SuiteRunnerWorker.java:52)
	at org.testng.SuiteRunnerWorker.run(SuiteRunnerWorker.java:86)
	at org.testng.TestNG.runSuitesSequentially(TestNG.java:1198)
	at org.testng.TestNG.runSuitesLocally(TestNG.java:1123)
	at org.testng.TestNG.run(TestNG.java:1031)
	at org.testng.remote.AbstractRemoteTestNG.run(AbstractRemoteTestNG.java:126)
	at org.testng.remote.RemoteTestNG.initAndRun(RemoteTestNG.java:152)
	at org.testng.remote.RemoteTestNG.main(RemoteTestNG.java:57)
]]>
            </full-stacktrace>
          </exception> <!-- java.lang.AssertionError -->
          <reporter-output>
            <line>
              <![CDATA[Cart Counter has updated once added the product ]]>
            </line>
            <line>
              <![CDATA[refer this screenshot:C:\Users\gchand.NVIDIA.COM\.jenkins\workspace\shield2.1\shieldJan10th-gopi.zip_expanded\SanityChecks\screenshots checkCartCounterUpdate]]>
            </line>
          </reporter-output>
        </test-method> <!-- verifyCartCounterUpdate -->
        <test-method status="FAIL" signature="verifyCartProductCountIncrease(java.lang.String)[pri:0, instance:shield.enus.com.nvidia.www.javatests.AddToCartTestCases@1e965684]" name="verifyCartProductCountIncrease" duration-ms="223" started-at="2017-04-07T16:57:51Z" finished-at="2017-04-07T16:57:51Z">
          <params>
            <param index="0">
              <value>
                <![CDATA[5088794700]]>
              </value>
            </param>
          </params>
          <exception class="java.lang.AssertionError">
            <message>
              <![CDATA[expected [true] but found [false]]]>
            </message>
            <full-stacktrace>
              <![CDATA[java.lang.AssertionError: expected [true] but found [false]
	at org.testng.Assert.fail(Assert.java:94)
	at org.testng.Assert.failNotEquals(Assert.java:494)
	at org.testng.Assert.assertTrue(Assert.java:42)
	at org.testng.Assert.assertTrue(Assert.java:52)
	at shield.enus.com.nvidia.www.javatests.AddToCartTestCases.verifyCartProductCountIncrease(AddToCartTestCases.java:93)
	at sun.reflect.NativeMethodAccessorImpl.invoke0(Native Method)
	at sun.reflect.NativeMethodAccessorImpl.invoke(NativeMethodAccessorImpl.java:62)
	at sun.reflect.DelegatingMethodAccessorImpl.invoke(DelegatingMethodAccessorImpl.java:43)
	at java.lang.reflect.Method.invoke(Method.java:498)
	at org.testng.internal.MethodInvocationHelper.invokeMethod(MethodInvocationHelper.java:80)
	at org.testng.internal.Invoker.invokeMethod(Invoker.java:714)
	at org.testng.internal.Invoker.invokeTestMethod(Invoker.java:901)
	at org.testng.internal.Invoker.invokeTestMethods(Invoker.java:1231)
	at org.testng.internal.TestMethodWorker.invokeTestMethods(TestMethodWorker.java:127)
	at org.testng.internal.TestMethodWorker.run(TestMethodWorker.java:111)
	at org.testng.TestRunner.privateRun(TestRunner.java:767)
	at org.testng.TestRunner.run(TestRunner.java:617)
	at org.testng.SuiteRunner.runTest(SuiteRunner.java:334)
	at org.testng.SuiteRunner.runSequentially(SuiteRunner.java:329)
	at org.testng.SuiteRunner.privateRun(SuiteRunner.java:291)
	at org.testng.SuiteRunner.run(SuiteRunner.java:240)
	at org.testng.SuiteRunnerWorker.runSuite(SuiteRunnerWorker.java:52)
	at org.testng.SuiteRunnerWorker.run(SuiteRunnerWorker.java:86)
	at org.testng.TestNG.runSuitesSequentially(TestNG.java:1198)
	at org.testng.TestNG.runSuitesLocally(TestNG.java:1123)
	at org.testng.TestNG.run(TestNG.java:1031)
	at org.testng.remote.AbstractRemoteTestNG.run(AbstractRemoteTestNG.java:126)
	at org.testng.remote.RemoteTestNG.initAndRun(RemoteTestNG.java:152)
	at org.testng.remote.RemoteTestNG.main(RemoteTestNG.java:57)
]]>
            </full-stacktrace>
          </exception> <!-- java.lang.AssertionError -->
          <reporter-output>
            <line>
              <![CDATA[product count exception]]>
            </line>
            <line>
              <![CDATA[refer this screenshot:C:\Users\gchand.NVIDIA.COM\.jenkins\workspace\shield2.1\shieldJan10th-gopi.zip_expanded\SanityChecks\screenshots checkProductCountIncreased]]>
            </line>
          </reporter-output>
        </test-method> <!-- verifyCartProductCountIncrease -->
        <test-method status="FAIL" signature="verifyCartProductCountDeCrease(java.lang.String)[pri:0, instance:shield.enus.com.nvidia.www.javatests.AddToCartTestCases@1e965684]" name="verifyCartProductCountDeCrease" duration-ms="219" started-at="2017-04-07T16:57:51Z" finished-at="2017-04-07T16:57:51Z">
          <params>
            <param index="0">
              <value>
                <![CDATA[5088794700]]>
              </value>
            </param>
          </params>
          <exception class="java.lang.AssertionError">
            <message>
              <![CDATA[expected [true] but found [false]]]>
            </message>
            <full-stacktrace>
              <![CDATA[java.lang.AssertionError: expected [true] but found [false]
	at org.testng.Assert.fail(Assert.java:94)
	at org.testng.Assert.failNotEquals(Assert.java:494)
	at org.testng.Assert.assertTrue(Assert.java:42)
	at org.testng.Assert.assertTrue(Assert.java:52)
	at shield.enus.com.nvidia.www.javatests.AddToCartTestCases.verifyCartProductCountDeCrease(AddToCartTestCases.java:101)
	at sun.reflect.NativeMethodAccessorImpl.invoke0(Native Method)
	at sun.reflect.NativeMethodAccessorImpl.invoke(NativeMethodAccessorImpl.java:62)
	at sun.reflect.DelegatingMethodAccessorImpl.invoke(DelegatingMethodAccessorImpl.java:43)
	at java.lang.reflect.Method.invoke(Method.java:498)
	at org.testng.internal.MethodInvocationHelper.invokeMethod(MethodInvocationHelper.java:80)
	at org.testng.internal.Invoker.invokeMethod(Invoker.java:714)
	at org.testng.internal.Invoker.invokeTestMethod(Invoker.java:901)
	at org.testng.internal.Invoker.invokeTestMethods(Invoker.java:1231)
	at org.testng.internal.TestMethodWorker.invokeTestMethods(TestMethodWorker.java:127)
	at org.testng.internal.TestMethodWorker.run(TestMethodWorker.java:111)
	at org.testng.TestRunner.privateRun(TestRunner.java:767)
	at org.testng.TestRunner.run(TestRunner.java:617)
	at org.testng.SuiteRunner.runTest(SuiteRunner.java:334)
	at org.testng.SuiteRunner.runSequentially(SuiteRunner.java:329)
	at org.testng.SuiteRunner.privateRun(SuiteRunner.java:291)
	at org.testng.SuiteRunner.run(SuiteRunner.java:240)
	at org.testng.SuiteRunnerWorker.runSuite(SuiteRunnerWorker.java:52)
	at org.testng.SuiteRunnerWorker.run(SuiteRunnerWorker.java:86)
	at org.testng.TestNG.runSuitesSequentially(TestNG.java:1198)
	at org.testng.TestNG.runSuitesLocally(TestNG.java:1123)
	at org.testng.TestNG.run(TestNG.java:1031)
	at org.testng.remote.AbstractRemoteTestNG.run(AbstractRemoteTestNG.java:126)
	at org.testng.remote.RemoteTestNG.initAndRun(RemoteTestNG.java:152)
	at org.testng.remote.RemoteTestNG.main(RemoteTestNG.java:57)
]]>
            </full-stacktrace>
          </exception> <!-- java.lang.AssertionError -->
          <reporter-output>
            <line>
              <![CDATA[product count exception]]>
            </line>
            <line>
              <![CDATA[Session ID is null. Using WebDriver after calling quit()?
Build info: version: '3.0.1', revision: '1969d75', time: '2016-10-18 09:49:13 -0700'
System info: host: 'GCHAND-DT', ip: '10.24.35.10', os.name: 'Windows 10', os.arch: 'amd64', os.version: '10.0', java.version: '1.8.0_121'
Driver info: driver.version: RemoteWebDriver]]>
            </line>
            <line>
              <![CDATA[refer this screenshot:C:\Users\gchand.NVIDIA.COM\.jenkins\workspace\shield2.1\shieldJan10th-gopi.zip_expanded\SanityChecks\screenshots checkProductCountDecreased]]>
            </line>
          </reporter-output>
        </test-method> <!-- verifyCartProductCountDeCrease -->
        <test-method status="FAIL" signature="verifyRemoveProductFromCart(java.lang.String)[pri:0, instance:shield.enus.com.nvidia.www.javatests.AddToCartTestCases@1e965684]" name="verifyRemoveProductFromCart" duration-ms="196" started-at="2017-04-07T16:57:51Z" finished-at="2017-04-07T16:57:52Z">
          <params>
            <param index="0">
              <value>
                <![CDATA[5088794700]]>
              </value>
            </param>
          </params>
          <exception class="java.lang.AssertionError">
            <message>
              <![CDATA[expected [true] but found [false]]]>
            </message>
            <full-stacktrace>
              <![CDATA[java.lang.AssertionError: expected [true] but found [false]
	at org.testng.Assert.fail(Assert.java:94)
	at org.testng.Assert.failNotEquals(Assert.java:494)
	at org.testng.Assert.assertTrue(Assert.java:42)
	at org.testng.Assert.assertTrue(Assert.java:52)
	at shield.enus.com.nvidia.www.javatests.AddToCartTestCases.verifyRemoveProductFromCart(AddToCartTestCases.java:110)
	at sun.reflect.NativeMethodAccessorImpl.invoke0(Native Method)
	at sun.reflect.NativeMethodAccessorImpl.invoke(NativeMethodAccessorImpl.java:62)
	at sun.reflect.DelegatingMethodAccessorImpl.invoke(DelegatingMethodAccessorImpl.java:43)
	at java.lang.reflect.Method.invoke(Method.java:498)
	at org.testng.internal.MethodInvocationHelper.invokeMethod(MethodInvocationHelper.java:80)
	at org.testng.internal.Invoker.invokeMethod(Invoker.java:714)
	at org.testng.internal.Invoker.invokeTestMethod(Invoker.java:901)
	at org.testng.internal.Invoker.invokeTestMethods(Invoker.java:1231)
	at org.testng.internal.TestMethodWorker.invokeTestMethods(TestMethodWorker.java:127)
	at org.testng.internal.TestMethodWorker.run(TestMethodWorker.java:111)
	at org.testng.TestRunner.privateRun(TestRunner.java:767)
	at org.testng.TestRunner.run(TestRunner.java:617)
	at org.testng.SuiteRunner.runTest(SuiteRunner.java:334)
	at org.testng.SuiteRunner.runSequentially(SuiteRunner.java:329)
	at org.testng.SuiteRunner.privateRun(SuiteRunner.java:291)
	at org.testng.SuiteRunner.run(SuiteRunner.java:240)
	at org.testng.SuiteRunnerWorker.runSuite(SuiteRunnerWorker.java:52)
	at org.testng.SuiteRunnerWorker.run(SuiteRunnerWorker.java:86)
	at org.testng.TestNG.runSuitesSequentially(TestNG.java:1198)
	at org.testng.TestNG.runSuitesLocally(TestNG.java:1123)
	at org.testng.TestNG.run(TestNG.java:1031)
	at org.testng.remote.AbstractRemoteTestNG.run(AbstractRemoteTestNG.java:126)
	at org.testng.remote.RemoteTestNG.initAndRun(RemoteTestNG.java:152)
	at org.testng.remote.RemoteTestNG.main(RemoteTestNG.java:57)
]]>
            </full-stacktrace>
          </exception> <!-- java.lang.AssertionError -->
          <reporter-output>
            <line>
              <![CDATA[Remove functionalites not working exception]]>
            </line>
            <line>
              <![CDATA[refer this screenshot:C:\Users\gchand.NVIDIA.COM\.jenkins\workspace\shield2.1\shieldJan10th-gopi.zip_expanded\SanityChecks\screenshots removeProducts]]>
            </line>
          </reporter-output>
        </test-method> <!-- verifyRemoveProductFromCart -->
        <test-method status="FAIL" signature="verifyCartEmptymessage(java.lang.String)[pri:0, instance:shield.enus.com.nvidia.www.javatests.AddToCartTestCases@1e965684]" name="verifyCartEmptymessage" duration-ms="5237" started-at="2017-04-07T16:57:52Z" finished-at="2017-04-07T16:57:57Z">
          <params>
            <param index="0">
              <value>
                <![CDATA[5088794700]]>
              </value>
            </param>
          </params>
          <exception class="java.lang.AssertionError">
            <message>
              <![CDATA[expected [true] but found [false]]]>
            </message>
            <full-stacktrace>
              <![CDATA[java.lang.AssertionError: expected [true] but found [false]
	at org.testng.Assert.fail(Assert.java:94)
	at org.testng.Assert.failNotEquals(Assert.java:494)
	at org.testng.Assert.assertTrue(Assert.java:42)
	at org.testng.Assert.assertTrue(Assert.java:52)
	at shield.enus.com.nvidia.www.javatests.AddToCartTestCases.verifyCartEmptymessage(AddToCartTestCases.java:118)
	at sun.reflect.NativeMethodAccessorImpl.invoke0(Native Method)
	at sun.reflect.NativeMethodAccessorImpl.invoke(NativeMethodAccessorImpl.java:62)
	at sun.reflect.DelegatingMethodAccessorImpl.invoke(DelegatingMethodAccessorImpl.java:43)
	at java.lang.reflect.Method.invoke(Method.java:498)
	at org.testng.internal.MethodInvocationHelper.invokeMethod(MethodInvocationHelper.java:80)
	at org.testng.internal.Invoker.invokeMethod(Invoker.java:714)
	at org.testng.internal.Invoker.invokeTestMethod(Invoker.java:901)
	at org.testng.internal.Invoker.invokeTestMethods(Invoker.java:1231)
	at org.testng.internal.TestMethodWorker.invokeTestMethods(TestMethodWorker.java:127)
	at org.testng.internal.TestMethodWorker.run(TestMethodWorker.java:111)
	at org.testng.TestRunner.privateRun(TestRunner.java:767)
	at org.testng.TestRunner.run(TestRunner.java:617)
	at org.testng.SuiteRunner.runTest(SuiteRunner.java:334)
	at org.testng.SuiteRunner.runSequentially(SuiteRunner.java:329)
	at org.testng.SuiteRunner.privateRun(SuiteRunner.java:291)
	at org.testng.SuiteRunner.run(SuiteRunner.java:240)
	at org.testng.SuiteRunnerWorker.runSuite(SuiteRunnerWorker.java:52)
	at org.testng.SuiteRunnerWorker.run(SuiteRunnerWorker.java:86)
	at org.testng.TestNG.runSuitesSequentially(TestNG.java:1198)
	at org.testng.TestNG.runSuitesLocally(TestNG.java:1123)
	at org.testng.TestNG.run(TestNG.java:1031)
	at org.testng.remote.AbstractRemoteTestNG.run(AbstractRemoteTestNG.java:126)
	at org.testng.remote.RemoteTestNG.initAndRun(RemoteTestNG.java:152)
	at org.testng.remote.RemoteTestNG.main(RemoteTestNG.java:57)
]]>
            </full-stacktrace>
          </exception> <!-- java.lang.AssertionError -->
          <reporter-output>
            <line>
              <![CDATA[product has remvoed from cart]]>
            </line>
            <line>
              <![CDATA[Empty message is not showing, Exception ]]>
            </line>
            <line>
              <![CDATA[refer this screenshot:C:\Users\gchand.NVIDIA.COM\.jenkins\workspace\shield2.1\shieldJan10th-gopi.zip_expanded\SanityChecks\screenshots checkEmptyMessage]]>
            </line>
          </reporter-output>
        </test-method> <!-- verifyCartEmptymessage -->
        <test-method status="FAIL" signature="verifyCartClose()[pri:0, instance:shield.enus.com.nvidia.www.javatests.AddToCartTestCases@1e965684]" name="verifyCartClose" duration-ms="232" started-at="2017-04-07T16:57:57Z" finished-at="2017-04-07T16:57:57Z">
          <exception class="java.lang.AssertionError">
            <message>
              <![CDATA[expected [true] but found [false]]]>
            </message>
            <full-stacktrace>
              <![CDATA[java.lang.AssertionError: expected [true] but found [false]
	at org.testng.Assert.fail(Assert.java:94)
	at org.testng.Assert.failNotEquals(Assert.java:494)
	at org.testng.Assert.assertTrue(Assert.java:42)
	at org.testng.Assert.assertTrue(Assert.java:52)
	at shield.enus.com.nvidia.www.javatests.AddToCartTestCases.verifyCartClose(AddToCartTestCases.java:126)
	at sun.reflect.NativeMethodAccessorImpl.invoke0(Native Method)
	at sun.reflect.NativeMethodAccessorImpl.invoke(NativeMethodAccessorImpl.java:62)
	at sun.reflect.DelegatingMethodAccessorImpl.invoke(DelegatingMethodAccessorImpl.java:43)
	at java.lang.reflect.Method.invoke(Method.java:498)
	at org.testng.internal.MethodInvocationHelper.invokeMethod(MethodInvocationHelper.java:80)
	at org.testng.internal.Invoker.invokeMethod(Invoker.java:714)
	at org.testng.internal.Invoker.invokeTestMethod(Invoker.java:901)
	at org.testng.internal.Invoker.invokeTestMethods(Invoker.java:1231)
	at org.testng.internal.TestMethodWorker.invokeTestMethods(TestMethodWorker.java:127)
	at org.testng.internal.TestMethodWorker.run(TestMethodWorker.java:111)
	at org.testng.TestRunner.privateRun(TestRunner.java:767)
	at org.testng.TestRunner.run(TestRunner.java:617)
	at org.testng.SuiteRunner.runTest(SuiteRunner.java:334)
	at org.testng.SuiteRunner.runSequentially(SuiteRunner.java:329)
	at org.testng.SuiteRunner.privateRun(SuiteRunner.java:291)
	at org.testng.SuiteRunner.run(SuiteRunner.java:240)
	at org.testng.SuiteRunnerWorker.runSuite(SuiteRunnerWorker.java:52)
	at org.testng.SuiteRunnerWorker.run(SuiteRunnerWorker.java:86)
	at org.testng.TestNG.runSuitesSequentially(TestNG.java:1198)
	at org.testng.TestNG.runSuitesLocally(TestNG.java:1123)
	at org.testng.TestNG.run(TestNG.java:1031)
	at org.testng.remote.AbstractRemoteTestNG.run(AbstractRemoteTestNG.java:126)
	at org.testng.remote.RemoteTestNG.initAndRun(RemoteTestNG.java:152)
	at org.testng.remote.RemoteTestNG.main(RemoteTestNG.java:57)
]]>
            </full-stacktrace>
          </exception> <!-- java.lang.AssertionError -->
          <reporter-output>
            <line>
              <![CDATA[ Cart pop-up clsoing issue]]>
            </line>
            <line>
              <![CDATA[refer this screenshot:C:\Users\gchand.NVIDIA.COM\.jenkins\workspace\shield2.1\shieldJan10th-gopi.zip_expanded\SanityChecks\screenshots CheckCartOverlayClose]]>
            </line>
          </reporter-output>
        </test-method> <!-- verifyCartClose -->
      </class> <!-- shield.enus.com.nvidia.www.javatests.AddToCartTestCases -->
      <class name="shield.enus.com.nvidia.www.javatests.StartBrowser">
        <test-method status="PASS" signature="browserInitiation(java.lang.String, java.lang.String)[pri:0, instance:shield.enus.com.nvidia.www.javatests.StartBrowser@53f65459]" name="browserInitiation" is-config="true" duration-ms="3716" started-at="2017-04-07T16:57:46Z" finished-at="2017-04-07T16:57:49Z">
          <params>
            <param index="0">
              <value>
                <![CDATA[firefox]]>
              </value>
            </param>
            <param index="1">
              <value>
                <![CDATA[hhttps://www.nvidia.de/shield/smart-home/]]>
              </value>
            </param>
          </params>
          <reporter-output>
            <line>
              <![CDATA[browserInitialization exception]]>
            </line>
            <line>
              <![CDATA[shieldHomWebElementInitialization successful]]>
            </line>
            <line>
              <![CDATA[digitalriverWebElements successful]]>
            </line>
            <line>
              <![CDATA[gcDRWebElements successful]]>
            </line>
          </reporter-output>
        </test-method> <!-- browserInitiation -->
      </class> <!-- shield.enus.com.nvidia.www.javatests.StartBrowser -->
      <class name="shield.enus.com.nvidia.www.javatests.CloseBrowser">
        <test-method status="FAIL" signature="closeBrowser()[pri:0, instance:shield.enus.com.nvidia.www.javatests.CloseBrowser@4d95d2a2]" name="closeBrowser" is-config="true" duration-ms="0" started-at="2017-04-07T16:57:57Z" finished-at="2017-04-07T16:57:57Z">
          <exception class="org.openqa.selenium.NoSuchSessionException">
            <message>
              <![CDATA[Session ID is null. Using WebDriver after calling quit()?
Build info: version: '3.0.1', revision: '1969d75', time: '2016-10-18 09:49:13 -0700'
System info: host: 'GCHAND-DT', ip: '10.24.35.10', os.name: 'Windows 10', os.arch: 'amd64', os.version: '10.0', java.version: '1.8.0_121'
Driver info: driver.version: RemoteWebDriver]]>
            </message>
            <full-stacktrace>
              <![CDATA[org.openqa.selenium.NoSuchSessionException: Session ID is null. Using WebDriver after calling quit()?
Build info: version: '3.0.1', revision: '1969d75', time: '2016-10-18 09:49:13 -0700'
System info: host: 'GCHAND-DT', ip: '10.24.35.10', os.name: 'Windows 10', os.arch: 'amd64', os.version: '10.0', java.version: '1.8.0_121'
Driver info: driver.version: RemoteWebDriver
	at org.openqa.selenium.remote.HttpCommandExecutor.execute(HttpCommandExecutor.java:130)
	at org.openqa.selenium.remote.service.DriverCommandExecutor.execute(DriverCommandExecutor.java:82)
	at org.openqa.selenium.remote.RemoteWebDriver.execute(RemoteWebDriver.java:601)
	at org.openqa.selenium.remote.RemoteWebDriver.execute(RemoteWebDriver.java:658)
	at org.openqa.selenium.remote.RemoteWebDriver.close(RemoteWebDriver.java:487)
	at shield.enus.com.nvidia.www.javatests.CloseBrowser.closeBrowser(CloseBrowser.java:14)
	at sun.reflect.NativeMethodAccessorImpl.invoke0(Native Method)
	at sun.reflect.NativeMethodAccessorImpl.invoke(NativeMethodAccessorImpl.java:62)
	at sun.reflect.DelegatingMethodAccessorImpl.invoke(DelegatingMethodAccessorImpl.java:43)
	at java.lang.reflect.Method.invoke(Method.java:498)
	at org.testng.internal.MethodInvocationHelper.invokeMethod(MethodInvocationHelper.java:80)
	at org.testng.internal.Invoker.invokeConfigurationMethod(Invoker.java:564)
	at org.testng.internal.Invoker.invokeConfigurations(Invoker.java:213)
	at org.testng.internal.Invoker.invokeConfigurations(Invoker.java:138)
	at org.testng.TestRunner.afterRun(TestRunner.java:1021)
	at org.testng.TestRunner.run(TestRunner.java:621)
	at org.testng.SuiteRunner.runTest(SuiteRunner.java:334)
	at org.testng.SuiteRunner.runSequentially(SuiteRunner.java:329)
	at org.testng.SuiteRunner.privateRun(SuiteRunner.java:291)
	at org.testng.SuiteRunner.run(SuiteRunner.java:240)
	at org.testng.SuiteRunnerWorker.runSuite(SuiteRunnerWorker.java:52)
	at org.testng.SuiteRunnerWorker.run(SuiteRunnerWorker.java:86)
	at org.testng.TestNG.runSuitesSequentially(TestNG.java:1198)
	at org.testng.TestNG.runSuitesLocally(TestNG.java:1123)
	at org.testng.TestNG.run(TestNG.java:1031)
	at org.testng.remote.AbstractRemoteTestNG.run(AbstractRemoteTestNG.java:126)
	at org.testng.remote.RemoteTestNG.initAndRun(RemoteTestNG.java:152)
	at org.testng.remote.RemoteTestNG.main(RemoteTestNG.java:57)
]]>
            </full-stacktrace>
          </exception> <!-- org.openqa.selenium.NoSuchSessionException -->
          <reporter-output>
          </reporter-output>
        </test-method> <!-- closeBrowser -->
      </class> <!-- shield.enus.com.nvidia.www.javatests.CloseBrowser -->
    </test> <!-- AI HOME Page, SHIELD  pro product -->
  </suite> <!-- SHILED Add to cart flows validation in DE locale -->
</testng-results>
