<?xml version="1.0" encoding="UTF-8"?>
<!-- Generated by org.testng.reporters.JUnitXMLReporter -->
<testsuite hostname="GCHAND-DT" ignored="2" name="Shield Home Page, SHIELD  Tablet K1" tests="13" failures="13" timestamp="18 Apr 2017 13:45:45 GMT" time="35.647" errors="0">
  <testcase name="addProductToCart" time="1.083" classname="shield.enus.com.nvidia.www.javatests.AddToCartTestCases">
    <failure type="java.lang.AssertionError" message="expected [true] but found [false]">
      <![CDATA[java.lang.AssertionError: expected [true] but found [false]
	at shield.enus.com.nvidia.www.javatests.AddToCartTestCases.addProductToCart(AddToCartTestCases.java:34)
... Removed 31 stack frames]]>
    </failure>
  </testcase> <!-- addProductToCart -->
  <testcase name="verifyButtonText" time="1.025" classname="shield.enus.com.nvidia.www.javatests.AddToCartTestCases">
    <failure type="java.lang.AssertionError" message="expected [true] but found [false]">
      <![CDATA[java.lang.AssertionError: expected [true] but found [false]
	at shield.enus.com.nvidia.www.javatests.AddToCartTestCases.verifyButtonText(AddToCartTestCases.java:43)
... Removed 31 stack frames]]>
    </failure>
  </testcase> <!-- verifyButtonText -->
  <testcase name="verifyPrice" time="1.0" classname="shield.enus.com.nvidia.www.javatests.AddToCartTestCases">
    <failure type="java.lang.AssertionError" message="expected [true] but found [false]">
      <![CDATA[java.lang.AssertionError: expected [true] but found [false]
	at shield.enus.com.nvidia.www.javatests.AddToCartTestCases.verifyPrice(AddToCartTestCases.java:51)
... Removed 31 stack frames]]>
    </failure>
  </testcase> <!-- verifyPrice -->
  <testcase name="verifyCartOverLayPopup" time="1.053" classname="shield.enus.com.nvidia.www.javatests.AddToCartTestCases">
    <failure type="java.lang.AssertionError" message="expected [true] but found [false]">
      <![CDATA[java.lang.AssertionError: expected [true] but found [false]
	at shield.enus.com.nvidia.www.javatests.AddToCartTestCases.verifyCartOverLayPopup(AddToCartTestCases.java:61)
... Removed 31 stack frames]]>
    </failure>
  </testcase> <!-- verifyCartOverLayPopup -->
  <testcase name="verifyProductAddedToCart" time="0.007" classname="shield.enus.com.nvidia.www.javatests.AddToCartTestCases">
    <failure type="java.lang.AssertionError" message="expected [true] but found [false]">
      <![CDATA[java.lang.AssertionError: expected [true] but found [false]
	at shield.enus.com.nvidia.www.javatests.AddToCartTestCases.verifyProductAddedToCart(AddToCartTestCases.java:70)
... Removed 31 stack frames]]>
    </failure>
  </testcase> <!-- verifyProductAddedToCart -->
  <testcase name="verifyCartTotalAmout" time="0.985" classname="shield.enus.com.nvidia.www.javatests.AddToCartTestCases">
    <failure type="java.lang.AssertionError" message="expected [true] but found [false]">
      <![CDATA[java.lang.AssertionError: expected [true] but found [false]
	at shield.enus.com.nvidia.www.javatests.AddToCartTestCases.verifyCartTotalAmout(AddToCartTestCases.java:78)
... Removed 31 stack frames]]>
    </failure>
  </testcase> <!-- verifyCartTotalAmout -->
  <testcase name="verifyCartSubTotal" time="1.263" classname="shield.enus.com.nvidia.www.javatests.AddToCartTestCases">
    <failure type="java.lang.AssertionError" message="expected [true] but found [false]">
      <![CDATA[java.lang.AssertionError: expected [true] but found [false]
	at shield.enus.com.nvidia.www.javatests.AddToCartTestCases.verifyCartSubTotal(AddToCartTestCases.java:87)
... Removed 31 stack frames]]>
    </failure>
  </testcase> <!-- verifyCartSubTotal -->
  <testcase name="verifyCartCounterUpdate" time="0.013" classname="shield.enus.com.nvidia.www.javatests.AddToCartTestCases">
    <failure type="java.lang.AssertionError" message="expected [true] but found [false]">
      <![CDATA[java.lang.AssertionError: expected [true] but found [false]
	at shield.enus.com.nvidia.www.javatests.AddToCartTestCases.verifyCartCounterUpdate(AddToCartTestCases.java:94)
... Removed 31 stack frames]]>
    </failure>
  </testcase> <!-- verifyCartCounterUpdate -->
  <testcase name="verifyCartProductCountIncrease" time="6.201" classname="shield.enus.com.nvidia.www.javatests.AddToCartTestCases">
    <failure type="java.lang.AssertionError" message="expected [true] but found [false]">
      <![CDATA[java.lang.AssertionError: expected [true] but found [false]
	at shield.enus.com.nvidia.www.javatests.AddToCartTestCases.verifyCartProductCountIncrease(AddToCartTestCases.java:102)
... Removed 31 stack frames]]>
    </failure>
  </testcase> <!-- verifyCartProductCountIncrease -->
  <testcase name="verifyCartProductCountDeCrease" time="5.977" classname="shield.enus.com.nvidia.www.javatests.AddToCartTestCases">
    <failure type="java.lang.AssertionError" message="expected [true] but found [false]">
      <![CDATA[java.lang.AssertionError: expected [true] but found [false]
	at shield.enus.com.nvidia.www.javatests.AddToCartTestCases.verifyCartProductCountDeCrease(AddToCartTestCases.java:110)
... Removed 31 stack frames]]>
    </failure>
  </testcase> <!-- verifyCartProductCountDeCrease -->
  <testcase name="verifyRemoveProductFromCart" time="1.022" classname="shield.enus.com.nvidia.www.javatests.AddToCartTestCases">
    <failure type="java.lang.AssertionError" message="expected [true] but found [false]">
      <![CDATA[java.lang.AssertionError: expected [true] but found [false]
	at shield.enus.com.nvidia.www.javatests.AddToCartTestCases.verifyRemoveProductFromCart(AddToCartTestCases.java:119)
... Removed 31 stack frames]]>
    </failure>
  </testcase> <!-- verifyRemoveProductFromCart -->
  <testcase name="verifyCartEmptymessage" time="5.95" classname="shield.enus.com.nvidia.www.javatests.AddToCartTestCases">
    <failure type="java.lang.AssertionError" message="expected [true] but found [false]">
      <![CDATA[java.lang.AssertionError: expected [true] but found [false]
	at shield.enus.com.nvidia.www.javatests.AddToCartTestCases.verifyCartEmptymessage(AddToCartTestCases.java:127)
... Removed 31 stack frames]]>
    </failure>
  </testcase> <!-- verifyCartEmptymessage -->
  <testcase name="verifyCartClose" time="0.962" classname="shield.enus.com.nvidia.www.javatests.AddToCartTestCases">
    <failure type="java.lang.AssertionError" message="expected [true] but found [false]">
      <![CDATA[java.lang.AssertionError: expected [true] but found [false]
	at shield.enus.com.nvidia.www.javatests.AddToCartTestCases.verifyCartClose(AddToCartTestCases.java:135)
... Removed 31 stack frames]]>
    </failure>
  </testcase> <!-- verifyCartClose -->
  <testcase name="specificProductCheckout" time="0.0" classname="shield.enus.com.nvidia.www.javatests.AddToCartTestCases">
    <ignored/>
  </testcase> <!-- specificProductCheckout -->
  <testcase name="verifyCheckout" time="0.0" classname="shield.enus.com.nvidia.www.javatests.AddToCartTestCases">
    <ignored/>
  </testcase> <!-- verifyCheckout -->
</testsuite> <!-- Shield Home Page, SHIELD  Tablet K1 -->
